TN:
SF:src/App.tsx
FN:41,(anonymous_0)
FN:60,(anonymous_1)
FN:61,(anonymous_2)
FN:62,(anonymous_3)
FN:73,(anonymous_4)
FN:79,(anonymous_5)
FN:120,(anonymous_6)
FN:121,(anonymous_7)
FNF:8
FNH:6
FNDA:2,(anonymous_0)
FNDA:2,(anonymous_1)
FNDA:4,(anonymous_2)
FNDA:4,(anonymous_3)
FNDA:0,(anonymous_4)
FNDA:0,(anonymous_5)
FNDA:2,(anonymous_6)
FNDA:2,(anonymous_7)
DA:41,1
DA:42,2
DA:43,2
DA:44,2
DA:45,2
DA:46,2
DA:47,2
DA:48,2
DA:49,2
DA:50,2
DA:53,1
DA:60,1
DA:61,4
DA:62,4
DA:63,2
DA:69,2
DA:70,2
DA:73,2
DA:79,2
DA:80,0
DA:81,0
DA:82,0
DA:83,0
DA:84,0
DA:86,0
DA:87,0
DA:90,2
DA:113,1
DA:120,1
DA:121,2
DA:123,2
DA:138,1
LF:32
LH:25
BRDA:82,0,0,0
BRDA:82,0,1,0
BRDA:82,1,0,0
BRDA:82,1,1,0
BRF:4
BRH:0
end_of_record
TN:
SF:src/components/atoms/Avatar.tsx
FN:26,(anonymous_0)
FN:44,(anonymous_1)
FN:64,(anonymous_2)
FN:107,(anonymous_3)
FNF:4
FNH:4
FNDA:34,(anonymous_0)
FNDA:34,(anonymous_1)
FNDA:34,(anonymous_2)
FNDA:34,(anonymous_3)
DA:26,8
DA:27,34
DA:35,34
DA:44,8
DA:45,34
DA:47,34
DA:48,2
DA:51,32
DA:52,0
DA:55,32
DA:64,8
DA:71,34
DA:72,34
DA:73,34
DA:75,34
DA:98,8
DA:107,8
DA:108,34
LF:18
LH:17
BRDA:47,0,0,2
BRDA:47,0,1,32
BRDA:51,1,0,0
BRDA:51,1,1,32
BRDA:67,2,0,0
BRDA:68,3,0,34
BRDA:77,4,0,0
BRDA:77,4,1,34
BRDA:91,5,0,0
BRDA:91,5,1,34
BRF:10
BRH:6
end_of_record
TN:
SF:src/components/atoms/Badge.tsx
FN:60,(anonymous_0)
FN:83,(anonymous_1)
FN:120,(anonymous_2)
FNF:3
FNH:3
FNDA:1,(anonymous_0)
FNDA:1,(anonymous_1)
FNDA:1,(anonymous_2)
DA:30,8
DA:60,8
DA:64,1
DA:65,1
DA:71,0
DA:83,8
DA:90,1
DA:91,1
DA:92,1
DA:93,1
DA:100,1
DA:109,8
DA:120,8
DA:126,1
LF:14
LH:13
BRDA:64,0,0,1
BRDA:64,0,1,0
BRDA:85,1,0,0
BRDA:86,2,0,0
BRDA:102,3,0,1
BRDA:102,3,1,0
BRF:6
BRH:2
end_of_record
TN:
SF:src/components/atoms/Button.tsx
FN:46,(anonymous_0)
FN:84,(anonymous_1)
FN:100,(anonymous_2)
FN:116,(anonymous_3)
FN:137,(anonymous_4)
FN:169,(anonymous_5)
FNF:6
FNH:6
FNDA:4,(anonymous_0)
FNDA:4,(anonymous_1)
FNDA:4,(anonymous_2)
FNDA:4,(anonymous_3)
FNDA:4,(anonymous_4)
FNDA:4,(anonymous_5)
DA:46,9
DA:47,4
DA:74,4
DA:84,9
DA:85,4
DA:90,4
DA:100,9
DA:101,4
DA:107,4
DA:116,9
DA:128,4
DA:129,4
DA:130,4
DA:132,4
DA:137,4
DA:158,9
DA:169,9
DA:175,4
LF:18
LH:18
BRDA:119,0,0,4
BRDA:120,1,0,4
BRDA:121,2,0,3
BRDA:122,3,0,3
BRDA:130,4,0,4
BRDA:130,4,1,3
BRDA:135,5,0,4
BRDA:135,5,1,3
BRDA:139,6,0,4
BRDA:139,6,1,0
BRDA:143,7,0,1
BRDA:143,7,1,3
BRDA:147,8,0,0
BRDA:147,8,1,3
BRDA:151,9,0,0
BRDA:151,9,1,3
BRDA:184,10,0,2
BRDA:184,10,1,2
BRF:18
BRH:15
end_of_record
TN:
SF:src/components/atoms/Divider.tsx
FN:24,(anonymous_0)
FN:61,(anonymous_1)
FNF:2
FNH:2
FNDA:2,(anonymous_0)
FNDA:2,(anonymous_1)
DA:24,8
DA:30,2
DA:31,2
DA:33,2
DA:34,0
DA:37,2
DA:38,2
DA:41,0
DA:52,8
DA:61,8
DA:62,2
LF:11
LH:9
BRDA:25,0,0,2
BRDA:33,1,0,0
BRDA:33,1,1,2
BRDA:37,2,0,2
BRDA:37,2,1,0
BRDA:70,3,0,0
BRDA:70,3,1,2
BRF:7
BRH:4
end_of_record
TN:
SF:src/components/atoms/Icon.tsx
FN:26,(anonymous_0)
FN:44,(anonymous_1)
FN:73,(anonymous_2)
FNF:3
FNH:3
FNDA:209,(anonymous_0)
FNDA:209,(anonymous_1)
FNDA:209,(anonymous_2)
DA:26,8
DA:27,209
DA:35,209
DA:44,8
DA:51,209
DA:52,209
DA:54,209
DA:65,8
DA:73,8
DA:74,209
LF:10
LH:10
BRDA:46,0,0,0
BRDA:47,1,0,0
BRF:2
BRH:0
end_of_record
TN:
SF:src/components/atoms/Input.tsx
FN:37,(anonymous_0)
FN:60,(anonymous_1)
FN:77,(anonymous_2)
FN:81,(anonymous_3)
FN:97,(anonymous_4)
FN:97,(anonymous_5)
FN:134,(anonymous_6)
FNF:7
FNH:3
FNDA:100,(anonymous_0)
FNDA:40,(anonymous_1)
FNDA:0,(anonymous_2)
FNDA:0,(anonymous_3)
FNDA:0,(anonymous_4)
FNDA:0,(anonymous_5)
FNDA:40,(anonymous_6)
DA:37,8
DA:51,100
DA:52,100
DA:53,100
DA:55,100
DA:56,100
DA:57,100
DA:59,100
DA:60,40
DA:64,100
DA:78,0
DA:79,0
DA:82,0
DA:83,0
DA:97,0
DA:124,8
DA:134,8
DA:135,40
DA:141,40
DA:143,40
LF:20
LH:15
BRDA:44,0,0,50
BRDA:56,1,0,100
BRDA:56,1,1,50
BRDA:57,2,0,100
BRDA:57,2,1,50
BRDA:66,3,0,100
BRDA:66,3,1,0
BRDA:73,4,0,100
BRDA:73,4,1,0
BRDA:91,5,0,50
BRDA:91,5,1,50
BRDA:94,6,0,0
BRDA:94,6,1,50
BRDA:102,7,0,0
BRDA:102,7,1,50
BRDA:106,8,0,0
BRDA:106,8,1,50
BRDA:111,9,0,6
BRDA:111,9,1,94
BRDA:115,10,0,0
BRDA:115,10,1,94
BRDA:135,11,0,6
BRDA:135,11,1,34
BRDA:137,12,0,0
BRDA:137,12,1,34
BRDA:141,13,0,6
BRDA:141,13,1,34
BRDA:141,14,0,40
BRDA:141,14,1,40
BRF:29
BRH:22
end_of_record
TN:
SF:src/components/atoms/Skeleton.tsx
FN:28,(anonymous_0)
FN:38,(anonymous_1)
FN:58,(anonymous_2)
FN:64,(anonymous_3)
FN:86,(anonymous_4)
FNF:5
FNH:5
FNDA:60,(anonymous_0)
FNDA:48,(anonymous_1)
FNDA:48,(anonymous_2)
FNDA:48,(anonymous_3)
FNDA:48,(anonymous_4)
DA:28,8
DA:35,60
DA:36,60
DA:38,60
DA:39,48
DA:56,48
DA:58,48
DA:59,48
DA:63,60
DA:64,48
DA:68,60
DA:76,8
DA:86,8
DA:87,48
LF:14
LH:14
BRDA:29,0,0,0
BRDA:64,1,0,48
BRDA:64,1,1,0
BRDA:90,2,0,48
BRDA:90,2,1,48
BRF:5
BRH:3
end_of_record
TN:
SF:src/components/atoms/Text.tsx
FN:36,(anonymous_0)
FN:80,(anonymous_1)
FN:108,(anonymous_2)
FNF:3
FNH:3
FNDA:537,(anonymous_0)
FNDA:537,(anonymous_1)
FNDA:537,(anonymous_2)
DA:36,9
DA:43,537
DA:71,537
DA:80,9
DA:88,537
DA:89,537
DA:91,537
DA:98,9
DA:108,9
DA:113,537
LF:10
LH:10
BRDA:81,0,0,243
BRDA:82,1,0,243
BRF:2
BRH:2
end_of_record
TN:
SF:src/components/atoms/index.ts
FNF:0
FNH:0
LF:0
LH:0
BRF:0
BRH:0
end_of_record
TN:
SF:src/components/molecules/CallCard.tsx
FN:36,(anonymous_0)
FN:56,(anonymous_1)
FN:78,(anonymous_2)
FN:103,(anonymous_3)
FN:116,(anonymous_4)
FN:124,(anonymous_5)
FN:133,(anonymous_6)
FN:186,(anonymous_7)
FN:197,(anonymous_8)
FN:218,(anonymous_9)
FNF:10
FNH:0
FNDA:0,(anonymous_0)
FNDA:0,(anonymous_1)
FNDA:0,(anonymous_2)
FNDA:0,(anonymous_3)
FNDA:0,(anonymous_4)
FNDA:0,(anonymous_5)
FNDA:0,(anonymous_6)
FNDA:0,(anonymous_7)
FNDA:0,(anonymous_8)
FNDA:0,(anonymous_9)
DA:36,3
DA:37,0
DA:38,0
DA:41,0
DA:44,0
DA:47,0
DA:56,3
DA:59,0
DA:60,0
DA:62,0
DA:63,0
DA:65,0
DA:66,0
DA:68,0
DA:78,3
DA:82,0
DA:83,0
DA:85,0
DA:86,0
DA:88,0
DA:89,0
DA:91,0
DA:92,0
DA:94,0
DA:103,3
DA:113,0
DA:114,0
DA:115,0
DA:116,0
DA:118,0
DA:120,0
DA:124,0
DA:125,0
DA:133,0
DA:134,0
DA:142,0
DA:186,0
DA:197,0
DA:210,3
DA:218,3
DA:219,0
LF:41
LH:6
BRDA:37,0,0,0
BRDA:37,0,1,0
BRDA:59,1,0,0
BRDA:59,1,1,0
BRDA:62,2,0,0
BRDA:62,2,1,0
BRDA:65,3,0,0
BRDA:65,3,1,0
BRDA:65,4,0,0
BRDA:65,4,1,0
BRDA:82,5,0,0
BRDA:82,5,1,0
BRDA:85,6,0,0
BRDA:85,6,1,0
BRDA:88,7,0,0
BRDA:88,7,1,0
BRDA:91,8,0,0
BRDA:91,8,1,0
BRDA:118,9,0,0
BRDA:118,9,1,0
BRDA:120,10,0,0
BRDA:120,10,1,0
BRDA:166,11,0,0
BRDA:166,11,1,0
BRF:24
BRH:0
end_of_record
TN:
SF:src/components/molecules/CorridaStatusBadge.tsx
FN:25,(anonymous_0)
FN:33,(anonymous_1)
FNF:2
FNH:2
FNDA:5,(anonymous_0)
FNDA:3,(anonymous_1)
DA:25,2
DA:29,5
DA:30,5
DA:31,5
DA:32,5
DA:34,3
DA:50,5
DA:57,2
LF:8
LH:8
BRDA:27,0,0,0
BRF:1
BRH:0
end_of_record
TN:
SF:src/components/molecules/MapboxContainer.tsx
FNF:0
FNH:0
DA:66,3
DA:68,3
DA:70,3
DA:79,1
DA:80,0
DA:83,1
DA:92,3
LF:7
LH:6
BRDA:79,0,0,0
BRDA:79,0,1,1
BRF:2
BRH:1
end_of_record
TN:
SF:src/components/molecules/MessageBubble.tsx
FN:35,(anonymous_0)
FN:65,(anonymous_1)
FN:86,(anonymous_2)
FN:99,(anonymous_3)
FN:103,(anonymous_4)
FN:112,(anonymous_5)
FN:126,(anonymous_6)
FN:174,(anonymous_7)
FNF:8
FNH:5
FNDA:9,(anonymous_0)
FNDA:5,(anonymous_1)
FNDA:9,(anonymous_2)
FNDA:9,(anonymous_3)
FNDA:0,(anonymous_4)
FNDA:0,(anonymous_5)
FNDA:0,(anonymous_6)
FNDA:9,(anonymous_7)
DA:35,4
DA:39,9
DA:40,6
DA:43,3
DA:44,1
DA:47,2
DA:48,1
DA:51,1
DA:52,1
DA:55,0
DA:65,4
DA:69,5
DA:77,5
DA:86,4
DA:94,9
DA:95,9
DA:96,9
DA:98,9
DA:99,9
DA:103,9
DA:104,0
DA:112,9
DA:113,0
DA:121,9
DA:126,0
DA:165,4
DA:174,4
DA:175,9
LF:28
LH:24
BRDA:39,0,0,6
BRDA:39,0,1,3
BRDA:43,1,0,1
BRDA:43,1,1,2
BRDA:44,2,0,1
BRDA:44,2,1,0
BRDA:47,3,0,1
BRDA:47,3,1,1
BRDA:48,4,0,1
BRDA:48,4,1,0
BRDA:51,5,0,1
BRDA:51,5,1,0
BRDA:52,6,0,1
BRDA:52,6,1,0
BRDA:132,7,0,5
BRDA:132,7,1,4
BRDA:138,8,0,5
BRDA:138,8,1,4
BRDA:143,9,0,5
BRDA:143,9,1,4
BRDA:147,10,0,0
BRDA:147,10,1,5
BRDA:150,11,0,0
BRDA:150,11,1,5
BRDA:177,12,0,5
BRDA:177,12,1,4
BRDA:181,13,0,5
BRDA:181,13,1,4
BRDA:186,14,0,5
BRDA:186,14,1,4
BRDA:196,15,0,5
BRDA:196,15,1,4
BRF:32
BRH:26
end_of_record
TN:
SF:src/components/molecules/NotificationItem.tsx
FN:41,(anonymous_0)
FN:65,(anonymous_1)
FN:87,(anonymous_2)
FN:112,(anonymous_3)
FN:125,(anonymous_4)
FN:130,(anonymous_5)
FN:132,(anonymous_6)
FN:136,(anonymous_7)
FN:144,(anonymous_8)
FN:154,(anonymous_9)
FN:179,(anonymous_10)
FN:218,(anonymous_11)
FNF:12
FNH:0
FNDA:0,(anonymous_0)
FNDA:0,(anonymous_1)
FNDA:0,(anonymous_2)
FNDA:0,(anonymous_3)
FNDA:0,(anonymous_4)
FNDA:0,(anonymous_5)
FNDA:0,(anonymous_6)
FNDA:0,(anonymous_7)
FNDA:0,(anonymous_8)
FNDA:0,(anonymous_9)
FNDA:0,(anonymous_10)
FNDA:0,(anonymous_11)
DA:41,3
DA:44,0
DA:45,0
DA:47,0
DA:48,0
DA:50,0
DA:51,0
DA:53,0
DA:54,0
DA:56,0
DA:65,3
DA:68,0
DA:69,0
DA:71,0
DA:72,0
DA:74,0
DA:75,0
DA:77,0
DA:87,3
DA:91,0
DA:92,0
DA:94,0
DA:95,0
DA:97,0
DA:98,0
DA:100,0
DA:101,0
DA:103,0
DA:112,3
DA:120,0
DA:121,0
DA:122,0
DA:124,0
DA:125,0
DA:129,0
DA:131,0
DA:135,0
DA:140,0
DA:141,0
DA:148,0
DA:149,0
DA:155,0
DA:157,0
DA:160,0
DA:171,0
DA:179,0
DA:209,3
DA:218,3
DA:219,0
LF:49
LH:6
BRDA:44,0,0,0
BRDA:44,0,1,0
BRDA:47,1,0,0
BRDA:47,1,1,0
BRDA:50,2,0,0
BRDA:50,2,1,0
BRDA:53,3,0,0
BRDA:53,3,1,0
BRDA:68,4,0,0
BRDA:68,4,1,0
BRDA:71,5,0,0
BRDA:71,5,1,0
BRDA:74,6,0,0
BRDA:74,6,1,0
BRDA:91,7,0,0
BRDA:91,7,1,0
BRDA:94,8,0,0
BRDA:94,8,1,0
BRDA:97,9,0,0
BRDA:97,9,1,0
BRDA:100,10,0,0
BRDA:100,10,1,0
BRDA:140,11,0,0
BRDA:140,11,1,0
BRDA:148,12,0,0
BRDA:148,12,1,0
BRDA:225,13,0,0
BRDA:225,13,1,0
BRF:28
BRH:0
end_of_record
TN:
SF:src/components/molecules/QuickActionCard.tsx
FN:33,(anonymous_0)
FN:44,(anonymous_1)
FN:46,(anonymous_2)
FN:55,(anonymous_3)
FN:101,(anonymous_4)
FNF:5
FNH:3
FNDA:54,(anonymous_0)
FNDA:54,(anonymous_1)
FNDA:0,(anonymous_2)
FNDA:0,(anonymous_3)
FNDA:54,(anonymous_4)
DA:33,3
DA:42,54
DA:43,54
DA:44,54
DA:46,54
DA:47,0
DA:55,54
DA:56,0
DA:64,54
DA:93,3
DA:101,3
DA:102,54
LF:12
LH:10
BRDA:40,0,0,54
BRDA:78,1,0,0
BRDA:78,1,1,54
BRDA:78,2,0,54
BRDA:78,2,1,0
BRDA:83,3,0,0
BRDA:83,3,1,54
BRDA:83,4,0,54
BRDA:83,4,1,0
BRF:9
BRH:5
end_of_record
TN:
SF:src/components/molecules/RideCard.tsx
FN:31,(anonymous_0)
FN:57,(anonymous_1)
FNF:2
FNH:0
FNDA:0,(anonymous_0)
FNDA:0,(anonymous_1)
DA:31,0
DA:37,0
DA:38,0
DA:39,0
DA:40,0
DA:42,0
DA:43,0
DA:48,0
DA:53,0
DA:57,0
DA:122,0
LF:11
LH:0
BRDA:34,0,0,0
BRDA:58,1,0,0
BRDA:58,1,1,0
BRDA:59,2,0,0
BRDA:59,2,1,0
BRDA:84,3,0,0
BRDA:84,3,1,0
BRDA:99,4,0,0
BRDA:99,4,1,0
BRF:9
BRH:0
end_of_record
TN:
SF:src/components/molecules/RoleTabBar.tsx
FN:62,(anonymous_0)
FN:75,(anonymous_1)
FN:79,(anonymous_2)
FN:89,(anonymous_3)
FN:137,(anonymous_4)
FNF:5
FNH:0
FNDA:0,(anonymous_0)
FNDA:0,(anonymous_1)
FNDA:0,(anonymous_2)
FNDA:0,(anonymous_3)
FNDA:0,(anonymous_4)
DA:20,1
DA:21,1
DA:22,1
DA:23,1
DA:29,1
DA:62,1
DA:68,0
DA:69,0
DA:70,0
DA:71,0
DA:75,0
DA:77,0
DA:80,0
DA:81,0
DA:86,0
DA:87,0
DA:89,0
DA:90,0
DA:95,0
DA:96,0
DA:100,0
DA:134,1
DA:137,1
DA:138,0
LF:24
LH:8
BRDA:66,0,0,0
BRDA:81,1,0,0
BRDA:81,1,1,0
BRDA:87,2,0,0
BRDA:87,2,1,0
BRDA:95,3,0,0
BRDA:95,3,1,0
BRDA:95,4,0,0
BRDA:95,4,1,0
BRDA:109,5,0,0
BRDA:109,5,1,0
BRDA:112,6,0,0
BRDA:112,6,1,0
BRDA:113,7,0,0
BRDA:113,7,1,0
BRDA:116,8,0,0
BRDA:116,8,1,0
BRDA:119,9,0,0
BRDA:119,9,1,0
BRDA:124,10,0,0
BRDA:124,10,1,0
BRDA:143,11,0,0
BRDA:143,11,1,0
BRDA:144,12,0,0
BRDA:144,12,1,0
BRF:25
BRH:0
end_of_record
TN:
SF:src/components/molecules/RouteInfoRow.tsx
FN:32,(anonymous_0)
FN:43,(anonymous_1)
FNF:2
FNH:2
FNDA:10,(anonymous_0)
FNDA:6,(anonymous_1)
DA:32,2
DA:39,10
DA:40,10
DA:42,10
DA:44,6
DA:67,10
DA:84,2
LF:7
LH:7
BRDA:36,0,0,10
BRDA:70,1,0,5
BRDA:70,1,1,5
BRDA:72,2,0,5
BRDA:72,2,1,5
BRF:5
BRH:5
end_of_record
TN:
SF:src/components/molecules/SearchBar.tsx
FN:34,(anonymous_0)
FN:49,(anonymous_1)
FN:53,(anonymous_2)
FN:54,(anonymous_3)
FN:58,(anonymous_4)
FN:63,(anonymous_5)
FN:72,(anonymous_6)
FN:74,(anonymous_7)
FN:93,(anonymous_8)
FN:104,(anonymous_9)
FN:116,(anonymous_10)
FN:145,(anonymous_11)
FNF:12
FNH:0
FNDA:0,(anonymous_0)
FNDA:0,(anonymous_1)
FNDA:0,(anonymous_2)
FNDA:0,(anonymous_3)
FNDA:0,(anonymous_4)
FNDA:0,(anonymous_5)
FNDA:0,(anonymous_6)
FNDA:0,(anonymous_7)
FNDA:0,(anonymous_8)
FNDA:0,(anonymous_9)
FNDA:0,(anonymous_10)
FNDA:0,(anonymous_11)
DA:34,3
DA:43,0
DA:44,0
DA:45,0
DA:46,0
DA:47,0
DA:49,0
DA:50,0
DA:53,0
DA:54,0
DA:55,0
DA:58,0
DA:59,0
DA:63,0
DA:64,0
DA:72,0
DA:73,0
DA:74,0
DA:88,0
DA:93,0
DA:105,0
DA:106,0
DA:107,0
DA:108,0
DA:117,0
DA:118,0
DA:119,0
DA:120,0
DA:137,3
DA:145,3
DA:146,0
LF:31
LH:3
BRDA:38,0,0,0
BRDA:39,1,0,0
BRDA:45,2,0,0
BRDA:45,2,1,0
BRDA:47,3,0,0
BRDA:47,3,1,0
BRDA:50,4,0,0
BRDA:50,4,1,0
BRDA:65,5,0,0
BRDA:65,5,1,0
BRDA:90,6,0,0
BRDA:90,6,1,0
BRDA:101,7,0,0
BRDA:101,7,1,0
BRDA:107,8,0,0
BRDA:107,8,1,0
BRDA:113,9,0,0
BRDA:113,9,1,0
BRF:18
BRH:0
end_of_record
TN:
SF:src/components/molecules/UserListItem.tsx
FN:32,(anonymous_0)
FN:41,(anonymous_1)
FN:43,(anonymous_2)
FN:52,(anonymous_3)
FN:66,(anonymous_4)
FN:103,(anonymous_5)
FNF:6
FNH:0
FNDA:0,(anonymous_0)
FNDA:0,(anonymous_1)
FNDA:0,(anonymous_2)
FNDA:0,(anonymous_3)
FNDA:0,(anonymous_4)
FNDA:0,(anonymous_5)
DA:32,3
DA:38,0
DA:39,0
DA:40,0
DA:41,0
DA:43,0
DA:44,0
DA:52,0
DA:53,0
DA:61,0
DA:66,0
DA:95,3
DA:103,3
DA:104,0
LF:14
LH:3
BRF:0
BRH:0
end_of_record
TN:
SF:src/components/molecules/index.ts
FNF:0
FNH:0
LF:0
LH:0
BRF:0
BRH:0
end_of_record
TN:
SF:src/components/organisms/AppHeader.tsx
FN:34,(anonymous_0)
FN:63,(anonymous_1)
FN:75,(anonymous_2)
FN:78,(anonymous_3)
FN:87,(anonymous_4)
FN:99,(anonymous_5)
FN:136,(anonymous_6)
FNF:7
FNH:6
FNDA:0,(anonymous_0)
FNDA:2,(anonymous_1)
FNDA:6,(anonymous_2)
FNDA:2,(anonymous_3)
FNDA:2,(anonymous_4)
FNDA:2,(anonymous_5)
FNDA:2,(anonymous_6)
DA:34,3
DA:35,0
DA:53,0
DA:63,3
DA:70,2
DA:71,2
DA:72,2
DA:73,2
DA:74,2
DA:75,6
DA:78,2
DA:79,2
DA:80,2
DA:83,0
DA:86,2
DA:87,2
DA:91,2
DA:99,2
DA:127,3
DA:136,3
DA:137,2
LF:21
LH:18
BRDA:53,0,0,0
BRDA:53,0,1,0
BRDA:65,1,0,0
BRDA:75,2,0,6
BRDA:75,2,1,0
BRDA:79,3,0,2
BRDA:79,3,1,0
BRDA:94,4,0,2
BRDA:94,4,1,0
BRDA:94,5,0,2
BRDA:94,5,1,2
BRDA:121,6,0,2
BRDA:121,6,1,2
BRF:13
BRH:7
end_of_record
TN:
SF:src/components/organisms/BottomTabBar.tsx
FN:42,(anonymous_0)
FN:48,(anonymous_1)
FN:67,(anonymous_2)
FN:74,(anonymous_3)
FN:76,(anonymous_4)
FN:79,(anonymous_5)
FN:81,(anonymous_6)
FN:86,(anonymous_7)
FN:91,(anonymous_8)
FN:102,(anonymous_9)
FN:107,(anonymous_10)
FN:108,(anonymous_11)
FN:125,(anonymous_12)
FN:184,(anonymous_13)
FNF:14
FNH:0
FNDA:0,(anonymous_0)
FNDA:0,(anonymous_1)
FNDA:0,(anonymous_2)
FNDA:0,(anonymous_3)
FNDA:0,(anonymous_4)
FNDA:0,(anonymous_5)
FNDA:0,(anonymous_6)
FNDA:0,(anonymous_7)
FNDA:0,(anonymous_8)
FNDA:0,(anonymous_9)
FNDA:0,(anonymous_10)
FNDA:0,(anonymous_11)
FNDA:0,(anonymous_12)
FNDA:0,(anonymous_13)
DA:23,3
DA:31,3
DA:32,3
DA:42,3
DA:47,0
DA:48,0
DA:52,0
DA:67,3
DA:71,0
DA:72,0
DA:73,0
DA:74,0
DA:75,0
DA:76,0
DA:78,0
DA:80,0
DA:81,0
DA:85,0
DA:86,0
DA:90,0
DA:91,0
DA:101,0
DA:102,0
DA:106,0
DA:108,0
DA:109,0
DA:115,0
DA:116,0
DA:123,0
DA:126,0
DA:127,0
DA:131,0
DA:132,0
DA:134,0
DA:175,3
DA:184,3
DA:185,0
LF:37
LH:7
BRDA:115,0,0,0
BRDA:115,0,1,0
BRDA:115,1,0,0
BRDA:115,1,1,0
BRDA:127,2,0,0
BRDA:127,2,1,0
BRDA:131,3,0,0
BRDA:131,3,1,0
BRDA:132,4,0,0
BRDA:132,4,1,0
BRDA:145,5,0,0
BRDA:145,5,1,0
BRDA:146,6,0,0
BRDA:146,6,1,0
BRDA:149,7,0,0
BRDA:149,7,1,0
BRDA:155,8,0,0
BRDA:155,8,1,0
BRDA:163,9,0,0
BRDA:163,9,1,0
BRDA:206,10,0,0
BRDA:206,10,1,0
BRF:22
BRH:0
end_of_record
TN:
SF:src/components/organisms/GlobalToast.tsx
FN:32,(anonymous_0)
FN:37,(anonymous_1)
FN:39,(anonymous_2)
FN:44,(anonymous_3)
FN:48,(anonymous_4)
FN:54,(anonymous_5)
FN:80,(anonymous_6)
FN:100,(anonymous_7)
FNF:8
FNH:5
FNDA:2,(anonymous_0)
FNDA:4,(anonymous_1)
FNDA:2,(anonymous_2)
FNDA:0,(anonymous_3)
FNDA:0,(anonymous_4)
FNDA:2,(anonymous_5)
FNDA:0,(anonymous_6)
FNDA:2,(anonymous_7)
DA:19,3
DA:32,3
DA:33,2
DA:34,2
DA:35,2
DA:36,2
DA:37,4
DA:39,2
DA:40,2
DA:41,2
DA:44,0
DA:45,0
DA:48,0
DA:49,0
DA:53,2
DA:54,2
DA:58,2
DA:59,2
DA:62,0
DA:64,0
DA:80,0
DA:91,3
DA:100,3
DA:101,2
LF:24
LH:17
BRDA:37,0,0,4
BRDA:37,0,1,4
BRDA:40,1,0,2
BRDA:40,1,1,0
BRDA:46,2,0,0
BRDA:46,2,1,0
BRDA:58,3,0,2
BRDA:58,3,1,0
BRF:8
BRH:4
end_of_record
TN:
SF:src/components/organisms/NetworkBanner.tsx
FN:51,(anonymous_0)
FN:59,(anonymous_1)
FN:70,(anonymous_2)
FN:92,(anonymous_3)
FN:97,(anonymous_4)
FN:98,(anonymous_5)
FN:113,(anonymous_6)
FN:123,(anonymous_7)
FN:137,(anonymous_8)
FN:137,(anonymous_9)
FN:144,(anonymous_10)
FN:175,(anonymous_11)
FN:180,(anonymous_12)
FN:297,(anonymous_13)
FNF:14
FNH:11
FNDA:5,(anonymous_0)
FNDA:0,(anonymous_1)
FNDA:5,(anonymous_2)
FNDA:5,(anonymous_3)
FNDA:7,(anonymous_4)
FNDA:7,(anonymous_5)
FNDA:2,(anonymous_6)
FNDA:0,(anonymous_7)
FNDA:2,(anonymous_8)
FNDA:2,(anonymous_9)
FNDA:2,(anonymous_10)
FNDA:2,(anonymous_11)
FNDA:0,(anonymous_12)
FNDA:2,(anonymous_13)
DA:39,3
DA:41,3
DA:43,3
DA:51,1
DA:52,5
DA:53,5
DA:55,0
DA:59,2
DA:68,3
DA:70,3
DA:71,5
DA:72,5
DA:77,0
DA:79,5
DA:92,3
DA:93,5
DA:94,5
DA:96,5
DA:97,7
DA:98,7
DA:100,5
DA:101,5
DA:102,5
DA:103,5
DA:105,5
DA:106,5
DA:107,5
DA:108,5
DA:109,5
DA:111,5
DA:113,5
DA:114,2
DA:116,2
DA:120,0
DA:121,0
DA:122,0
DA:123,0
DA:124,0
DA:125,0
DA:127,0
DA:130,2
DA:131,0
DA:132,0
DA:136,5
DA:137,2
DA:138,2
DA:144,5
DA:145,2
DA:146,2
DA:159,0
DA:175,5
DA:177,5
DA:178,5
DA:180,5
DA:181,0
DA:184,5
DA:186,0
DA:187,0
DA:188,0
DA:190,0
DA:194,0
DA:200,0
DA:206,0
DA:214,0
DA:220,0
DA:291,3
DA:297,3
DA:298,2
LF:68
LH:46
BRDA:71,0,0,0
BRDA:71,0,1,5
BRDA:72,1,0,0
BRDA:72,1,1,5
BRDA:73,2,0,5
BRDA:73,2,1,5
BRDA:73,2,2,5
BRDA:96,3,0,5
BRDA:96,3,1,0
BRDA:100,4,0,5
BRDA:100,4,1,0
BRDA:101,5,0,5
BRDA:101,5,1,0
BRDA:102,6,0,5
BRDA:102,6,1,0
BRDA:116,7,0,0
BRDA:116,7,1,2
BRDA:117,8,0,2
BRDA:117,8,1,2
BRDA:117,8,2,0
BRDA:122,9,0,0
BRDA:122,9,1,0
BRDA:130,10,0,0
BRDA:130,10,1,2
BRDA:138,11,0,0
BRDA:138,11,1,2
BRDA:145,12,0,2
BRDA:145,12,1,0
BRDA:184,13,0,5
BRDA:184,13,1,0
BRDA:190,14,0,0
BRDA:190,14,1,0
BRDA:194,15,0,0
BRDA:194,15,1,0
BRDA:196,16,0,0
BRDA:196,16,1,0
BRDA:200,17,0,0
BRDA:200,17,1,0
BRDA:202,18,0,0
BRDA:202,18,1,0
BRDA:206,19,0,0
BRDA:206,19,1,0
BRDA:208,20,0,0
BRDA:208,20,1,0
BRDA:210,21,0,0
BRDA:210,21,1,0
BRDA:214,22,0,0
BRDA:214,22,1,0
BRDA:216,23,0,0
BRDA:216,23,1,0
BRDA:238,24,0,0
BRDA:238,24,1,0
BRDA:251,25,0,0
BRDA:251,25,1,0
BRDA:259,26,0,0
BRDA:259,26,1,0
BRDA:266,27,0,0
BRDA:266,27,1,0
BRDA:273,28,0,0
BRDA:273,28,1,0
BRF:60
BRH:16
end_of_record
TN:
SF:src/components/organisms/index.ts
FNF:0
FNH:0
LF:0
LH:0
BRF:0
BRH:0
end_of_record
TN:
SF:src/context/NetworkContext.tsx
FN:36,(anonymous_0)
FN:41,(anonymous_1)
FN:71,(anonymous_2)
FNF:3
FNH:3
FNDA:5,(anonymous_0)
FNDA:5,(anonymous_1)
FNDA:5,(anonymous_2)
DA:19,1
DA:36,1
DA:37,5
DA:40,5
DA:41,5
DA:46,5
DA:53,1
DA:71,1
DA:72,5
DA:73,5
DA:74,0
DA:76,5
LF:12
LH:11
BRDA:73,0,0,0
BRDA:73,0,1,5
BRF:2
BRH:1
end_of_record
TN:
SF:src/hooks/index.ts
FNF:0
FNH:0
LF:0
LH:0
BRF:0
BRH:0
end_of_record
TN:
SF:src/hooks/useAppLocationBootstrap.ts
FN:17,(anonymous_0)
FN:19,(anonymous_1)
FN:26,(anonymous_2)
FN:53,(anonymous_3)
FN:57,(anonymous_4)
FN:58,(anonymous_5)
FN:67,(anonymous_6)
FN:72,(anonymous_7)
FNF:8
FNH:0
FNDA:0,(anonymous_0)
FNDA:0,(anonymous_1)
FNDA:0,(anonymous_2)
FNDA:0,(anonymous_3)
FNDA:0,(anonymous_4)
FNDA:0,(anonymous_5)
FNDA:0,(anonymous_6)
FNDA:0,(anonymous_7)
DA:15,0
DA:17,0
DA:18,0
DA:19,0
DA:21,0
DA:22,0
DA:23,0
DA:25,0
DA:27,0
DA:28,0
DA:29,0
DA:31,0
DA:33,0
DA:35,0
DA:36,0
DA:38,0
DA:39,0
DA:45,0
DA:48,0
DA:53,0
DA:54,0
DA:57,0
DA:58,0
DA:59,0
DA:60,0
DA:62,0
DA:63,0
DA:67,0
DA:68,0
DA:72,0
DA:73,0
DA:74,0
DA:76,0
DA:77,0
LF:34
LH:0
BRDA:26,0,0,0
BRDA:28,1,0,0
BRDA:28,1,1,0
BRDA:28,2,0,0
BRDA:28,2,1,0
BRDA:38,3,0,0
BRDA:38,3,1,0
BRDA:62,4,0,0
BRDA:62,4,1,0
BRDA:62,5,0,0
BRDA:62,5,1,0
BRDA:62,5,2,0
BRDA:76,6,0,0
BRDA:76,6,1,0
BRDA:76,7,0,0
BRDA:76,7,1,0
BRF:16
BRH:0
end_of_record
TN:
SF:src/hooks/useAuthSession.ts
FN:56,(anonymous_0)
FN:76,(anonymous_1)
FN:96,(anonymous_2)
FN:101,(anonymous_3)
FN:102,(anonymous_4)
FN:117,(anonymous_5)
FN:149,(anonymous_6)
FN:168,(anonymous_7)
FN:187,(anonymous_8)
FN:202,(anonymous_9)
FN:226,(anonymous_10)
FN:229,(anonymous_11)
FN:237,(anonymous_12)
FNF:13
FNH:0
FNDA:0,(anonymous_0)
FNDA:0,(anonymous_1)
FNDA:0,(anonymous_2)
FNDA:0,(anonymous_3)
FNDA:0,(anonymous_4)
FNDA:0,(anonymous_5)
FNDA:0,(anonymous_6)
FNDA:0,(anonymous_7)
FNDA:0,(anonymous_8)
FNDA:0,(anonymous_9)
FNDA:0,(anonymous_10)
FNDA:0,(anonymous_11)
FNDA:0,(anonymous_12)
DA:38,0
DA:44,0
DA:56,0
DA:57,0
DA:58,0
DA:59,0
DA:60,0
DA:61,0
DA:62,0
DA:63,0
DA:64,0
DA:66,0
DA:76,0
DA:77,0
DA:78,0
DA:79,0
DA:96,0
DA:97,0
DA:98,0
DA:99,0
DA:101,0
DA:102,0
DA:104,0
DA:105,0
DA:117,0
DA:118,0
DA:119,0
DA:120,0
DA:121,0
DA:122,0
DA:123,0
DA:124,0
DA:125,0
DA:130,0
DA:132,0
DA:133,0
DA:135,0
DA:149,0
DA:151,0
DA:152,0
DA:153,0
DA:154,0
DA:155,0
DA:156,0
DA:158,0
DA:159,0
DA:160,0
DA:164,0
DA:168,0
DA:173,0
DA:174,0
DA:175,0
DA:176,0
DA:177,0
DA:178,0
DA:180,0
DA:187,0
DA:188,0
DA:189,0
DA:190,0
DA:193,0
DA:194,0
DA:195,0
DA:199,0
DA:200,0
DA:202,0
DA:203,0
DA:204,0
DA:206,0
DA:207,0
DA:208,0
DA:212,0
DA:214,0
DA:218,0
DA:226,0
DA:227,0
DA:229,0
DA:230,0
DA:231,0
DA:232,0
DA:233,0
DA:237,0
LF:82
LH:0
BRDA:58,0,0,0
BRDA:58,0,1,0
BRDA:60,1,0,0
BRDA:60,1,1,0
BRDA:64,2,0,0
BRDA:64,2,1,0
BRDA:78,3,0,0
BRDA:78,3,1,0
BRDA:118,4,0,0
BRDA:118,4,1,0
BRDA:122,5,0,0
BRDA:122,5,1,0
BRDA:122,6,0,0
BRDA:122,6,1,0
BRDA:152,7,0,0
BRDA:152,7,1,0
BRDA:153,8,0,0
BRDA:153,8,1,0
BRDA:168,9,0,0
BRDA:168,9,1,0
BRDA:174,10,0,0
BRDA:174,10,1,0
BRDA:175,11,0,0
BRDA:175,11,1,0
BRDA:177,12,0,0
BRDA:177,12,1,0
BRDA:188,13,0,0
BRDA:188,13,1,0
BRDA:193,14,0,0
BRDA:193,14,1,0
BRDA:199,15,0,0
BRDA:199,15,1,0
BRDA:206,16,0,0
BRDA:206,16,1,0
BRDA:208,17,0,0
BRDA:208,17,1,0
BRDA:227,18,0,0
BRDA:227,18,1,0
BRDA:231,19,0,0
BRDA:231,19,1,0
BRDA:232,20,0,0
BRDA:232,20,1,0
BRF:42
BRH:0
end_of_record
TN:
SF:src/hooks/useCorridaContexto.ts
FN:42,(anonymous_0)
FN:45,(anonymous_1)
FN:46,(anonymous_2)
FN:47,(anonymous_3)
FN:48,(anonymous_4)
FN:72,(anonymous_5)
FN:141,(anonymous_6)
FN:147,(anonymous_7)
FN:150,(anonymous_8)
FN:164,(anonymous_9)
FNF:10
FNH:0
FNDA:0,(anonymous_0)
FNDA:0,(anonymous_1)
FNDA:0,(anonymous_2)
FNDA:0,(anonymous_3)
FNDA:0,(anonymous_4)
FNDA:0,(anonymous_5)
FNDA:0,(anonymous_6)
FNDA:0,(anonymous_7)
FNDA:0,(anonymous_8)
FNDA:0,(anonymous_9)
DA:30,0
DA:42,0
DA:43,0
DA:44,0
DA:45,0
DA:46,0
DA:47,0
DA:48,0
DA:50,0
DA:51,0
DA:54,0
DA:55,0
DA:57,0
DA:58,0
DA:60,0
DA:61,0
DA:63,0
DA:64,0
DA:66,0
DA:67,0
DA:69,0
DA:70,0
DA:72,0
DA:73,0
DA:75,0
DA:77,0
DA:78,0
DA:79,0
DA:81,0
DA:82,0
DA:83,0
DA:85,0
DA:86,0
DA:87,0
DA:89,0
DA:91,0
DA:92,0
DA:93,0
DA:96,0
DA:97,0
DA:98,0
DA:99,0
DA:103,0
DA:104,0
DA:105,0
DA:106,0
DA:115,0
DA:117,0
DA:118,0
DA:119,0
DA:122,0
DA:123,0
DA:124,0
DA:128,0
DA:129,0
DA:130,0
DA:131,0
DA:136,0
DA:141,0
DA:142,0
DA:147,0
DA:148,0
DA:151,0
DA:152,0
DA:154,0
DA:158,0
DA:159,0
DA:164,0
LF:68
LH:0
BRDA:73,0,0,0
BRDA:73,0,1,0
BRDA:73,1,0,0
BRDA:73,1,1,0
BRDA:79,2,0,0
BRDA:79,2,1,0
BRDA:85,3,0,0
BRDA:85,3,1,0
BRDA:86,4,0,0
BRDA:86,4,1,0
BRDA:87,5,0,0
BRDA:87,5,1,0
BRDA:89,6,0,0
BRDA:89,6,1,0
BRDA:89,7,0,0
BRDA:89,7,1,0
BRDA:96,8,0,0
BRDA:96,8,1,0
BRDA:103,9,0,0
BRDA:103,9,1,0
BRDA:103,10,0,0
BRDA:103,10,1,0
BRDA:103,10,2,0
BRDA:115,11,0,0
BRDA:115,11,1,0
BRDA:117,12,0,0
BRDA:117,12,1,0
BRDA:122,13,0,0
BRDA:122,13,1,0
BRDA:122,14,0,0
BRDA:122,14,1,0
BRDA:129,15,0,0
BRDA:129,15,1,0
BRDA:154,16,0,0
BRDA:154,16,1,0
BRDA:155,17,0,0
BRDA:155,17,1,0
BRDA:155,17,2,0
BRF:38
BRH:0
end_of_record
TN:
SF:src/hooks/useDriverLocationStream.ts
FN:44,(anonymous_0)
FN:49,(anonymous_1)
FN:50,(anonymous_2)
FN:51,(anonymous_3)
FN:52,(anonymous_4)
FN:54,(anonymous_5)
FN:68,(anonymous_6)
FN:69,(anonymous_7)
FN:70,(anonymous_8)
FN:71,(anonymous_9)
FN:72,(anonymous_10)
FN:79,(anonymous_11)
FN:84,(anonymous_12)
FN:98,(anonymous_13)
FN:112,(anonymous_14)
FN:129,(anonymous_15)
FN:139,(anonymous_16)
FN:150,(anonymous_17)
FN:153,(anonymous_18)
FN:173,(anonymous_19)
FN:180,(anonymous_20)
FN:194,(anonymous_21)
FN:219,(anonymous_22)
FNF:23
FNH:0
FNDA:0,(anonymous_0)
FNDA:0,(anonymous_1)
FNDA:0,(anonymous_2)
FNDA:0,(anonymous_3)
FNDA:0,(anonymous_4)
FNDA:0,(anonymous_5)
FNDA:0,(anonymous_6)
FNDA:0,(anonymous_7)
FNDA:0,(anonymous_8)
FNDA:0,(anonymous_9)
FNDA:0,(anonymous_10)
FNDA:0,(anonymous_11)
FNDA:0,(anonymous_12)
FNDA:0,(anonymous_13)
FNDA:0,(anonymous_14)
FNDA:0,(anonymous_15)
FNDA:0,(anonymous_16)
FNDA:0,(anonymous_17)
FNDA:0,(anonymous_18)
FNDA:0,(anonymous_19)
FNDA:0,(anonymous_20)
FNDA:0,(anonymous_21)
FNDA:0,(anonymous_22)
DA:30,0
DA:32,0
DA:44,0
DA:45,0
DA:46,0
DA:49,0
DA:50,0
DA:51,0
DA:52,0
DA:53,0
DA:54,0
DA:58,0
DA:59,0
DA:60,0
DA:61,0
DA:62,0
DA:63,0
DA:64,0
DA:65,0
DA:68,0
DA:69,0
DA:70,0
DA:71,0
DA:72,0
DA:79,0
DA:80,0
DA:82,0
DA:84,0
DA:85,0
DA:87,0
DA:89,0
DA:90,0
DA:91,0
DA:92,0
DA:96,0
DA:98,0
DA:100,0
DA:101,0
DA:105,0
DA:106,0
DA:110,0
DA:113,0
DA:114,0
DA:118,0
DA:119,0
DA:123,0
DA:127,0
DA:129,0
DA:130,0
DA:131,0
DA:132,0
DA:139,0
DA:140,0
DA:141,0
DA:142,0
DA:150,0
DA:151,0
DA:154,0
DA:155,0
DA:157,0
DA:163,0
DA:164,0
DA:165,0
DA:166,0
DA:167,0
DA:173,0
DA:180,0
DA:181,0
DA:182,0
DA:183,0
DA:184,0
DA:186,0
DA:190,0
DA:191,0
DA:194,0
DA:195,0
DA:196,0
DA:197,0
DA:200,0
DA:201,0
DA:202,0
DA:206,0
DA:208,0
DA:210,0
DA:219,0
DA:220,0
DA:221,0
DA:222,0
LF:88
LH:0
BRDA:54,0,0,0
BRDA:54,0,1,0
BRDA:80,1,0,0
BRDA:80,1,1,0
BRDA:90,2,0,0
BRDA:90,2,1,0
BRDA:90,3,0,0
BRDA:90,3,1,0
BRDA:100,4,0,0
BRDA:100,4,1,0
BRDA:100,5,0,0
BRDA:100,5,1,0
BRDA:113,6,0,0
BRDA:113,6,1,0
BRDA:140,7,0,0
BRDA:140,7,1,0
BRDA:140,8,0,0
BRDA:140,8,1,0
BRDA:157,9,0,0
BRDA:157,9,1,0
BRDA:158,10,0,0
BRDA:158,10,1,0
BRDA:158,10,2,0
BRDA:158,10,3,0
BRDA:158,10,4,0
BRDA:164,11,0,0
BRDA:164,11,1,0
BRDA:165,12,0,0
BRDA:165,12,1,0
BRDA:181,13,0,0
BRDA:181,13,1,0
BRDA:181,14,0,0
BRDA:181,14,1,0
BRDA:182,15,0,0
BRDA:182,15,1,0
BRDA:190,16,0,0
BRDA:190,16,1,0
BRDA:200,17,0,0
BRDA:200,17,1,0
BRDA:206,18,0,0
BRDA:206,18,1,0
BRDA:206,19,0,0
BRDA:206,19,1,0
BRDA:208,20,0,0
BRDA:208,20,1,0
BRDA:211,21,0,0
BRDA:211,21,1,0
BRDA:220,22,0,0
BRDA:220,22,1,0
BRF:49
BRH:0
end_of_record
TN:
SF:src/hooks/useNetworkManager.ts
FN:48,(anonymous_0)
FN:52,(anonymous_1)
FN:53,(anonymous_2)
FN:54,(anonymous_3)
FN:73,(anonymous_4)
FN:76,(anonymous_5)
FN:90,(anonymous_6)
FN:94,(anonymous_7)
FN:104,(anonymous_8)
FN:112,(anonymous_9)
FN:126,(anonymous_10)
FN:130,(anonymous_11)
FN:137,(anonymous_12)
FN:147,(anonymous_13)
FN:148,(anonymous_14)
FN:150,(anonymous_15)
FN:152,(anonymous_16)
FN:155,(anonymous_17)
FNF:18
FNH:10
FNDA:5,(anonymous_0)
FNDA:7,(anonymous_1)
FNDA:7,(anonymous_2)
FNDA:7,(anonymous_3)
FNDA:0,(anonymous_4)
FNDA:0,(anonymous_5)
FNDA:2,(anonymous_6)
FNDA:3,(anonymous_7)
FNDA:2,(anonymous_8)
FNDA:2,(anonymous_9)
FNDA:0,(anonymous_10)
FNDA:0,(anonymous_11)
FNDA:0,(anonymous_12)
FNDA:2,(anonymous_13)
FNDA:0,(anonymous_14)
FNDA:0,(anonymous_15)
FNDA:2,(anonymous_16)
FNDA:0,(anonymous_17)
DA:48,1
DA:49,5
DA:50,5
DA:52,7
DA:53,7
DA:54,7
DA:56,5
DA:57,5
DA:58,5
DA:61,5
DA:62,5
DA:64,5
DA:65,5
DA:67,5
DA:68,5
DA:70,5
DA:73,5
DA:76,5
DA:77,0
DA:78,0
DA:79,0
DA:80,0
DA:81,0
DA:83,0
DA:84,0
DA:90,5
DA:91,2
DA:92,2
DA:94,2
DA:96,3
DA:99,3
DA:100,3
DA:101,3
DA:104,2
DA:105,2
DA:112,5
DA:113,2
DA:115,2
DA:116,2
DA:117,2
DA:120,0
DA:126,0
DA:127,0
DA:130,0
DA:131,0
DA:134,0
DA:135,0
DA:137,0
DA:138,0
DA:139,0
DA:140,0
DA:141,0
DA:147,5
DA:148,2
DA:149,0
DA:150,0
DA:152,2
DA:155,5
DA:156,0
DA:159,5
LF:60
LH:38
BRDA:79,0,0,0
BRDA:79,0,1,0
BRDA:79,1,0,0
BRDA:79,1,1,0
BRDA:96,2,0,3
BRDA:96,2,1,3
BRDA:96,2,2,1
BRDA:113,3,0,2
BRDA:113,3,1,0
BRDA:149,4,0,0
BRDA:149,4,1,0
BRDA:150,5,0,0
BRDA:150,5,1,0
BRF:13
BRH:4
end_of_record
TN:
SF:src/hooks/useNetworkStatus.ts
FN:20,(anonymous_0)
FN:28,(anonymous_1)
FN:30,(anonymous_2)
FN:32,(anonymous_3)
FN:33,(anonymous_4)
FN:48,(anonymous_5)
FN:52,(anonymous_6)
FNF:7
FNH:0
FNDA:0,(anonymous_0)
FNDA:0,(anonymous_1)
FNDA:0,(anonymous_2)
FNDA:0,(anonymous_3)
FNDA:0,(anonymous_4)
FNDA:0,(anonymous_5)
FNDA:0,(anonymous_6)
DA:20,0
DA:21,0
DA:28,0
DA:29,0
DA:30,0
DA:32,0
DA:33,0
DA:34,0
DA:35,0
DA:36,0
DA:38,0
DA:46,0
DA:48,0
DA:49,0
DA:52,0
DA:53,0
DA:57,0
LF:17
LH:0
BRF:0
BRH:0
end_of_record
TN:
SF:src/hooks/useNotifications.ts
FN:51,(anonymous_0)
FN:55,(anonymous_1)
FN:56,(anonymous_2)
FN:57,(anonymous_3)
FN:69,(anonymous_4)
FN:78,(anonymous_5)
FN:82,(anonymous_6)
FN:88,(anonymous_7)
FN:90,(anonymous_8)
FN:101,(anonymous_9)
FN:108,(anonymous_10)
FN:116,(anonymous_11)
FNF:12
FNH:0
FNDA:0,(anonymous_0)
FNDA:0,(anonymous_1)
FNDA:0,(anonymous_2)
FNDA:0,(anonymous_3)
FNDA:0,(anonymous_4)
FNDA:0,(anonymous_5)
FNDA:0,(anonymous_6)
FNDA:0,(anonymous_7)
FNDA:0,(anonymous_8)
FNDA:0,(anonymous_9)
FNDA:0,(anonymous_10)
FNDA:0,(anonymous_11)
DA:51,0
DA:52,0
DA:53,0
DA:55,0
DA:56,0
DA:57,0
DA:59,0
DA:60,0
DA:61,0
DA:63,0
DA:64,0
DA:69,0
DA:70,0
DA:71,0
DA:73,0
DA:74,0
DA:77,0
DA:78,0
DA:82,0
DA:83,0
DA:84,0
DA:88,0
DA:89,0
DA:90,0
DA:91,0
DA:94,0
DA:101,0
DA:102,0
DA:108,0
DA:109,0
DA:110,0
DA:116,0
DA:117,0
DA:118,0
DA:119,0
DA:120,0
DA:123,0
DA:124,0
DA:125,0
DA:126,0
DA:130,0
LF:41
LH:0
BRDA:70,0,0,0
BRDA:70,0,1,0
BRDA:74,1,0,0
BRDA:74,1,1,0
BRDA:84,2,0,0
BRDA:84,2,1,0
BRDA:89,3,0,0
BRDA:89,3,1,0
BRDA:90,4,0,0
BRDA:90,4,1,0
BRDA:91,5,0,0
BRDA:91,5,1,0
BRDA:117,6,0,0
BRDA:117,6,1,0
BRDA:117,7,0,0
BRDA:117,7,1,0
BRDA:117,7,2,0
BRDA:123,8,0,0
BRDA:123,8,1,0
BRDA:123,9,0,0
BRDA:123,9,1,0
BRF:21
BRH:0
end_of_record
TN:
SF:src/hooks/usePassageiroRealtime.ts
FN:45,(anonymous_0)
FN:49,(anonymous_1)
FN:50,(anonymous_2)
FN:51,(anonymous_3)
FN:52,(anonymous_4)
FN:84,(anonymous_5)
FN:98,(anonymous_6)
FN:110,(anonymous_7)
FN:113,(anonymous_8)
FN:126,(anonymous_9)
FN:136,(anonymous_10)
FN:143,(anonymous_11)
FN:144,(anonymous_12)
FN:166,(anonymous_13)
FN:175,(anonymous_14)
FNF:15
FNH:11
FNDA:82,(anonymous_0)
FNDA:134,(anonymous_1)
FNDA:134,(anonymous_2)
FNDA:134,(anonymous_3)
FNDA:134,(anonymous_4)
FNDA:23,(anonymous_5)
FNDA:3,(anonymous_6)
FNDA:22,(anonymous_7)
FNDA:0,(anonymous_8)
FNDA:0,(anonymous_9)
FNDA:22,(anonymous_10)
FNDA:22,(anonymous_11)
FNDA:4,(anonymous_12)
FNDA:0,(anonymous_13)
FNDA:0,(anonymous_14)
DA:31,4
DA:34,4
DA:45,4
DA:46,82
DA:47,82
DA:49,134
DA:50,134
DA:51,134
DA:52,134
DA:56,82
DA:59,82
DA:60,82
DA:62,82
DA:63,82
DA:65,82
DA:66,82
DA:68,82
DA:69,82
DA:71,82
DA:72,82
DA:74,82
DA:75,82
DA:78,82
DA:79,82
DA:84,82
DA:85,23
DA:88,3
DA:92,0
DA:95,3
DA:96,3
DA:98,3
DA:99,3
DA:100,3
DA:110,82
DA:111,22
DA:114,0
DA:115,0
DA:117,0
DA:121,0
DA:122,0
DA:123,0
DA:125,0
DA:126,0
DA:127,0
DA:128,0
DA:136,22
DA:143,82
DA:144,22
DA:145,4
DA:148,3
DA:150,3
DA:151,3
DA:156,3
DA:157,0
DA:158,0
DA:164,3
DA:165,0
DA:166,0
DA:167,0
DA:168,0
DA:172,3
DA:175,0
DA:176,0
DA:178,0
DA:179,0
DA:182,1
DA:195,1
DA:198,0
DA:202,22
LF:69
LH:47
BRDA:56,0,0,82
BRDA:56,0,1,76
BRDA:85,1,0,20
BRDA:85,1,1,3
BRDA:85,2,0,23
BRDA:85,2,1,5
BRDA:88,3,0,0
BRDA:88,3,1,3
BRDA:89,4,0,3
BRDA:89,4,1,0
BRDA:99,5,0,3
BRDA:99,5,1,0
BRDA:117,6,0,0
BRDA:117,6,1,0
BRDA:118,7,0,0
BRDA:118,7,1,0
BRDA:118,7,2,0
BRDA:122,8,0,0
BRDA:122,8,1,0
BRDA:122,9,0,0
BRDA:122,9,1,0
BRDA:127,10,0,0
BRDA:127,10,1,0
BRDA:145,11,0,3
BRDA:145,11,1,0
BRDA:145,11,2,1
BRDA:145,11,3,0
BRDA:148,12,0,3
BRDA:148,12,1,1
BRDA:156,13,0,0
BRDA:156,13,1,3
BRDA:156,14,0,3
BRDA:156,14,1,2
BRDA:164,15,0,0
BRDA:164,15,1,3
BRDA:167,16,0,0
BRDA:167,16,1,0
BRDA:190,17,0,1
BRDA:190,17,1,0
BRF:39
BRH:18
end_of_record
TN:
SF:src/hooks/useRealtimeSession.ts
FN:62,(anonymous_0)
FN:66,(anonymous_1)
FN:67,(anonymous_2)
FN:68,(anonymous_3)
FN:69,(anonymous_4)
FN:70,(anonymous_5)
FN:71,(anonymous_6)
FN:72,(anonymous_7)
FN:75,(anonymous_8)
FN:100,(anonymous_9)
FN:103,(anonymous_10)
FN:108,(anonymous_11)
FN:115,(anonymous_12)
FN:167,(anonymous_13)
FN:177,(anonymous_14)
FN:186,(anonymous_15)
FN:202,(anonymous_16)
FN:212,(anonymous_17)
FN:225,(anonymous_18)
FN:234,(anonymous_19)
FN:244,(anonymous_20)
FN:254,(anonymous_21)
FN:264,(anonymous_22)
FNF:23
FNH:20
FNDA:12,(anonymous_0)
FNDA:31,(anonymous_1)
FNDA:31,(anonymous_2)
FNDA:31,(anonymous_3)
FNDA:31,(anonymous_4)
FNDA:31,(anonymous_5)
FNDA:31,(anonymous_6)
FNDA:31,(anonymous_7)
FNDA:4,(anonymous_8)
FNDA:4,(anonymous_9)
FNDA:6,(anonymous_10)
FNDA:4,(anonymous_11)
FNDA:1,(anonymous_12)
FNDA:4,(anonymous_13)
FNDA:4,(anonymous_14)
FNDA:4,(anonymous_15)
FNDA:4,(anonymous_16)
FNDA:1,(anonymous_17)
FNDA:1,(anonymous_18)
FNDA:0,(anonymous_19)
FNDA:1,(anonymous_20)
FNDA:0,(anonymous_21)
FNDA:0,(anonymous_22)
DA:62,1
DA:63,12
DA:64,12
DA:66,31
DA:67,31
DA:68,31
DA:69,31
DA:70,31
DA:71,31
DA:72,31
DA:75,12
DA:81,12
DA:82,12
DA:84,12
DA:85,12
DA:87,12
DA:88,12
DA:93,12
DA:94,12
DA:100,12
DA:101,4
DA:103,4
DA:104,6
DA:105,6
DA:108,4
DA:109,4
DA:111,4
DA:113,1
DA:116,1
DA:120,1
DA:122,1
DA:128,1
DA:130,1
DA:136,1
DA:138,1
DA:139,1
DA:140,1
DA:143,0
DA:144,0
DA:145,0
DA:146,0
DA:149,0
DA:156,0
DA:160,0
DA:161,0
DA:163,0
DA:167,4
DA:168,4
DA:169,4
DA:177,12
DA:178,4
DA:179,0
DA:180,0
DA:181,0
DA:184,4
DA:186,4
DA:187,4
DA:188,4
DA:189,4
DA:190,4
DA:191,0
DA:192,0
DA:193,0
DA:194,0
DA:196,4
DA:200,4
DA:202,4
DA:203,4
DA:211,12
DA:213,1
DA:214,1
DA:215,1
DA:216,1
DA:217,1
DA:219,0
DA:220,0
DA:225,12
DA:226,1
DA:227,1
DA:228,1
DA:229,0
DA:230,0
DA:233,12
DA:235,0
DA:236,0
DA:237,0
DA:238,0
DA:243,12
DA:245,1
DA:246,1
DA:247,0
DA:248,0
DA:253,12
DA:255,0
DA:256,0
DA:257,0
DA:258,0
DA:263,12
DA:265,0
DA:266,0
DA:267,0
DA:268,0
DA:273,12
LF:103
LH:69
BRDA:69,0,0,31
BRDA:69,0,1,31
BRDA:105,1,0,6
BRDA:105,1,1,5
BRDA:111,2,0,1
BRDA:111,2,1,1
BRDA:111,2,2,1
BRDA:111,2,3,1
BRDA:111,2,4,0
BRDA:111,2,5,0
BRDA:111,2,6,0
BRDA:139,3,0,1
BRDA:139,3,1,0
BRDA:160,4,0,0
BRDA:160,4,1,0
BRDA:178,5,0,0
BRDA:178,5,1,4
BRDA:178,6,0,4
BRDA:178,6,1,4
BRDA:189,7,0,0
BRDA:189,7,1,4
BRDA:190,8,0,0
BRDA:190,8,1,4
BRDA:215,9,0,1
BRDA:215,9,1,0
BRDA:219,10,0,0
BRDA:219,10,1,0
BRDA:226,11,0,0
BRDA:226,11,1,1
BRDA:228,12,0,1
BRDA:228,12,1,0
BRDA:229,13,0,0
BRDA:229,13,1,0
BRDA:236,14,0,0
BRDA:236,14,1,0
BRDA:237,15,0,0
BRDA:237,15,1,0
BRDA:246,16,0,1
BRDA:246,16,1,0
BRDA:247,17,0,0
BRDA:247,17,1,0
BRDA:256,18,0,0
BRDA:256,18,1,0
BRDA:257,19,0,0
BRDA:257,19,1,0
BRDA:266,20,0,0
BRDA:266,20,1,0
BRDA:267,21,0,0
BRDA:267,21,1,0
BRF:49
BRH:18
end_of_record
TN:
SF:src/hooks/useReverseGeocode.ts
FN:17,(anonymous_0)
FN:22,(anonymous_1)
FN:33,(anonymous_2)
FN:38,(anonymous_3)
FN:48,(anonymous_4)
FN:63,(anonymous_5)
FN:72,(anonymous_6)
FN:85,(anonymous_7)
FNF:8
FNH:7
FNDA:32,(anonymous_0)
FNDA:16,(anonymous_1)
FNDA:20,(anonymous_2)
FNDA:8,(anonymous_3)
FNDA:8,(anonymous_4)
FNDA:8,(anonymous_5)
FNDA:0,(anonymous_6)
FNDA:8,(anonymous_7)
DA:17,32
DA:20,1
DA:22,1
DA:23,16
DA:33,1
DA:37,20
DA:38,20
DA:39,8
DA:40,8
DA:43,20
DA:44,20
DA:45,20
DA:46,20
DA:48,20
DA:49,8
DA:50,8
DA:52,8
DA:55,8
DA:56,8
DA:57,0
DA:58,0
DA:61,8
DA:63,8
DA:64,8
DA:65,2
DA:67,0
DA:68,0
DA:69,0
DA:72,0
DA:73,0
DA:74,0
DA:75,0
DA:76,0
DA:77,0
DA:78,0
DA:84,8
DA:85,8
DA:86,8
DA:90,20
LF:39
LH:27
BRDA:39,0,0,0
BRDA:39,0,1,8
BRDA:39,1,0,8
BRDA:39,1,1,8
BRDA:40,2,0,8
BRDA:40,2,1,8
BRDA:49,3,0,0
BRDA:49,3,1,8
BRDA:49,4,0,8
BRDA:49,4,1,8
BRDA:50,5,0,0
BRDA:50,5,1,8
BRDA:50,6,0,8
BRDA:50,6,1,8
BRDA:56,7,0,0
BRDA:56,7,1,8
BRDA:65,8,0,2
BRDA:65,8,1,0
BRDA:67,9,0,0
BRDA:67,9,1,0
BRDA:73,10,0,0
BRDA:73,10,1,0
BRDA:75,11,0,0
BRDA:75,11,1,0
BRDA:76,12,0,0
BRDA:76,12,1,0
BRF:26
BRH:13
end_of_record
TN:
SF:src/hooks/useRideReconnection.ts
FN:39,(anonymous_0)
FN:43,(anonymous_1)
FN:44,(anonymous_2)
FN:46,(anonymous_3)
FN:73,(anonymous_4)
FN:138,(anonymous_5)
FN:146,(anonymous_6)
FN:148,(anonymous_7)
FN:155,(anonymous_8)
FN:167,(anonymous_9)
FN:181,(anonymous_10)
FN:214,(anonymous_11)
FN:225,(anonymous_12)
FN:228,(anonymous_13)
FN:241,(anonymous_14)
FN:250,(anonymous_15)
FNF:16
FNH:16
FNDA:5,(anonymous_0)
FNDA:5,(anonymous_1)
FNDA:5,(anonymous_2)
FNDA:5,(anonymous_3)
FNDA:3,(anonymous_4)
FNDA:12,(anonymous_5)
FNDA:5,(anonymous_6)
FNDA:4,(anonymous_7)
FNDA:2,(anonymous_8)
FNDA:2,(anonymous_9)
FNDA:1,(anonymous_10)
FNDA:5,(anonymous_11)
FNDA:5,(anonymous_12)
FNDA:2,(anonymous_13)
FNDA:1,(anonymous_14)
FNDA:5,(anonymous_15)
DA:30,1
DA:31,1
DA:39,1
DA:40,5
DA:41,5
DA:43,5
DA:44,5
DA:46,5
DA:49,5
DA:50,5
DA:52,5
DA:53,5
DA:55,5
DA:56,5
DA:58,5
DA:59,5
DA:61,5
DA:62,5
DA:64,5
DA:65,5
DA:68,5
DA:69,5
DA:70,5
DA:73,5
DA:74,3
DA:78,3
DA:79,3
DA:80,0
DA:82,0
DA:83,0
DA:84,0
DA:87,3
DA:88,3
DA:89,3
DA:90,0
DA:91,0
DA:94,3
DA:99,3
DA:100,3
DA:102,3
DA:104,3
DA:105,0
DA:107,0
DA:108,0
DA:109,0
DA:113,3
DA:114,3
DA:115,3
DA:116,3
DA:117,3
DA:119,3
DA:122,0
DA:124,0
DA:125,0
DA:126,0
DA:127,0
DA:128,0
DA:130,0
DA:131,0
DA:132,0
DA:133,0
DA:138,5
DA:139,12
DA:140,5
DA:141,5
DA:146,5
DA:148,5
DA:149,4
DA:150,4
DA:151,4
DA:153,4
DA:155,4
DA:156,2
DA:157,2
DA:158,2
DA:161,0
DA:162,0
DA:167,5
DA:168,2
DA:170,2
DA:171,2
DA:172,2
DA:174,2
DA:176,2
DA:178,2
DA:180,1
DA:181,1
DA:182,1
DA:183,1
DA:184,1
DA:185,1
DA:186,1
DA:194,1
DA:196,1
DA:198,1
DA:199,1
DA:200,1
DA:201,1
DA:202,1
DA:203,1
DA:207,0
DA:208,0
DA:209,0
DA:214,5
DA:215,5
DA:216,5
DA:217,5
DA:225,5
DA:226,5
DA:229,2
DA:230,2
DA:232,2
DA:236,1
DA:239,1
DA:240,1
DA:241,1
DA:242,1
DA:243,1
DA:250,5
DA:251,5
LF:120
LH:95
BRDA:74,0,0,0
BRDA:74,0,1,3
BRDA:79,1,0,0
BRDA:79,1,1,3
BRDA:79,2,0,3
BRDA:79,2,1,0
BRDA:89,3,0,0
BRDA:89,3,1,3
BRDA:99,4,0,3
BRDA:99,4,1,0
BRDA:102,5,0,3
BRDA:102,5,1,0
BRDA:104,6,0,0
BRDA:104,6,1,3
BRDA:115,7,0,3
BRDA:115,7,1,0
BRDA:124,8,0,0
BRDA:124,8,1,0
BRDA:131,9,0,0
BRDA:131,9,1,0
BRDA:139,10,0,5
BRDA:139,10,1,7
BRDA:149,11,0,4
BRDA:149,11,1,0
BRDA:156,12,0,2
BRDA:156,12,1,0
BRDA:161,13,0,0
BRDA:161,13,1,0
BRDA:161,14,0,0
BRDA:161,14,1,0
BRDA:168,15,0,0
BRDA:168,15,1,2
BRDA:176,16,0,2
BRDA:176,16,1,1
BRDA:178,17,0,1
BRDA:178,17,1,1
BRDA:178,18,0,2
BRDA:178,18,1,1
BRDA:182,19,0,1
BRDA:182,19,1,0
BRDA:196,20,0,1
BRDA:196,20,1,0
BRDA:198,21,0,1
BRDA:198,21,1,0
BRDA:201,22,0,1
BRDA:201,22,1,0
BRDA:232,23,0,1
BRDA:232,23,1,1
BRDA:233,24,0,2
BRDA:233,24,1,1
BRDA:233,24,2,1
BRDA:242,25,0,1
BRDA:242,25,1,0
BRF:53
BRH:29
end_of_record
TN:
SF:src/i18n/index.ts
FN:22,(anonymous_0)
FN:43,(anonymous_1)
FN:70,(anonymous_2)
FNF:3
FNH:2
FNDA:0,(anonymous_0)
FNDA:19,(anonymous_1)
FNDA:20,(anonymous_2)
DA:16,19
DA:18,0
DA:20,0
DA:23,0
DA:28,19
DA:30,19
DA:34,19
DA:43,19
DA:45,19
DA:49,19
DA:50,19
DA:53,0
DA:54,0
DA:55,0
DA:57,0
DA:58,0
DA:60,0
DA:61,0
DA:64,0
DA:70,19
DA:71,20
DA:72,1
DA:75,19
DA:88,19
DA:91,19
LF:25
LH:14
BRDA:16,0,0,0
BRDA:16,0,1,19
BRDA:16,1,0,19
BRDA:16,1,1,19
BRDA:18,2,0,0
BRDA:18,2,1,0
BRDA:45,3,0,19
BRDA:45,3,1,0
BRDA:49,4,0,19
BRDA:49,4,1,0
BRDA:54,5,0,0
BRDA:54,5,1,0
BRDA:57,6,0,0
BRDA:57,6,1,0
BRDA:60,7,0,0
BRDA:60,7,1,0
BRDA:71,8,0,1
BRDA:71,8,1,19
BRF:18
BRH:7
end_of_record
TN:
SF:src/i18n/useLanguage.ts
FN:21,(anonymous_0)
FN:28,(anonymous_1)
FNF:2
FNH:0
FNDA:0,(anonymous_0)
FNDA:0,(anonymous_1)
DA:21,0
DA:22,0
DA:28,0
DA:29,0
DA:32,0
LF:5
LH:0
BRDA:23,0,0,0
BRDA:23,0,1,0
BRF:2
BRH:0
end_of_record
TN:
SF:src/i18n/useTranslation.ts
FNF:0
FNH:0
LF:0
LH:0
BRF:0
BRH:0
end_of_record
TN:
SF:src/models/Avaliacao.ts
FNF:0
FNH:0
LF:0
LH:0
BRF:0
BRH:0
end_of_record
TN:
SF:src/models/Call.ts
FNF:0
FNH:0
LF:0
LH:0
BRF:0
BRH:0
end_of_record
TN:
SF:src/models/Corrida.ts
FN:62,(anonymous_0)
FN:69,normalizeStatus
FNF:2
FNH:2
FNDA:75,(anonymous_0)
FNDA:78,normalizeStatus
DA:28,27
DA:45,27
DA:52,27
DA:62,27
DA:63,75
DA:70,78
DA:71,78
DA:72,1
LF:8
LH:8
BRDA:71,0,0,77
BRDA:71,0,1,1
BRF:2
BRH:2
end_of_record
TN:
SF:src/models/Department.ts
FNF:0
FNH:0
LF:0
LH:0
BRF:0
BRH:0
end_of_record
TN:
SF:src/models/Message.ts
FNF:0
FNH:0
LF:0
LH:0
BRF:0
BRH:0
end_of_record
TN:
SF:src/models/Motorista.ts
FNF:0
FNH:0
LF:0
LH:0
BRF:0
BRH:0
end_of_record
TN:
SF:src/models/Notification.ts
FNF:0
FNH:0
LF:0
LH:0
BRF:0
BRH:0
end_of_record
TN:
SF:src/models/Servidor.ts
FNF:0
FNH:0
LF:0
LH:0
BRF:0
BRH:0
end_of_record
TN:
SF:src/models/User.ts
FNF:0
FNH:0
LF:0
LH:0
BRF:0
BRH:0
end_of_record
TN:
SF:src/models/Veiculo.ts
FNF:0
FNH:0
LF:0
LH:0
BRF:0
BRH:0
end_of_record
TN:
SF:src/models/index.ts
FNF:0
FNH:0
LF:0
LH:0
BRF:0
BRH:0
end_of_record
TN:
SF:src/navigation/AppHeader.tsx
FN:31,(anonymous_0)
FN:51,(anonymous_1)
FN:83,(anonymous_2)
FNF:3
FNH:0
FNDA:0,(anonymous_0)
FNDA:0,(anonymous_1)
FNDA:0,(anonymous_2)
DA:31,0
DA:38,0
DA:39,0
DA:40,0
DA:41,0
DA:43,0
DA:51,0
DA:80,0
DA:83,0
DA:84,0
LF:10
LH:0
BRDA:33,0,0,0
BRDA:46,1,0,0
BRDA:46,1,1,0
BRDA:46,2,0,0
BRDA:46,2,1,0
BRDA:74,3,0,0
BRDA:74,3,1,0
BRF:7
BRH:0
end_of_record
TN:
SF:src/navigation/AuthNavigator.tsx
FN:17,(anonymous_0)
FNF:1
FNH:0
FNDA:0,(anonymous_0)
DA:10,0
DA:17,0
DA:18,0
DA:31,0
LF:4
LH:0
BRF:0
BRH:0
end_of_record
TN:
SF:src/navigation/CallsNavigator.tsx
FN:21,(anonymous_0)
FN:33,(anonymous_1)
FNF:2
FNH:0
FNDA:0,(anonymous_0)
FNDA:0,(anonymous_1)
DA:13,0
DA:21,0
DA:22,0
DA:33,0
DA:59,0
LF:5
LH:0
BRF:0
BRH:0
end_of_record
TN:
SF:src/navigation/ChatNavigator.tsx
FN:20,(anonymous_0)
FN:24,(anonymous_1)
FN:42,(anonymous_2)
FNF:3
FNH:0
FNDA:0,(anonymous_0)
FNDA:0,(anonymous_1)
FNDA:0,(anonymous_2)
DA:13,0
DA:20,0
DA:21,0
DA:25,0
DA:42,0
DA:53,0
LF:6
LH:0
BRDA:27,0,0,0
BRDA:27,0,1,0
BRF:2
BRH:0
end_of_record
TN:
SF:src/navigation/CorridasNavigator.tsx
FN:29,(anonymous_0)
FNF:1
FNH:0
FNDA:0,(anonymous_0)
DA:22,0
DA:29,0
DA:30,0
DA:31,0
DA:33,0
DA:69,0
LF:6
LH:0
BRF:0
BRH:0
end_of_record
TN:
SF:src/navigation/MainTabNavigator.tsx
FN:21,(anonymous_0)
FN:25,(anonymous_1)
FNF:2
FNH:0
FNDA:0,(anonymous_0)
FNDA:0,(anonymous_1)
DA:14,0
DA:21,0
DA:22,0
DA:25,0
DA:55,0
LF:5
LH:0
BRF:0
BRH:0
end_of_record
TN:
SF:src/navigation/MotoristaCorridasNavigator.tsx
FN:37,(anonymous_0)
FN:42,(anonymous_1)
FN:50,(anonymous_2)
FN:111,(anonymous_3)
FNF:4
FNH:0
FNDA:0,(anonymous_0)
FNDA:0,(anonymous_1)
FNDA:0,(anonymous_2)
FNDA:0,(anonymous_3)
DA:30,1
DA:37,1
DA:38,0
DA:39,0
DA:40,0
DA:42,0
DA:44,0
DA:48,0
DA:50,0
DA:51,0
DA:52,0
DA:55,0
DA:56,0
DA:63,0
DA:111,1
DA:112,0
DA:115,1
LF:17
LH:4
BRDA:44,0,0,0
BRDA:44,0,1,0
BRDA:55,1,0,0
BRDA:55,1,1,0
BRDA:55,2,0,0
BRDA:55,2,1,0
BRF:6
BRH:0
end_of_record
TN:
SF:src/navigation/MotoristaNavigator.tsx
FN:29,(anonymous_0)
FN:33,(anonymous_1)
FN:41,(anonymous_2)
FNF:3
FNH:0
FNDA:0,(anonymous_0)
FNDA:0,(anonymous_1)
FNDA:0,(anonymous_2)
DA:18,1
DA:21,1
DA:29,1
DA:30,0
DA:33,1
DA:41,1
DA:42,0
DA:52,1
LF:8
LH:6
BRF:0
BRH:0
end_of_record
TN:
SF:src/navigation/PassageiroCorridasNavigator.tsx
FN:34,(anonymous_0)
FNF:1
FNH:0
FNDA:0,(anonymous_0)
DA:25,0
DA:34,0
DA:35,0
DA:36,0
DA:38,0
DA:80,0
LF:6
LH:0
BRF:0
BRH:0
end_of_record
TN:
SF:src/navigation/PassageiroNavigator.tsx
FN:35,(anonymous_0)
FN:39,(anonymous_1)
FN:47,(anonymous_2)
FNF:3
FNH:0
FNDA:0,(anonymous_0)
FNDA:0,(anonymous_1)
FNDA:0,(anonymous_2)
DA:24,0
DA:27,0
DA:35,0
DA:36,0
DA:39,0
DA:47,0
DA:48,0
DA:58,0
LF:8
LH:0
BRF:0
BRH:0
end_of_record
TN:
SF:src/navigation/ProfileNavigator.tsx
FN:36,(anonymous_0)
FNF:1
FNH:0
FNDA:0,(anonymous_0)
DA:24,1
DA:29,1
DA:36,1
DA:37,0
DA:39,0
DA:76,1
LF:6
LH:4
BRDA:29,0,0,1
BRDA:29,0,1,0
BRDA:46,1,0,0
BRDA:46,1,1,0
BRF:4
BRH:1
end_of_record
TN:
SF:src/navigation/RootNavigator.tsx
FN:43,(anonymous_0)
FN:59,(anonymous_1)
FN:73,(anonymous_2)
FN:74,(anonymous_3)
FN:75,(anonymous_4)
FN:76,(anonymous_5)
FN:77,(anonymous_6)
FNF:7
FNH:6
FNDA:4,(anonymous_0)
FNDA:0,(anonymous_1)
FNDA:4,(anonymous_2)
FNDA:8,(anonymous_3)
FNDA:8,(anonymous_4)
FNDA:8,(anonymous_5)
FNDA:8,(anonymous_6)
DA:30,1
DA:43,1
DA:47,4
DA:48,4
DA:49,0
DA:50,0
DA:59,1
DA:60,0
DA:73,1
DA:74,8
DA:75,8
DA:76,8
DA:77,8
DA:80,4
DA:81,0
DA:84,4
DA:86,4
DA:106,1
DA:108,1
LF:19
LH:15
BRDA:47,0,0,0
BRDA:47,0,1,4
BRDA:48,1,0,4
BRDA:48,1,1,0
BRDA:48,2,0,4
BRDA:48,2,1,4
BRDA:49,3,0,0
BRDA:49,3,1,0
BRDA:49,4,0,0
BRDA:49,4,1,0
BRDA:80,5,0,0
BRDA:80,5,1,4
BRDA:80,6,0,4
BRDA:80,6,1,2
BRDA:93,7,0,2
BRDA:93,7,1,2
BRDA:95,8,0,0
BRDA:95,8,1,2
BRDA:97,9,0,2
BRDA:97,9,1,0
BRF:20
BRH:11
end_of_record
TN:
SF:src/navigation/TabBar.tsx
FN:44,(anonymous_0)
FN:56,(anonymous_1)
FN:68,(anonymous_2)
FN:120,(anonymous_3)
FNF:4
FNH:0
FNDA:0,(anonymous_0)
FNDA:0,(anonymous_1)
FNDA:0,(anonymous_2)
FNDA:0,(anonymous_3)
DA:16,0
DA:17,0
DA:18,0
DA:19,0
DA:22,0
DA:31,0
DA:44,0
DA:49,0
DA:50,0
DA:51,0
DA:52,0
DA:54,0
DA:57,0
DA:58,0
DA:59,0
DA:63,0
DA:64,0
DA:66,0
DA:68,0
DA:69,0
DA:74,0
DA:75,0
DA:79,0
DA:117,0
DA:120,0
DA:121,0
LF:26
LH:0
BRDA:59,0,0,0
BRDA:59,0,1,0
BRDA:64,1,0,0
BRDA:64,1,1,0
BRDA:66,2,0,0
BRDA:66,2,1,0
BRDA:74,3,0,0
BRDA:74,3,1,0
BRDA:74,4,0,0
BRDA:74,4,1,0
BRDA:90,5,0,0
BRDA:90,5,1,0
BRDA:91,6,0,0
BRDA:91,6,1,0
BRDA:94,7,0,0
BRDA:94,7,1,0
BRDA:97,8,0,0
BRDA:97,8,1,0
BRDA:105,9,0,0
BRDA:105,9,1,0
BRDA:142,10,0,0
BRDA:142,10,1,0
BRF:22
BRH:0
end_of_record
TN:
SF:src/navigation/index.ts
FNF:0
FNH:0
LF:0
LH:0
BRF:0
BRH:0
end_of_record
TN:
SF:src/navigation/placeholders.tsx
FN:12,(anonymous_0)
FN:13,(anonymous_1)
FNF:2
FNH:0
FNDA:0,(anonymous_0)
FNDA:0,(anonymous_1)
DA:12,0
DA:13,0
DA:14,0
DA:15,0
DA:18,0
DA:19,0
DA:20,0
DA:21,0
DA:22,0
DA:23,0
DA:24,0
DA:25,0
DA:26,0
DA:27,0
DA:28,0
DA:29,0
LF:16
LH:0
BRF:0
BRH:0
end_of_record
TN:
SF:src/navigation/types.ts
FNF:0
FNH:0
LF:0
LH:0
BRF:0
BRH:0
end_of_record
TN:
SF:src/navigation/useAppNavigation.ts
FN:19,(anonymous_0)
FNF:1
FNH:0
FNDA:0,(anonymous_0)
DA:19,0
DA:20,0
LF:2
LH:0
BRF:0
BRH:0
end_of_record
TN:
SF:src/polyfills/turboModuleGuard.ts
FN:38,patchedGetEnforcing
FN:52,(anonymous_1)
FNF:2
FNH:1
FNDA:4,patchedGetEnforcing
FNDA:0,(anonymous_1)
DA:33,1
DA:38,1
DA:41,4
DA:42,4
DA:43,4
DA:44,0
DA:46,0
DA:52,1
DA:54,0
LF:9
LH:6
BRDA:43,0,0,4
BRDA:43,0,1,0
BRF:2
BRH:1
end_of_record
TN:
SF:src/screens/Auth/LoginScreen.styles.ts
FN:21,(anonymous_0)
FNF:1
FNH:1
FNDA:17,(anonymous_0)
DA:21,1
DA:22,17
DA:24,17
LF:3
LH:3
BRF:0
BRH:0
end_of_record
TN:
SF:src/screens/Auth/LoginScreen.tsx
FN:57,(anonymous_0)
FN:62,(anonymous_1)
FN:78,(anonymous_2)
FN:86,(anonymous_3)
FN:94,(anonymous_4)
FN:110,(anonymous_5)
FN:211,(anonymous_6)
FN:233,(anonymous_7)
FN:252,(anonymous_8)
FN:253,(anonymous_9)
FNF:10
FNH:8
FNDA:50,(anonymous_0)
FNDA:17,(anonymous_1)
FNDA:9,(anonymous_2)
FNDA:8,(anonymous_3)
FNDA:7,(anonymous_4)
FNDA:11,(anonymous_5)
FNDA:0,(anonymous_6)
FNDA:0,(anonymous_7)
FNDA:11,(anonymous_8)
FNDA:50,(anonymous_9)
DA:44,1
DA:57,1
DA:58,50
DA:59,50
DA:60,50
DA:61,50
DA:62,50
DA:64,50
DA:65,50
DA:67,50
DA:68,50
DA:69,50
DA:70,50
DA:71,50
DA:74,50
DA:77,50
DA:79,9
DA:80,9
DA:85,50
DA:87,8
DA:88,8
DA:94,50
DA:95,7
DA:110,50
DA:111,11
DA:112,11
DA:114,11
DA:115,2
DA:116,2
DA:117,9
DA:118,1
DA:119,1
DA:122,11
DA:123,3
DA:124,3
DA:127,11
DA:129,7
DA:130,7
DA:131,7
DA:132,5
DA:134,5
DA:135,2
DA:142,2
DA:145,3
DA:146,3
DA:150,3
DA:151,3
DA:152,3
DA:153,3
DA:154,3
DA:158,50
DA:211,0
DA:233,0
DA:252,11
DA:253,50
DA:282,1
LF:56
LH:54
BRDA:74,0,0,50
BRDA:74,0,1,50
BRDA:80,1,0,0
BRDA:80,1,1,9
BRDA:88,2,0,0
BRDA:88,2,1,8
BRDA:114,3,0,2
BRDA:114,3,1,9
BRDA:117,4,0,1
BRDA:117,4,1,8
BRDA:122,5,0,3
BRDA:122,5,1,8
BRDA:127,6,0,4
BRDA:127,6,1,7
BRDA:134,7,0,2
BRDA:134,7,1,3
BRDA:151,8,0,3
BRDA:151,8,1,0
BRDA:152,9,0,3
BRDA:152,9,1,0
BRDA:153,10,0,3
BRDA:153,10,1,2
BRDA:154,11,0,3
BRDA:154,11,1,2
BRDA:164,12,0,50
BRDA:164,12,1,0
BRDA:255,13,0,50
BRDA:255,13,1,0
BRDA:256,14,0,50
BRDA:256,14,1,7
BRDA:259,15,0,7
BRDA:259,15,1,43
BRF:32
BRH:26
end_of_record
TN:
SF:src/screens/Calls/ActiveCallScreen.tsx
FN:22,(anonymous_0)
FN:24,(anonymous_1)
FN:44,(anonymous_2)
FN:47,(anonymous_3)
FN:65,(anonymous_4)
FNF:5
FNH:4
FNDA:12,(anonymous_0)
FNDA:12,(anonymous_1)
FNDA:3,(anonymous_2)
FNDA:3,(anonymous_3)
FNDA:0,(anonymous_4)
DA:22,1
DA:23,12
DA:24,12
DA:25,12
DA:44,1
DA:45,3
DA:46,3
DA:47,3
DA:48,3
DA:63,3
DA:65,3
DA:66,0
DA:67,0
DA:70,3
DA:133,1
LF:15
LH:13
BRDA:29,0,0,0
BRDA:29,0,1,12
BRDA:32,1,0,0
BRDA:32,1,1,12
BRDA:87,2,0,0
BRDA:87,2,1,3
BRDA:108,3,0,0
BRDA:108,3,1,3
BRF:8
BRH:4
end_of_record
TN:
SF:src/screens/Calls/CallHistoryScreen.tsx
FN:31,(anonymous_0)
FN:34,(anonymous_1)
FN:39,(anonymous_2)
FN:42,(anonymous_3)
FN:51,(anonymous_4)
FN:56,(anonymous_5)
FN:57,(anonymous_6)
FN:68,(anonymous_7)
FN:88,(anonymous_8)
FN:91,(anonymous_9)
FNF:10
FNH:0
FNDA:0,(anonymous_0)
FNDA:0,(anonymous_1)
FNDA:0,(anonymous_2)
FNDA:0,(anonymous_3)
FNDA:0,(anonymous_4)
FNDA:0,(anonymous_5)
FNDA:0,(anonymous_6)
FNDA:0,(anonymous_7)
FNDA:0,(anonymous_8)
FNDA:0,(anonymous_9)
DA:19,0
DA:21,0
DA:31,0
DA:32,0
DA:33,0
DA:34,0
DA:37,0
DA:39,0
DA:41,0
DA:42,0
DA:50,0
DA:52,0
DA:56,0
DA:57,0
DA:64,0
DA:65,0
DA:69,0
DA:83,0
DA:89,0
DA:91,0
DA:139,0
LF:21
LH:0
BRDA:64,0,0,0
BRDA:64,0,1,0
BRDA:92,1,0,0
BRDA:92,1,1,0
BRDA:95,2,0,0
BRDA:95,2,1,0
BRDA:97,3,0,0
BRDA:97,3,1,0
BRF:8
BRH:0
end_of_record
TN:
SF:src/screens/Calls/CallsScreens.styles.ts
FN:5,(anonymous_0)
FNF:1
FNH:1
FNDA:26,(anonymous_0)
DA:5,1
DA:6,26
LF:2
LH:2
BRF:0
BRH:0
end_of_record
TN:
SF:src/screens/Calls/IncomingCallScreen.tsx
FN:23,(anonymous_0)
FN:26,(anonymous_1)
FN:34,(anonymous_2)
FN:37,(anonymous_3)
FN:38,(anonymous_4)
FN:58,(anonymous_5)
FN:61,(anonymous_6)
FN:68,(anonymous_7)
FN:83,(anonymous_8)
FNF:9
FNH:9
FNDA:13,(anonymous_0)
FNDA:11,(anonymous_1)
FNDA:39,(anonymous_2)
FNDA:11,(anonymous_3)
FNDA:33,(anonymous_4)
FNDA:11,(anonymous_5)
FNDA:3,(anonymous_6)
FNDA:2,(anonymous_7)
FNDA:39,(anonymous_8)
DA:13,1
DA:14,1
DA:23,1
DA:24,13
DA:25,13
DA:26,13
DA:27,13
DA:30,13
DA:33,13
DA:34,39
DA:37,13
DA:38,11
DA:39,33
DA:56,11
DA:57,11
DA:58,11
DA:61,13
DA:62,3
DA:63,3
DA:64,3
DA:68,13
DA:69,2
DA:70,2
DA:73,13
DA:84,39
DA:150,1
LF:26
LH:26
BRDA:63,0,0,3
BRDA:63,0,1,0
BRF:2
BRH:1
end_of_record
TN:
SF:src/screens/Calls/useActiveCall.ts
FN:31,(anonymous_0)
FN:33,(anonymous_1)
FN:34,(anonymous_2)
FN:44,(anonymous_3)
FN:46,(anonymous_4)
FN:47,(anonymous_5)
FN:49,(anonymous_6)
FN:55,(anonymous_7)
FN:58,(anonymous_8)
FN:58,(anonymous_9)
FN:59,(anonymous_10)
FN:59,(anonymous_11)
FN:60,(anonymous_12)
FN:60,(anonymous_13)
FN:61,(anonymous_14)
FN:61,(anonymous_15)
FN:66,(anonymous_16)
FNF:17
FNH:6
FNDA:3,(anonymous_0)
FNDA:6,(anonymous_1)
FNDA:6,(anonymous_2)
FNDA:3,(anonymous_3)
FNDA:0,(anonymous_4)
FNDA:0,(anonymous_5)
FNDA:3,(anonymous_6)
FNDA:3,(anonymous_7)
FNDA:0,(anonymous_8)
FNDA:0,(anonymous_9)
FNDA:0,(anonymous_10)
FNDA:0,(anonymous_11)
FNDA:0,(anonymous_12)
FNDA:0,(anonymous_13)
FNDA:0,(anonymous_14)
FNDA:0,(anonymous_15)
FNDA:0,(anonymous_16)
DA:31,1
DA:32,3
DA:33,6
DA:34,6
DA:36,3
DA:37,3
DA:38,3
DA:39,3
DA:40,3
DA:41,3
DA:44,3
DA:45,3
DA:46,3
DA:47,0
DA:49,3
DA:50,3
DA:54,3
DA:55,3
DA:58,3
DA:59,3
DA:60,3
DA:61,3
DA:66,3
DA:67,0
DA:68,0
DA:69,0
DA:83,0
DA:84,0
DA:87,3
LF:29
LH:23
BRDA:33,0,0,6
BRDA:33,0,1,0
BRDA:45,1,0,0
BRDA:45,1,1,3
BRDA:50,2,0,3
BRDA:50,2,1,0
BRDA:67,3,0,0
BRDA:67,3,1,0
BRDA:68,4,0,0
BRDA:68,4,1,0
BRDA:89,5,0,3
BRDA:89,5,1,0
BRDA:90,6,0,3
BRDA:90,6,1,0
BRF:14
BRH:5
end_of_record
TN:
SF:src/screens/Calls/useCallHistory.ts
FN:30,(anonymous_0)
FN:32,(anonymous_1)
FN:41,(anonymous_2)
FN:54,(anonymous_3)
FN:57,(anonymous_4)
FN:58,(anonymous_5)
FN:64,(anonymous_6)
FN:71,(anonymous_7)
FN:73,(anonymous_8)
FN:79,(anonymous_9)
FN:82,(anonymous_10)
FN:84,(anonymous_11)
FN:87,(anonymous_12)
FN:91,(anonymous_13)
FN:95,(anonymous_14)
FN:96,(anonymous_15)
FN:101,(anonymous_16)
FN:103,(anonymous_17)
FN:104,(anonymous_18)
FNF:19
FNH:0
FNDA:0,(anonymous_0)
FNDA:0,(anonymous_1)
FNDA:0,(anonymous_2)
FNDA:0,(anonymous_3)
FNDA:0,(anonymous_4)
FNDA:0,(anonymous_5)
FNDA:0,(anonymous_6)
FNDA:0,(anonymous_7)
FNDA:0,(anonymous_8)
FNDA:0,(anonymous_9)
FNDA:0,(anonymous_10)
FNDA:0,(anonymous_11)
FNDA:0,(anonymous_12)
FNDA:0,(anonymous_13)
FNDA:0,(anonymous_14)
FNDA:0,(anonymous_15)
FNDA:0,(anonymous_16)
FNDA:0,(anonymous_17)
FNDA:0,(anonymous_18)
DA:30,0
DA:31,0
DA:32,0
DA:34,0
DA:41,0
DA:42,0
DA:43,0
DA:44,0
DA:45,0
DA:46,0
DA:54,0
DA:55,0
DA:56,0
DA:57,0
DA:58,0
DA:60,0
DA:61,0
DA:62,0
DA:64,0
DA:65,0
DA:66,0
DA:67,0
DA:71,0
DA:72,0
DA:73,0
DA:74,0
DA:75,0
DA:76,0
DA:78,0
DA:79,0
DA:82,0
DA:83,0
DA:84,0
DA:87,0
DA:88,0
DA:91,0
DA:95,0
DA:96,0
DA:97,0
DA:100,0
DA:102,0
DA:103,0
DA:104,0
DA:108,0
LF:44
LH:0
BRDA:36,0,0,0
BRDA:36,0,1,0
BRDA:42,1,0,0
BRDA:42,1,1,0
BRDA:43,2,0,0
BRDA:43,2,1,0
BRDA:44,3,0,0
BRDA:44,3,1,0
BRDA:45,4,0,0
BRDA:45,4,1,0
BRDA:57,5,0,0
BRDA:57,5,1,0
BRDA:66,6,0,0
BRDA:66,6,1,0
BRDA:76,7,0,0
BRDA:76,7,1,0
BRF:16
BRH:0
end_of_record
TN:
SF:src/screens/Calls/useIncomingCall.ts
FN:63,(anonymous_0)
FN:65,(anonymous_1)
FN:66,(anonymous_2)
FN:69,(anonymous_3)
FN:70,(anonymous_4)
FN:73,(anonymous_5)
FN:77,(anonymous_6)
FN:84,(anonymous_7)
FN:100,(anonymous_8)
FNF:9
FNH:8
FNDA:13,(anonymous_0)
FNDA:34,(anonymous_1)
FNDA:34,(anonymous_2)
FNDA:11,(anonymous_3)
FNDA:0,(anonymous_4)
FNDA:11,(anonymous_5)
FNDA:11,(anonymous_6)
FNDA:3,(anonymous_7)
FNDA:2,(anonymous_8)
DA:24,1
DA:34,1
DA:63,1
DA:64,13
DA:65,34
DA:66,34
DA:69,13
DA:70,11
DA:71,0
DA:73,11
DA:76,13
DA:77,11
DA:84,13
DA:85,3
DA:86,3
DA:92,3
DA:93,3
DA:100,13
DA:101,2
DA:102,2
DA:107,2
DA:108,2
DA:111,13
LF:23
LH:22
BRDA:65,0,0,34
BRDA:65,0,1,0
BRDA:85,1,0,0
BRDA:85,1,1,3
BRDA:101,2,0,0
BRDA:101,2,1,2
BRDA:113,3,0,13
BRDA:113,3,1,2
BRDA:114,4,0,13
BRDA:114,4,1,2
BRF:10
BRH:7
end_of_record
TN:
SF:src/screens/Chat/ChatRoomScreen.tsx
FN:33,(anonymous_0)
FN:36,(anonymous_1)
FN:56,(anonymous_2)
FN:60,(anonymous_3)
FN:74,(anonymous_4)
FN:121,(anonymous_5)
FNF:6
FNH:5
FNDA:18,(anonymous_0)
FNDA:12,(anonymous_1)
FNDA:12,(anonymous_2)
FNDA:12,(anonymous_3)
FNDA:0,(anonymous_4)
FNDA:60,(anonymous_5)
DA:33,1
DA:34,18
DA:35,18
DA:36,18
DA:37,18
DA:38,18
DA:40,18
DA:41,18
DA:53,18
DA:55,18
DA:56,12
DA:59,18
DA:60,12
DA:64,18
DA:74,0
DA:122,60
DA:158,1
LF:17
LH:16
BRDA:116,0,0,18
BRDA:116,0,1,0
BRDA:119,1,0,15
BRDA:119,1,1,3
BRDA:126,2,0,30
BRDA:126,2,1,30
BRF:6
BRH:5
end_of_record
TN:
SF:src/screens/Chat/ChatScreens.styles.ts
FN:12,(anonymous_0)
FNF:1
FNH:1
FNDA:39,(anonymous_0)
DA:12,1
DA:13,39
LF:2
LH:2
BRF:0
BRH:0
end_of_record
TN:
SF:src/screens/Chat/ConversationListScreen.tsx
FN:41,(anonymous_0)
FN:44,(anonymous_1)
FN:57,(anonymous_2)
FN:72,(anonymous_3)
FN:83,(anonymous_4)
FN:97,(anonymous_5)
FN:100,(anonymous_6)
FN:105,(anonymous_7)
FN:114,(anonymous_8)
FN:161,(anonymous_9)
FN:227,(anonymous_10)
FNF:11
FNH:0
FNDA:0,(anonymous_0)
FNDA:0,(anonymous_1)
FNDA:0,(anonymous_2)
FNDA:0,(anonymous_3)
FNDA:0,(anonymous_4)
FNDA:0,(anonymous_5)
FNDA:0,(anonymous_6)
FNDA:0,(anonymous_7)
FNDA:0,(anonymous_8)
FNDA:0,(anonymous_9)
FNDA:0,(anonymous_10)
DA:27,0
DA:41,0
DA:42,0
DA:43,0
DA:44,0
DA:46,0
DA:49,0
DA:56,0
DA:58,0
DA:71,0
DA:72,0
DA:82,0
DA:83,0
DA:96,0
DA:98,0
DA:100,0
DA:101,0
DA:105,0
DA:108,0
DA:114,0
DA:157,0
DA:158,0
DA:162,0
DA:179,0
DA:227,0
DA:241,0
LF:26
LH:0
BRDA:139,0,0,0
BRDA:139,0,1,0
BRDA:143,1,0,0
BRDA:143,1,1,0
BRDA:157,2,0,0
BRDA:157,2,1,0
BRF:6
BRH:0
end_of_record
TN:
SF:src/screens/Chat/useChatRoom.ts
FN:30,(anonymous_0)
FN:35,(anonymous_1)
FN:37,(anonymous_2)
FN:42,(anonymous_3)
FN:57,(anonymous_4)
FN:60,(anonymous_5)
FN:62,(anonymous_6)
FN:63,(anonymous_7)
FN:71,(anonymous_8)
FN:71,(anonymous_9)
FN:75,(anonymous_10)
FN:77,(anonymous_11)
FN:80,(anonymous_12)
FN:86,(anonymous_13)
FN:88,(anonymous_14)
FN:99,(anonymous_15)
FN:102,(anonymous_16)
FN:104,(anonymous_17)
FN:116,(anonymous_18)
FN:121,(anonymous_19)
FN:122,(anonymous_20)
FNF:21
FNH:17
FNDA:4,(anonymous_0)
FNDA:4,(anonymous_1)
FNDA:3,(anonymous_2)
FNDA:18,(anonymous_3)
FNDA:18,(anonymous_4)
FNDA:46,(anonymous_5)
FNDA:46,(anonymous_6)
FNDA:46,(anonymous_7)
FNDA:18,(anonymous_8)
FNDA:0,(anonymous_9)
FNDA:18,(anonymous_10)
FNDA:12,(anonymous_11)
FNDA:12,(anonymous_12)
FNDA:12,(anonymous_13)
FNDA:12,(anonymous_14)
FNDA:12,(anonymous_15)
FNDA:2,(anonymous_16)
FNDA:1,(anonymous_17)
FNDA:0,(anonymous_18)
FNDA:0,(anonymous_19)
FNDA:0,(anonymous_20)
DA:30,1
DA:31,4
DA:32,4
DA:35,4
DA:37,1
DA:38,3
DA:39,3
DA:42,1
DA:43,18
DA:44,4
DA:45,4
DA:46,4
DA:47,4
DA:48,4
DA:49,4
DA:50,4
DA:52,4
DA:54,4
DA:57,1
DA:58,18
DA:59,18
DA:60,46
DA:61,18
DA:62,46
DA:63,46
DA:65,18
DA:66,18
DA:67,18
DA:68,18
DA:70,18
DA:71,18
DA:75,18
DA:77,18
DA:78,12
DA:79,12
DA:80,12
DA:81,12
DA:82,12
DA:86,18
DA:87,12
DA:88,12
DA:89,12
DA:90,12
DA:91,3
DA:92,3
DA:93,3
DA:95,3
DA:98,12
DA:99,12
DA:102,18
DA:104,18
DA:105,1
DA:106,1
DA:107,1
DA:108,1
DA:113,1
DA:114,1
DA:115,1
DA:116,1
DA:117,0
DA:121,18
DA:122,18
DA:124,18
LF:63
LH:62
BRDA:43,0,0,14
BRDA:43,0,1,4
BRDA:48,1,0,4
BRDA:48,1,1,0
BRDA:60,2,0,46
BRDA:60,2,1,0
BRDA:62,3,0,46
BRDA:62,3,1,38
BRDA:63,4,0,46
BRDA:63,4,1,46
BRDA:82,5,0,1
BRDA:82,5,1,11
BRDA:91,6,0,3
BRDA:91,6,1,0
BRDA:92,7,0,3
BRDA:92,7,1,0
BRDA:106,8,0,0
BRDA:106,8,1,1
BRF:18
BRH:13
end_of_record
TN:
SF:src/screens/Chat/useConversationList.ts
FN:71,(anonymous_0)
FN:95,(anonymous_1)
FN:102,(anonymous_2)
FN:110,(anonymous_3)
FN:126,(anonymous_4)
FN:129,(anonymous_5)
FN:130,(anonymous_6)
FN:131,(anonymous_7)
FN:138,(anonymous_8)
FN:146,(anonymous_9)
FN:149,(anonymous_10)
FN:156,(anonymous_11)
FN:164,(anonymous_12)
FN:166,(anonymous_13)
FN:174,(anonymous_14)
FN:185,(anonymous_15)
FN:187,(anonymous_16)
FN:201,(anonymous_17)
FN:203,(anonymous_18)
FN:211,(anonymous_19)
FN:215,(anonymous_20)
FN:218,(anonymous_21)
FN:233,(anonymous_22)
FN:242,(anonymous_23)
FNF:24
FNH:0
FNDA:0,(anonymous_0)
FNDA:0,(anonymous_1)
FNDA:0,(anonymous_2)
FNDA:0,(anonymous_3)
FNDA:0,(anonymous_4)
FNDA:0,(anonymous_5)
FNDA:0,(anonymous_6)
FNDA:0,(anonymous_7)
FNDA:0,(anonymous_8)
FNDA:0,(anonymous_9)
FNDA:0,(anonymous_10)
FNDA:0,(anonymous_11)
FNDA:0,(anonymous_12)
FNDA:0,(anonymous_13)
FNDA:0,(anonymous_14)
FNDA:0,(anonymous_15)
FNDA:0,(anonymous_16)
FNDA:0,(anonymous_17)
FNDA:0,(anonymous_18)
FNDA:0,(anonymous_19)
FNDA:0,(anonymous_20)
FNDA:0,(anonymous_21)
FNDA:0,(anonymous_22)
FNDA:0,(anonymous_23)
DA:71,0
DA:72,0
DA:73,0
DA:74,0
DA:76,0
DA:77,0
DA:83,0
DA:95,0
DA:99,0
DA:101,0
DA:102,0
DA:105,0
DA:106,0
DA:108,0
DA:110,0
DA:126,0
DA:127,0
DA:128,0
DA:129,0
DA:130,0
DA:131,0
DA:133,0
DA:134,0
DA:135,0
DA:138,0
DA:139,0
DA:140,0
DA:141,0
DA:146,0
DA:147,0
DA:149,0
DA:150,0
DA:151,0
DA:152,0
DA:155,0
DA:156,0
DA:157,0
DA:164,0
DA:165,0
DA:166,0
DA:174,0
DA:175,0
DA:184,0
DA:186,0
DA:187,0
DA:189,0
DA:200,0
DA:202,0
DA:203,0
DA:205,0
DA:211,0
DA:212,0
DA:214,0
DA:216,0
DA:217,0
DA:218,0
DA:221,0
DA:234,0
DA:235,0
DA:236,0
DA:243,0
DA:248,0
LF:62
LH:0
BRDA:76,0,0,0
BRDA:76,0,1,0
BRDA:99,1,0,0
BRDA:99,1,1,0
BRDA:105,2,0,0
BRDA:105,2,1,0
BRDA:106,3,0,0
BRDA:106,3,1,0
BRDA:129,4,0,0
BRDA:129,4,1,0
BRDA:140,5,0,0
BRDA:140,5,1,0
BRDA:152,6,0,0
BRDA:152,6,1,0
BRDA:225,7,0,0
BRDA:225,7,1,0
BRDA:227,8,0,0
BRDA:227,8,1,0
BRDA:230,9,0,0
BRDA:230,9,1,0
BRDA:230,9,2,0
BRDA:234,10,0,0
BRDA:234,10,1,0
BRDA:237,11,0,0
BRDA:237,11,1,0
BRF:25
BRH:0
end_of_record
TN:
SF:src/screens/Chat/components/MessageInput.tsx
FN:38,(anonymous_0)
FN:48,(anonymous_1)
FN:68,(anonymous_2)
FN:80,(anonymous_3)
FNF:4
FNH:4
FNDA:18,(anonymous_0)
FNDA:12,(anonymous_1)
FNDA:1,(anonymous_2)
FNDA:1,(anonymous_3)
DA:38,1
DA:46,18
DA:47,18
DA:48,18
DA:50,18
DA:51,18
DA:54,18
DA:55,18
DA:56,3
DA:57,3
DA:68,18
DA:69,1
DA:80,1
DA:83,18
DA:145,1
LF:15
LH:15
BRDA:50,0,0,2
BRDA:50,0,1,16
BRDA:55,1,0,3
BRDA:55,1,1,15
BRDA:58,2,0,2
BRDA:58,2,1,1
BRDA:112,3,0,2
BRDA:112,3,1,16
BRF:8
BRH:8
end_of_record
TN:
SF:src/screens/Chat/components/MessageList.tsx
FN:68,(anonymous_0)
FN:75,(anonymous_1)
FN:76,(anonymous_2)
FN:85,(anonymous_3)
FN:99,(anonymous_4)
FN:110,(anonymous_5)
FN:128,(anonymous_6)
FN:161,(anonymous_7)
FNF:8
FNH:6
FNDA:3,(anonymous_0)
FNDA:3,(anonymous_1)
FNDA:6,(anonymous_2)
FNDA:9,(anonymous_3)
FNDA:0,(anonymous_4)
FNDA:0,(anonymous_5)
FNDA:6,(anonymous_6)
FNDA:3,(anonymous_7)
DA:20,1
DA:22,1
DA:24,1
DA:68,1
DA:74,3
DA:75,3
DA:76,6
DA:84,3
DA:86,9
DA:98,3
DA:104,0
DA:107,0
DA:111,0
DA:116,0
DA:127,3
DA:129,6
DA:130,3
DA:141,3
DA:142,3
DA:154,3
DA:161,3
DA:175,1
LF:22
LH:18
BRDA:76,0,0,6
BRDA:76,0,1,0
BRDA:86,1,0,6
BRDA:86,1,1,3
BRDA:104,2,0,0
BRDA:104,2,1,0
BRDA:112,3,0,0
BRDA:112,3,1,0
BRDA:129,4,0,3
BRDA:129,4,1,3
BRF:10
BRH:5
end_of_record
TN:
SF:src/screens/Chat/components/TypingIndicator.tsx
FN:28,(anonymous_0)
FN:34,(anonymous_1)
FN:37,(anonymous_2)
FN:40,(anonymous_3)
FN:43,(anonymous_4)
FN:66,(anonymous_5)
FN:68,(anonymous_6)
FN:76,(anonymous_7)
FNF:8
FNH:4
FNDA:18,(anonymous_0)
FNDA:12,(anonymous_1)
FNDA:54,(anonymous_2)
FNDA:12,(anonymous_3)
FNDA:0,(anonymous_4)
FNDA:0,(anonymous_5)
FNDA:0,(anonymous_6)
FNDA:0,(anonymous_7)
DA:15,1
DA:17,1
DA:28,1
DA:32,18
DA:33,18
DA:34,18
DA:36,18
DA:37,54
DA:40,18
DA:41,12
DA:43,0
DA:44,0
DA:63,0
DA:64,0
DA:66,0
DA:67,0
DA:68,0
DA:72,18
DA:74,0
DA:77,0
DA:90,1
LF:21
LH:12
BRDA:41,0,0,12
BRDA:41,0,1,0
BRDA:72,1,0,18
BRDA:72,1,1,0
BRF:4
BRH:2
end_of_record
TN:
SF:src/screens/Corridas/AcompanharCorrida.styles.ts
FN:21,(anonymous_0)
FNF:1
FNH:1
FNDA:18,(anonymous_0)
DA:21,2
DA:22,18
DA:24,18
LF:3
LH:3
BRF:0
BRH:0
end_of_record
TN:
SF:src/screens/Corridas/AcompanharCorridaScreen.tsx
FN:44,(anonymous_0)
FN:52,(anonymous_1)
FN:53,(anonymous_2)
FN:55,(anonymous_3)
FN:73,(anonymous_4)
FN:81,(anonymous_5)
FN:91,(anonymous_6)
FN:101,(anonymous_7)
FN:102,(anonymous_8)
FN:109,(anonymous_9)
FN:196,(anonymous_10)
FN:244,(anonymous_11)
FN:258,(anonymous_12)
FNF:13
FNH:12
FNDA:65,(anonymous_0)
FNDA:18,(anonymous_1)
FNDA:18,(anonymous_2)
FNDA:183,(anonymous_3)
FNDA:18,(anonymous_4)
FNDA:53,(anonymous_5)
FNDA:4,(anonymous_6)
FNDA:3,(anonymous_7)
FNDA:3,(anonymous_8)
FNDA:5,(anonymous_9)
FNDA:10,(anonymous_10)
FNDA:5,(anonymous_11)
FNDA:0,(anonymous_12)
DA:44,2
DA:45,65
DA:46,65
DA:47,65
DA:48,65
DA:49,65
DA:50,65
DA:52,65
DA:53,65
DA:55,183
DA:66,65
DA:68,65
DA:69,65
DA:71,65
DA:73,65
DA:74,18
DA:75,18
DA:76,18
DA:77,18
DA:81,65
DA:82,53
DA:83,52
DA:84,52
DA:85,0
DA:91,65
DA:92,4
DA:93,1
DA:94,1
DA:96,3
DA:102,3
DA:108,65
DA:110,5
DA:122,65
DA:123,3
DA:130,62
DA:131,62
DA:132,62
DA:134,62
DA:136,62
DA:196,10
DA:244,5
DA:258,0
DA:274,2
LF:43
LH:41
BRDA:74,0,0,0
BRDA:74,0,1,18
BRDA:82,1,0,1
BRDA:82,1,1,52
BRDA:84,2,0,0
BRDA:84,2,1,52
BRDA:92,3,0,1
BRDA:92,3,1,3
BRDA:122,4,0,3
BRDA:122,4,1,62
BRDA:134,5,0,62
BRDA:134,5,1,60
BRDA:165,6,0,62
BRDA:165,6,1,2
BRDA:170,7,0,62
BRDA:170,7,1,0
BRDA:170,7,2,0
BRDA:187,8,0,17
BRDA:187,8,1,45
BRDA:189,9,0,40
BRDA:189,9,1,5
BRDA:205,10,0,62
BRDA:205,10,1,4
BRDA:212,11,0,62
BRDA:212,11,1,53
BRDA:215,12,0,10
BRDA:215,12,1,43
BRDA:231,13,0,10
BRDA:231,13,1,0
BRDA:233,14,0,0
BRDA:233,14,1,10
BRDA:254,15,0,62
BRDA:254,15,1,57
BRDA:265,16,0,62
BRDA:265,16,1,0
BRF:35
BRH:28
end_of_record
TN:
SF:src/screens/Corridas/AdminAvaliacoes.styles.ts
FN:15,(anonymous_0)
FNF:1
FNH:1
FNDA:6,(anonymous_0)
DA:15,1
DA:16,6
DA:18,6
LF:3
LH:3
BRF:0
BRH:0
end_of_record
TN:
SF:src/screens/Corridas/AdminAvaliacoesScreen.tsx
FN:36,(anonymous_0)
FN:39,(anonymous_1)
FN:41,(anonymous_2)
FN:56,(anonymous_3)
FN:95,(anonymous_4)
FN:98,(anonymous_5)
FN:103,(anonymous_6)
FN:112,(anonymous_7)
FN:115,(anonymous_8)
FNF:9
FNH:9
FNDA:3,(anonymous_0)
FNDA:3,(anonymous_1)
FNDA:3,(anonymous_2)
FNDA:15,(anonymous_3)
FNDA:11,(anonymous_4)
FNDA:3,(anonymous_5)
FNDA:3,(anonymous_6)
FNDA:4,(anonymous_7)
FNDA:3,(anonymous_8)
DA:25,1
DA:36,1
DA:37,3
DA:38,3
DA:39,3
DA:41,3
DA:42,3
DA:43,3
DA:45,0
DA:49,3
DA:57,15
DA:95,1
DA:96,11
DA:97,11
DA:98,11
DA:100,11
DA:102,11
DA:104,3
DA:112,11
DA:114,11
DA:116,3
DA:128,11
DA:184,1
LF:23
LH:22
BRDA:51,0,0,3
BRDA:51,0,1,1
BRDA:59,1,0,12
BRDA:59,1,1,3
BRDA:62,2,0,12
BRDA:62,2,1,3
BRDA:71,3,0,2
BRDA:71,3,1,1
BRDA:142,4,0,4
BRDA:142,4,1,7
BRDA:146,5,0,3
BRDA:146,5,1,4
BRDA:167,6,0,4
BRDA:167,6,1,3
BRF:14
BRH:14
end_of_record
TN:
SF:src/screens/Corridas/AvaliarCorridaScreen.tsx
FN:41,(anonymous_0)
FN:109,(anonymous_1)
FN:119,(anonymous_2)
FN:126,(anonymous_3)
FN:131,(anonymous_4)
FN:141,(anonymous_5)
FN:186,(anonymous_6)
FN:191,(anonymous_7)
FN:226,(anonymous_8)
FN:243,(anonymous_9)
FNF:10
FNH:0
FNDA:0,(anonymous_0)
FNDA:0,(anonymous_1)
FNDA:0,(anonymous_2)
FNDA:0,(anonymous_3)
FNDA:0,(anonymous_4)
FNDA:0,(anonymous_5)
FNDA:0,(anonymous_6)
FNDA:0,(anonymous_7)
FNDA:0,(anonymous_8)
FNDA:0,(anonymous_9)
DA:34,0
DA:35,0
DA:41,0
DA:42,0
DA:109,0
DA:110,0
DA:111,0
DA:112,0
DA:113,0
DA:114,0
DA:115,0
DA:116,0
DA:117,0
DA:119,0
DA:121,0
DA:122,0
DA:123,0
DA:125,0
DA:126,0
DA:131,0
DA:132,0
DA:133,0
DA:134,0
DA:135,0
DA:136,0
DA:137,0
DA:141,0
DA:142,0
DA:143,0
DA:144,0
DA:145,0
DA:149,0
DA:150,0
DA:152,0
DA:153,0
DA:155,0
DA:156,0
DA:158,0
DA:159,0
DA:161,0
DA:162,0
DA:164,0
DA:166,0
DA:167,0
DA:169,0
DA:170,0
DA:172,0
DA:176,0
DA:187,0
DA:191,0
DA:226,0
DA:243,0
DA:252,0
LF:53
LH:0
BRDA:132,0,0,0
BRDA:132,0,1,0
BRDA:136,1,0,0
BRDA:136,1,1,0
BRDA:142,2,0,0
BRDA:142,2,1,0
BRDA:147,3,0,0
BRDA:147,3,1,0
BRDA:149,4,0,0
BRDA:149,4,1,0
BRDA:150,5,0,0
BRDA:150,5,1,0
BRDA:150,5,2,0
BRDA:150,5,3,0
BRDA:150,5,4,0
BRDA:195,6,0,0
BRDA:195,6,1,0
BRDA:196,7,0,0
BRDA:196,7,1,0
BRDA:199,8,0,0
BRDA:199,8,1,0
BRDA:225,9,0,0
BRDA:225,9,1,0
BRDA:229,10,0,0
BRDA:229,10,1,0
BRDA:229,10,2,0
BRDA:232,11,0,0
BRDA:232,11,1,0
BRF:28
BRH:0
end_of_record
TN:
SF:src/screens/Corridas/CorridaDetalheScreen.tsx
FN:30,(anonymous_0)
FN:36,(anonymous_1)
FN:41,(anonymous_2)
FN:61,(anonymous_3)
FN:72,(anonymous_4)
FN:73,(anonymous_5)
FN:81,(anonymous_6)
FN:98,(anonymous_7)
FN:106,(anonymous_8)
FN:107,(anonymous_9)
FN:114,(anonymous_10)
FN:118,(anonymous_11)
FN:264,(anonymous_12)
FNF:13
FNH:0
FNDA:0,(anonymous_0)
FNDA:0,(anonymous_1)
FNDA:0,(anonymous_2)
FNDA:0,(anonymous_3)
FNDA:0,(anonymous_4)
FNDA:0,(anonymous_5)
FNDA:0,(anonymous_6)
FNDA:0,(anonymous_7)
FNDA:0,(anonymous_8)
FNDA:0,(anonymous_9)
FNDA:0,(anonymous_10)
FNDA:0,(anonymous_11)
FNDA:0,(anonymous_12)
DA:30,1
DA:31,0
DA:32,0
DA:33,0
DA:36,1
DA:37,0
DA:38,0
DA:41,1
DA:42,0
DA:43,0
DA:61,1
DA:62,0
DA:72,1
DA:73,0
DA:74,0
DA:75,0
DA:76,0
DA:77,0
DA:79,0
DA:82,0
DA:98,1
DA:99,0
DA:100,0
DA:101,0
DA:102,0
DA:103,0
DA:104,0
DA:106,0
DA:107,0
DA:109,0
DA:110,0
DA:111,0
DA:112,0
DA:114,0
DA:115,0
DA:116,0
DA:118,0
DA:119,0
DA:120,0
DA:121,0
DA:122,0
DA:123,0
DA:124,0
DA:125,0
DA:126,0
DA:136,0
DA:142,0
DA:143,0
DA:150,0
DA:151,0
DA:159,0
DA:165,0
DA:167,0
DA:258,1
DA:264,1
DA:266,0
LF:56
LH:8
BRDA:32,0,0,0
BRDA:32,0,1,0
BRDA:37,1,0,0
BRDA:37,1,1,0
BRDA:42,2,0,0
BRDA:42,2,1,0
BRDA:75,3,0,0
BRDA:75,3,1,0
BRDA:76,4,0,0
BRDA:76,4,1,0
BRDA:115,5,0,0
BRDA:115,5,1,0
BRDA:122,6,0,0
BRDA:122,6,1,0
BRDA:128,7,0,0
BRDA:128,7,1,0
BRDA:128,7,2,0
BRDA:129,8,0,0
BRDA:129,8,1,0
BRDA:129,8,2,0
BRDA:130,9,0,0
BRDA:130,9,1,0
BRDA:131,10,0,0
BRDA:131,10,1,0
BRDA:131,10,2,0
BRDA:132,11,0,0
BRDA:132,11,1,0
BRDA:132,11,2,0
BRDA:133,12,0,0
BRDA:133,12,1,0
BRDA:136,13,0,0
BRDA:136,13,1,0
BRDA:142,14,0,0
BRDA:142,14,1,0
BRDA:150,15,0,0
BRDA:150,15,1,0
BRDA:150,16,0,0
BRDA:150,16,1,0
BRDA:154,17,0,0
BRDA:154,17,1,0
BRDA:177,18,0,0
BRDA:177,18,1,0
BRDA:182,19,0,0
BRDA:182,19,1,0
BRDA:184,20,0,0
BRDA:184,20,1,0
BRDA:184,21,0,0
BRDA:184,21,1,0
BRDA:187,22,0,0
BRDA:187,22,1,0
BRDA:187,23,0,0
BRDA:187,23,1,0
BRDA:190,24,0,0
BRDA:190,24,1,0
BRDA:193,25,0,0
BRDA:193,25,1,0
BRDA:199,26,0,0
BRDA:199,26,1,0
BRDA:202,27,0,0
BRDA:202,27,1,0
BRDA:206,28,0,0
BRDA:206,28,1,0
BRDA:209,29,0,0
BRDA:209,29,1,0
BRDA:216,30,0,0
BRDA:216,30,1,0
BRDA:216,31,0,0
BRDA:216,31,1,0
BRDA:224,32,0,0
BRDA:224,32,1,0
BRDA:231,33,0,0
BRDA:231,33,1,0
BRDA:234,34,0,0
BRDA:234,34,1,0
BRDA:235,35,0,0
BRDA:235,35,1,0
BRDA:236,36,0,0
BRDA:236,36,1,0
BRDA:237,37,0,0
BRDA:237,37,1,0
BRDA:238,38,0,0
BRDA:238,38,1,0
BRDA:239,39,0,0
BRDA:239,39,1,0
BRF:84
BRH:0
end_of_record
TN:
SF:src/screens/Corridas/CorridaMensagensScreen.tsx
FN:72,(anonymous_0)
FN:118,(anonymous_1)
FN:127,(anonymous_2)
FN:128,(anonymous_3)
FN:130,(anonymous_4)
FN:131,(anonymous_5)
FN:141,(anonymous_6)
FN:147,(anonymous_7)
FN:149,(anonymous_8)
FN:155,(anonymous_9)
FN:166,(anonymous_10)
FN:168,(anonymous_11)
FN:175,(anonymous_12)
FN:177,(anonymous_13)
FN:195,(anonymous_14)
FN:196,(anonymous_15)
FN:200,(anonymous_16)
FN:203,(anonymous_17)
FN:215,(anonymous_18)
FN:275,(anonymous_19)
FN:276,(anonymous_20)
FN:303,(anonymous_21)
FN:326,(anonymous_22)
FNF:23
FNH:19
FNDA:6,(anonymous_0)
FNDA:30,(anonymous_1)
FNDA:10,(anonymous_2)
FNDA:10,(anonymous_3)
FNDA:89,(anonymous_4)
FNDA:89,(anonymous_5)
FNDA:0,(anonymous_6)
FNDA:10,(anonymous_7)
FNDA:10,(anonymous_8)
FNDA:10,(anonymous_9)
FNDA:10,(anonymous_10)
FNDA:3,(anonymous_11)
FNDA:30,(anonymous_12)
FNDA:0,(anonymous_13)
FNDA:30,(anonymous_14)
FNDA:0,(anonymous_15)
FNDA:30,(anonymous_16)
FNDA:1,(anonymous_17)
FNDA:8,(anonymous_18)
FNDA:16,(anonymous_19)
FNDA:0,(anonymous_20)
FNDA:1,(anonymous_21)
FNDA:10,(anonymous_22)
DA:47,2
DA:72,2
DA:73,6
DA:74,6
DA:75,6
DA:77,6
DA:79,2
DA:90,4
DA:98,2
DA:118,2
DA:119,30
DA:120,30
DA:121,30
DA:122,30
DA:123,30
DA:124,30
DA:125,30
DA:127,30
DA:128,30
DA:130,89
DA:131,89
DA:132,30
DA:134,30
DA:136,30
DA:137,30
DA:138,30
DA:139,30
DA:141,30
DA:142,0
DA:147,30
DA:148,10
DA:149,10
DA:150,10
DA:155,30
DA:156,10
DA:158,10
DA:159,10
DA:160,10
DA:161,10
DA:166,30
DA:167,10
DA:168,4
DA:169,3
DA:175,30
DA:176,30
DA:178,0
DA:195,30
DA:196,30
DA:197,0
DA:198,0
DA:200,30
DA:203,30
DA:204,1
DA:205,1
DA:207,1
DA:208,1
DA:210,1
DA:211,1
DA:214,30
DA:216,8
DA:217,8
DA:221,8
DA:251,30
DA:253,30
DA:275,16
DA:276,0
DA:303,1
DA:320,2
DA:326,2
DA:329,10
DA:330,10
LF:71
LH:66
BRDA:72,0,0,0
BRDA:75,1,0,2
BRDA:75,1,1,4
BRDA:77,2,0,2
BRDA:77,2,1,4
BRDA:91,3,0,2
BRDA:91,3,1,2
BRDA:130,4,0,89
BRDA:130,4,1,0
BRDA:130,4,2,0
BRDA:158,5,0,10
BRDA:158,5,1,0
BRDA:167,6,0,4
BRDA:167,6,1,6
BRDA:205,7,0,0
BRDA:205,7,1,1
BRDA:205,8,0,1
BRDA:205,8,1,1
BRDA:223,9,0,8
BRDA:223,9,1,6
BRDA:225,10,0,8
BRDA:225,10,1,6
BRDA:226,11,0,8
BRDA:226,11,1,6
BRDA:230,12,0,8
BRDA:230,12,1,6
BRDA:234,13,0,8
BRDA:234,13,1,6
BRDA:251,14,0,0
BRDA:251,14,1,30
BRDA:255,15,0,30
BRDA:255,15,1,0
BRDA:258,16,0,11
BRDA:258,16,1,19
BRDA:266,17,0,11
BRDA:266,17,1,8
BRDA:302,18,0,30
BRDA:302,18,1,1
BRDA:306,19,0,30
BRDA:306,19,1,1
BRDA:306,19,2,29
BRDA:309,20,0,0
BRDA:309,20,1,30
BRF:43
BRH:35
end_of_record
TN:
SF:src/screens/Corridas/CorridasListScreen.tsx
FN:35,(anonymous_0)
FN:43,(anonymous_1)
FN:48,(anonymous_2)
FN:49,(anonymous_3)
FN:58,(anonymous_4)
FN:67,(anonymous_5)
FNF:6
FNH:0
FNDA:0,(anonymous_0)
FNDA:0,(anonymous_1)
FNDA:0,(anonymous_2)
FNDA:0,(anonymous_3)
FNDA:0,(anonymous_4)
FNDA:0,(anonymous_5)
DA:35,0
DA:36,0
DA:37,0
DA:38,0
DA:39,0
DA:40,0
DA:41,0
DA:43,0
DA:45,0
DA:48,0
DA:49,0
DA:50,0
DA:51,0
DA:52,0
DA:55,0
DA:58,0
DA:59,0
DA:60,0
DA:61,0
DA:63,0
DA:67,0
DA:68,0
DA:71,0
DA:73,0
DA:164,0
LF:25
LH:0
BRDA:51,0,0,0
BRDA:51,0,1,0
BRDA:59,1,0,0
BRDA:59,1,1,0
BRDA:60,2,0,0
BRDA:60,2,1,0
BRDA:71,3,0,0
BRDA:71,3,1,0
BRDA:83,4,0,0
BRDA:83,4,1,0
BRDA:142,5,0,0
BRDA:142,5,1,0
BRF:12
BRH:0
end_of_record
TN:
SF:src/screens/Corridas/CorridasScreens.styles.ts
FN:13,(anonymous_0)
FN:211,(anonymous_1)
FNF:2
FNH:2
FNDA:32,(anonymous_0)
FNDA:77,(anonymous_1)
DA:13,5
DA:14,32
DA:211,5
DA:212,77
DA:221,77
LF:5
LH:5
BRDA:221,0,0,77
BRDA:221,0,1,77
BRF:2
BRH:2
end_of_record
TN:
SF:src/screens/Corridas/FilaEspera.styles.ts
FN:16,(anonymous_0)
FNF:1
FNH:1
FNDA:6,(anonymous_0)
DA:16,3
DA:17,6
DA:19,6
LF:3
LH:3
BRF:0
BRH:0
end_of_record
TN:
SF:src/screens/Corridas/FilaEsperaCard.tsx
FN:32,(anonymous_0)
FN:35,(anonymous_1)
FNF:2
FNH:2
FNDA:6,(anonymous_0)
FNDA:6,(anonymous_1)
DA:31,3
DA:33,6
DA:34,6
DA:35,6
DA:37,6
DA:38,1
DA:46,5
DA:49,3
DA:50,1
DA:54,2
DA:55,1
DA:63,1
DA:64,1
DA:65,1
DA:66,1
DA:67,1
DA:68,1
DA:70,1
DA:112,3
LF:19
LH:19
BRDA:32,0,0,5
BRDA:37,1,0,1
BRDA:37,1,1,5
BRDA:46,2,0,2
BRDA:46,2,1,3
BRDA:49,3,0,1
BRDA:49,3,1,2
BRDA:49,4,0,3
BRDA:49,4,1,2
BRDA:49,4,2,1
BRDA:54,5,0,1
BRDA:54,5,1,1
BRDA:63,6,0,1
BRDA:63,6,1,0
BRDA:64,7,0,1
BRDA:64,7,1,0
BRDA:65,8,0,1
BRDA:65,8,1,0
BRDA:66,9,0,1
BRDA:66,9,1,0
BRF:20
BRH:16
end_of_record
TN:
SF:src/screens/Corridas/HistoricoCorridas.styles.ts
FN:16,(anonymous_0)
FNF:1
FNH:0
FNDA:0,(anonymous_0)
DA:16,1
DA:17,0
DA:19,0
LF:3
LH:1
BRF:0
BRH:0
end_of_record
TN:
SF:src/screens/Corridas/MotoristaCorridaScreen.tsx
FN:40,(anonymous_0)
FN:48,(anonymous_1)
FN:66,(anonymous_2)
FN:70,(anonymous_3)
FN:74,(anonymous_4)
FN:75,(anonymous_5)
FN:78,(anonymous_6)
FN:82,(anonymous_7)
FN:90,(anonymous_8)
FN:95,(anonymous_9)
FN:100,(anonymous_10)
FN:106,(anonymous_11)
FN:112,(anonymous_12)
FN:113,(anonymous_13)
FN:215,(anonymous_14)
FNF:15
FNH:4
FNDA:6,(anonymous_0)
FNDA:4,(anonymous_1)
FNDA:4,(anonymous_2)
FNDA:2,(anonymous_3)
FNDA:0,(anonymous_4)
FNDA:0,(anonymous_5)
FNDA:0,(anonymous_6)
FNDA:0,(anonymous_7)
FNDA:0,(anonymous_8)
FNDA:0,(anonymous_9)
FNDA:0,(anonymous_10)
FNDA:0,(anonymous_11)
FNDA:0,(anonymous_12)
FNDA:0,(anonymous_13)
FNDA:0,(anonymous_14)
DA:40,2
DA:41,6
DA:42,6
DA:43,6
DA:44,6
DA:45,6
DA:46,6
DA:48,6
DA:61,6
DA:63,6
DA:64,6
DA:66,6
DA:67,4
DA:70,6
DA:71,2
DA:74,6
DA:75,0
DA:78,6
DA:79,0
DA:82,6
DA:83,0
DA:90,6
DA:91,0
DA:96,0
DA:100,0
DA:106,6
DA:107,0
DA:113,0
DA:114,0
DA:121,6
DA:122,1
DA:130,5
DA:133,5
DA:215,0
DA:305,2
LF:35
LH:25
BRDA:75,0,0,0
BRDA:75,0,1,0
BRDA:84,1,0,0
BRDA:84,1,1,0
BRDA:97,2,0,0
BRDA:97,2,1,0
BRDA:121,3,0,1
BRDA:121,3,1,5
BRDA:130,4,0,5
BRDA:130,4,1,5
BRDA:159,5,0,0
BRDA:159,5,1,5
BRDA:171,6,0,5
BRDA:171,6,1,5
BRDA:171,6,2,5
BRDA:175,7,0,5
BRDA:175,7,1,4
BRDA:182,8,0,4
BRDA:182,8,1,0
BRDA:184,9,0,0
BRDA:184,9,1,4
BRDA:190,10,0,0
BRDA:190,10,1,4
BRDA:206,11,0,0
BRDA:206,11,1,0
BRDA:224,12,0,5
BRDA:224,12,1,1
BRDA:230,13,0,1
BRDA:230,13,1,0
BRDA:232,14,0,0
BRDA:232,14,1,1
BRDA:240,15,0,5
BRDA:240,15,1,0
BRDA:246,16,0,0
BRDA:246,16,1,0
BRDA:248,17,0,0
BRDA:248,17,1,0
BRDA:256,18,0,5
BRDA:256,18,1,0
BRDA:262,19,0,0
BRDA:262,19,1,0
BRDA:264,20,0,0
BRDA:264,20,1,0
BRDA:277,21,0,5
BRDA:277,21,1,0
BRDA:284,22,0,5
BRDA:284,22,1,0
BRDA:287,23,0,0
BRDA:287,23,1,0
BRDA:289,24,0,0
BRDA:289,24,1,0
BRDA:296,25,0,5
BRDA:296,25,1,0
BRF:53
BRH:22
end_of_record
TN:
SF:src/screens/Corridas/PassageiroCorridasListScreen.tsx
FN:38,(anonymous_0)
FN:62,(anonymous_1)
FN:63,(anonymous_2)
FN:75,(anonymous_3)
FN:76,(anonymous_4)
FN:124,(anonymous_5)
FN:129,(anonymous_6)
FN:131,(anonymous_7)
FN:141,(anonymous_8)
FN:161,(anonymous_9)
FN:165,(anonymous_10)
FN:170,(anonymous_11)
FN:175,(anonymous_12)
FN:182,(anonymous_13)
FN:187,(anonymous_14)
FN:193,(anonymous_15)
FN:195,(anonymous_16)
FN:204,(anonymous_17)
FN:213,(anonymous_18)
FN:244,(anonymous_19)
FN:290,(anonymous_20)
FN:355,(anonymous_21)
FNF:22
FNH:9
FNDA:0,(anonymous_0)
FNDA:0,(anonymous_1)
FNDA:0,(anonymous_2)
FNDA:0,(anonymous_3)
FNDA:0,(anonymous_4)
FNDA:12,(anonymous_5)
FNDA:16,(anonymous_6)
FNDA:4,(anonymous_7)
FNDA:4,(anonymous_8)
FNDA:4,(anonymous_9)
FNDA:4,(anonymous_10)
FNDA:0,(anonymous_11)
FNDA:0,(anonymous_12)
FNDA:0,(anonymous_13)
FNDA:0,(anonymous_14)
FNDA:0,(anonymous_15)
FNDA:8,(anonymous_16)
FNDA:8,(anonymous_17)
FNDA:0,(anonymous_18)
FNDA:0,(anonymous_19)
FNDA:4,(anonymous_20)
FNDA:0,(anonymous_21)
DA:32,1
DA:38,1
DA:39,0
DA:41,0
DA:43,0
DA:46,0
DA:47,0
DA:62,1
DA:63,0
DA:64,0
DA:65,0
DA:71,0
DA:75,0
DA:76,0
DA:112,1
DA:124,1
DA:125,12
DA:126,12
DA:127,12
DA:128,12
DA:129,16
DA:131,12
DA:133,12
DA:134,12
DA:135,12
DA:136,12
DA:137,12
DA:138,12
DA:139,12
DA:141,12
DA:142,4
DA:143,4
DA:144,4
DA:145,4
DA:147,4
DA:149,4
DA:150,4
DA:151,4
DA:153,4
DA:154,0
DA:155,0
DA:158,4
DA:159,4
DA:160,4
DA:161,4
DA:165,12
DA:166,4
DA:170,12
DA:171,0
DA:172,0
DA:175,12
DA:176,0
DA:177,0
DA:181,12
DA:182,0
DA:186,12
DA:188,0
DA:193,12
DA:195,12
DA:196,8
DA:197,0
DA:204,12
DA:205,8
DA:206,8
DA:207,0
DA:213,0
DA:221,8
DA:230,12
DA:244,0
DA:283,1
DA:290,1
DA:291,4
DA:292,4
DA:355,1
DA:356,0
DA:357,0
LF:76
LH:51
BRDA:39,0,0,0
BRDA:39,0,1,0
BRDA:39,0,2,0
BRDA:39,0,3,0
BRDA:39,0,4,0
BRDA:39,0,5,0
BRDA:39,0,6,0
BRDA:39,0,7,0
BRDA:76,1,0,0
BRDA:76,1,1,0
BRDA:96,2,0,0
BRDA:96,2,1,0
BRDA:104,3,0,0
BRDA:104,3,1,0
BRDA:142,4,0,0
BRDA:142,4,1,4
BRDA:144,5,0,4
BRDA:144,5,1,0
BRDA:153,6,0,0
BRDA:153,6,1,4
BRDA:161,7,0,4
BRDA:161,7,1,0
BRDA:176,8,0,0
BRDA:176,8,1,0
BRDA:176,9,0,0
BRDA:176,9,1,0
BRDA:196,10,0,8
BRDA:196,10,1,0
BRDA:196,11,0,8
BRDA:196,11,1,0
BRDA:205,12,0,0
BRDA:205,12,1,8
BRDA:206,13,0,0
BRDA:206,13,1,8
BRDA:240,14,0,12
BRDA:240,14,1,0
BRDA:253,15,0,4
BRDA:253,15,1,8
BRDA:253,16,0,12
BRDA:253,16,1,4
BRDA:261,17,0,8
BRDA:261,17,1,8
BRF:42
BRH:15
end_of_record
TN:
SF:src/screens/Corridas/SolicitarCorridaScreen.tsx
FN:40,(anonymous_0)
FN:48,(anonymous_1)
FN:50,(anonymous_2)
FN:51,(anonymous_3)
FN:58,(anonymous_4)
FN:123,(anonymous_5)
FN:155,(anonymous_6)
FN:201,(anonymous_7)
FNF:8
FNH:0
FNDA:0,(anonymous_0)
FNDA:0,(anonymous_1)
FNDA:0,(anonymous_2)
FNDA:0,(anonymous_3)
FNDA:0,(anonymous_4)
FNDA:0,(anonymous_5)
FNDA:0,(anonymous_6)
FNDA:0,(anonymous_7)
DA:40,0
DA:41,0
DA:42,0
DA:43,0
DA:44,0
DA:45,0
DA:46,0
DA:48,0
DA:50,0
DA:51,0
DA:53,0
DA:54,0
DA:55,0
DA:56,0
DA:58,0
DA:59,0
DA:60,0
DA:61,0
DA:63,0
DA:65,0
DA:66,0
DA:71,0
DA:74,0
DA:76,0
DA:85,0
DA:87,0
DA:88,0
DA:93,0
DA:96,0
DA:98,0
DA:114,0
DA:120,0
DA:123,0
DA:124,0
DA:126,0
DA:156,0
DA:157,0
DA:201,0
DA:219,0
LF:39
LH:0
BRDA:50,0,0,0
BRDA:50,0,1,0
BRDA:59,1,0,0
BRDA:59,1,1,0
BRDA:65,2,0,0
BRDA:65,2,1,0
BRDA:82,3,0,0
BRDA:82,3,1,0
BRDA:87,4,0,0
BRDA:87,4,1,0
BRDA:108,5,0,0
BRDA:108,5,1,0
BRDA:124,6,0,0
BRDA:124,6,1,0
BRDA:128,7,0,0
BRDA:128,7,1,0
BRDA:137,8,0,0
BRDA:137,8,1,0
BRDA:157,9,0,0
BRDA:157,9,1,0
BRDA:169,10,0,0
BRDA:169,10,1,0
BRDA:205,11,0,0
BRDA:205,11,1,0
BRDA:208,12,0,0
BRDA:208,12,1,0
BRF:26
BRH:0
end_of_record
TN:
SF:src/screens/Corridas/useAdminAvaliacoes.ts
FN:23,(anonymous_0)
FN:30,(anonymous_1)
FN:33,(anonymous_2)
FN:48,(anonymous_3)
FN:53,(anonymous_4)
FN:54,(anonymous_5)
FNF:6
FNH:6
FNDA:11,(anonymous_0)
FNDA:4,(anonymous_1)
FNDA:4,(anonymous_2)
FNDA:4,(anonymous_3)
FNDA:1,(anonymous_4)
FNDA:1,(anonymous_5)
DA:23,1
DA:24,11
DA:25,11
DA:26,11
DA:27,11
DA:28,11
DA:30,11
DA:31,4
DA:33,4
DA:34,4
DA:35,4
DA:36,4
DA:37,3
DA:38,3
DA:39,3
DA:40,2
DA:42,1
DA:46,4
DA:48,4
DA:49,4
DA:53,11
DA:54,1
DA:57,11
LF:23
LH:23
BRDA:37,0,0,0
BRDA:37,0,1,3
BRDA:39,1,0,2
BRDA:39,1,1,1
BRF:4
BRH:3
end_of_record
TN:
SF:src/screens/Corridas/useCorridas.ts
FN:68,(anonymous_0)
FN:73,(anonymous_1)
FN:74,(anonymous_2)
FN:75,(anonymous_3)
FN:76,(anonymous_4)
FN:77,(anonymous_5)
FN:78,(anonymous_6)
FN:79,(anonymous_7)
FN:80,(anonymous_8)
FN:94,(anonymous_9)
FN:97,(anonymous_10)
FN:112,(anonymous_11)
FN:114,(anonymous_12)
FN:127,(anonymous_13)
FN:143,(anonymous_14)
FN:159,(anonymous_15)
FN:180,(anonymous_16)
FN:183,(anonymous_17)
FN:194,(anonymous_18)
FN:205,(anonymous_19)
FN:207,(anonymous_20)
FN:212,(anonymous_21)
FN:223,(anonymous_22)
FN:225,(anonymous_23)
FN:230,(anonymous_24)
FN:241,(anonymous_25)
FN:243,(anonymous_26)
FN:248,(anonymous_27)
FN:259,(anonymous_28)
FN:261,(anonymous_29)
FN:266,(anonymous_30)
FN:278,(anonymous_31)
FN:287,(anonymous_32)
FN:300,(anonymous_33)
FNF:34
FNH:16
FNDA:6,(anonymous_0)
FNDA:18,(anonymous_1)
FNDA:18,(anonymous_2)
FNDA:18,(anonymous_3)
FNDA:18,(anonymous_4)
FNDA:18,(anonymous_5)
FNDA:18,(anonymous_6)
FNDA:18,(anonymous_7)
FNDA:18,(anonymous_8)
FNDA:4,(anonymous_9)
FNDA:0,(anonymous_10)
FNDA:0,(anonymous_11)
FNDA:4,(anonymous_12)
FNDA:4,(anonymous_13)
FNDA:0,(anonymous_14)
FNDA:2,(anonymous_15)
FNDA:2,(anonymous_16)
FNDA:2,(anonymous_17)
FNDA:1,(anonymous_18)
FNDA:0,(anonymous_19)
FNDA:0,(anonymous_20)
FNDA:0,(anonymous_21)
FNDA:0,(anonymous_22)
FNDA:0,(anonymous_23)
FNDA:0,(anonymous_24)
FNDA:0,(anonymous_25)
FNDA:0,(anonymous_26)
FNDA:0,(anonymous_27)
FNDA:0,(anonymous_28)
FNDA:0,(anonymous_29)
FNDA:0,(anonymous_30)
FNDA:0,(anonymous_31)
FNDA:0,(anonymous_32)
FNDA:0,(anonymous_33)
DA:36,2
DA:68,2
DA:69,6
DA:70,6
DA:71,6
DA:73,18
DA:74,18
DA:75,18
DA:76,18
DA:77,18
DA:78,18
DA:79,18
DA:80,18
DA:83,6
DA:84,6
DA:85,6
DA:91,6
DA:92,6
DA:94,6
DA:95,4
DA:97,4
DA:98,0
DA:99,0
DA:100,0
DA:102,0
DA:103,0
DA:104,0
DA:105,0
DA:106,0
DA:112,4
DA:114,4
DA:115,4
DA:116,0
DA:117,0
DA:126,6
DA:128,4
DA:129,3
DA:130,3
DA:132,0
DA:142,6
DA:144,0
DA:145,0
DA:146,0
DA:147,0
DA:148,0
DA:158,6
DA:164,2
DA:165,2
DA:166,2
DA:167,2
DA:168,1
DA:170,1
DA:171,1
DA:173,2
DA:179,6
DA:181,2
DA:182,2
DA:185,2
DA:186,2
DA:187,1
DA:190,1
DA:192,1
DA:195,1
DA:196,1
DA:204,6
DA:206,0
DA:208,0
DA:209,0
DA:210,0
DA:213,0
DA:214,0
DA:222,6
DA:224,0
DA:226,0
DA:227,0
DA:228,0
DA:231,0
DA:232,0
DA:240,6
DA:242,0
DA:244,0
DA:245,0
DA:246,0
DA:249,0
DA:250,0
DA:258,6
DA:260,0
DA:262,0
DA:263,0
DA:264,0
DA:267,0
DA:268,0
DA:269,0
DA:277,6
DA:280,0
DA:281,0
DA:282,0
DA:283,0
DA:284,0
DA:286,0
DA:288,0
DA:291,0
DA:293,0
DA:296,0
DA:298,0
DA:301,0
DA:302,0
DA:303,0
DA:311,6
LF:109
LH:54
BRDA:92,0,0,6
BRDA:92,0,1,0
BRDA:92,0,2,0
BRDA:95,1,0,0
BRDA:95,1,1,4
BRDA:99,2,0,0
BRDA:99,2,1,0
BRDA:103,3,0,0
BRDA:103,3,1,0
BRDA:104,4,0,0
BRDA:104,4,1,0
BRDA:115,5,0,0
BRDA:115,5,1,4
BRDA:129,6,0,3
BRDA:129,6,1,0
BRDA:132,7,0,0
BRDA:132,7,1,0
BRDA:147,8,0,0
BRDA:147,8,1,0
BRDA:186,9,0,1
BRDA:186,9,1,1
BRDA:187,10,0,1
BRDA:187,10,1,0
BRDA:195,11,0,1
BRDA:195,11,1,0
BRDA:208,12,0,0
BRDA:208,12,1,0
BRDA:209,13,0,0
BRDA:209,13,1,0
BRDA:213,14,0,0
BRDA:213,14,1,0
BRDA:227,15,0,0
BRDA:227,15,1,0
BRDA:231,16,0,0
BRDA:231,16,1,0
BRDA:245,17,0,0
BRDA:245,17,1,0
BRDA:249,18,0,0
BRDA:249,18,1,0
BRDA:263,19,0,0
BRDA:263,19,1,0
[...]
DA:177,4
DA:178,7
DA:180,7
DA:184,7
DA:185,0
DA:186,0
DA:187,7
DA:188,0
DA:189,0
DA:201,2
DA:202,2
DA:203,2
DA:204,2
DA:205,2
DA:206,2
DA:216,4
DA:217,4
DA:218,4
DA:229,1
DA:230,1
DA:240,1
DA:241,1
DA:252,3
DA:253,2
DA:254,2
DA:264,1
DA:272,7
DA:273,3
DA:274,3
DA:279,5
DA:280,5
DA:283,5
DA:292,5
DA:297,5
DA:298,4
DA:303,4
DA:305,4
DA:306,4
DA:309,4
DA:310,4
DA:311,0
DA:312,0
DA:313,0
DA:314,0
DA:316,0
DA:317,0
DA:318,0
DA:322,4
DA:323,0
DA:324,0
DA:325,0
DA:330,4
DA:333,4
DA:334,4
DA:335,4
DA:338,2
DA:339,2
DA:340,2
DA:341,2
DA:343,2
DA:345,2
DA:346,1
DA:347,1
DA:348,1
DA:349,1
DA:352,1
DA:353,1
DA:365,4
DA:366,4
DA:367,4
DA:368,4
DA:370,4
DA:371,4
DA:372,4
DA:375,4
DA:376,4
DA:377,2
DA:378,2
DA:379,2
DA:380,2
DA:381,2
DA:385,4
DA:386,0
DA:387,0
DA:393,2
DA:394,0
DA:395,0
DA:396,0
DA:397,0
DA:398,0
DA:399,0
DA:401,0
DA:407,2
DA:408,1
DA:409,1
DA:410,1
DA:411,0
DA:412,0
DA:416,0
LF:128
LH:102
BRDA:91,0,0,8
BRDA:95,1,0,0
BRDA:95,1,1,8
BRDA:99,2,0,1
BRDA:99,2,1,6
BRDA:153,3,0,1
BRDA:155,4,0,5
BRDA:155,4,1,4
BRDA:156,5,0,5
BRDA:156,5,1,1
BRDA:157,6,0,5
BRDA:157,6,1,5
BRDA:158,7,0,5
BRDA:158,7,1,2
BRDA:159,8,0,5
BRDA:159,8,1,5
BRDA:181,9,0,7
BRDA:181,9,1,7
BRDA:181,9,2,4
BRDA:184,10,0,0
BRDA:184,10,1,7
BRDA:184,11,0,7
BRDA:184,11,1,0
BRDA:187,12,0,0
BRDA:187,12,1,7
BRDA:187,13,0,7
BRDA:187,13,1,7
BRDA:252,14,0,2
BRDA:252,14,1,1
BRDA:272,15,0,3
BRDA:272,15,1,4
BRDA:279,16,0,0
BRDA:279,16,1,5
BRDA:283,17,0,5
BRDA:283,17,1,1
BRDA:303,18,0,0
BRDA:303,18,1,4
BRDA:303,19,0,4
BRDA:303,19,1,4
BRDA:310,20,0,0
BRDA:310,20,1,4
BRDA:310,21,0,4
BRDA:310,21,1,4
BRDA:313,22,0,0
BRDA:313,22,1,0
BRDA:322,23,0,0
BRDA:322,23,1,4
BRDA:345,24,0,1
BRDA:345,24,1,1
BRDA:352,25,0,1
BRDA:352,25,1,0
BRDA:352,26,0,1
BRDA:352,26,1,1
BRDA:372,27,0,4
BRDA:372,27,1,0
BRDA:376,28,0,2
BRDA:376,28,1,2
BRDA:379,29,0,2
BRDA:379,29,1,0
BRDA:379,30,0,2
BRDA:379,30,1,0
BRDA:381,31,0,2
BRDA:381,31,1,2
BRDA:393,32,0,2
BRDA:393,32,1,0
BRDA:410,33,0,0
BRDA:410,33,1,1
BRF:67
BRH:51
end_of_record
TN:
SF:src/services/network/index.ts
FNF:0
FNH:0
LF:0
LH:0
BRF:0
BRH:0
end_of_record
TN:
SF:src/services/notifications/OneSignalService.ts
FN:123,getOneSignal
FN:153,initOneSignal
FN:174,requestPushPermission
FN:178,(anonymous_3)
FN:193,setOneSignalExternalUserId
FN:205,removeOneSignalExternalUserId
FN:222,registerForegroundHandler
FN:224,(anonymous_7)
FN:226,(anonymous_8)
FN:248,(anonymous_9)
FN:258,registerNotificationOpenedHandler
FN:260,(anonymous_11)
FN:262,(anonymous_12)
FN:272,(anonymous_13)
FNF:14
FNH:12
FNDA:18,getOneSignal
FNDA:3,initOneSignal
FNDA:3,requestPushPermission
FNDA:2,(anonymous_3)
FNDA:2,setOneSignalExternalUserId
FNDA:2,removeOneSignalExternalUserId
FNDA:4,registerForegroundHandler
FNDA:0,(anonymous_7)
FNDA:1,(anonymous_8)
FNDA:1,(anonymous_9)
FNDA:5,registerNotificationOpenedHandler
FNDA:0,(anonymous_11)
FNDA:2,(anonymous_12)
FNDA:1,(anonymous_13)
DA:111,3
DA:124,18
DA:126,3
DA:130,3
DA:132,1
DA:134,2
DA:135,2
DA:138,3
DA:154,3
DA:156,2
DA:157,2
DA:158,1
DA:159,1
DA:162,1
DA:163,1
DA:164,1
DA:175,3
DA:176,3
DA:178,2
DA:179,2
DA:180,2
DA:194,2
DA:195,2
DA:197,1
DA:198,1
DA:206,2
DA:207,2
DA:209,1
DA:210,1
DA:223,4
DA:224,4
DA:226,3
DA:227,1
DA:228,1
DA:231,1
DA:232,1
DA:233,0
DA:234,0
DA:235,0
DA:238,1
DA:244,1
DA:247,3
DA:248,3
DA:259,5
DA:260,5
DA:262,4
DA:263,2
DA:264,2
DA:271,4
DA:272,4
LF:50
LH:47
BRDA:124,0,0,15
BRDA:124,0,1,3
BRDA:132,1,0,1
BRDA:132,1,1,0
BRDA:132,1,2,0
BRDA:154,2,0,1
BRDA:154,2,1,2
BRDA:157,3,0,1
BRDA:157,3,1,1
BRDA:176,4,0,1
BRDA:176,4,1,2
BRDA:195,5,0,1
BRDA:195,5,1,1
BRDA:207,6,0,1
BRDA:207,6,1,1
BRDA:224,7,0,1
BRDA:224,7,1,3
BRDA:231,8,0,1
BRDA:231,8,1,1
BRDA:232,9,0,0
BRDA:232,9,1,1
BRDA:232,10,0,1
BRDA:232,10,1,1
BRDA:260,11,0,1
BRDA:260,11,1,4
BRDA:265,12,0,2
BRDA:265,12,1,0
BRDA:266,13,0,2
BRDA:266,13,1,0
BRDA:267,14,0,2
BRDA:267,14,1,1
BRF:31
BRH:26
end_of_record
TN:
SF:src/services/websocket/DespachoWebSocket.ts
FN:34,(anonymous_0)
FN:35,(anonymous_1)
FN:36,(anonymous_2)
FN:122,(anonymous_3)
FN:168,(anonymous_4)
FN:175,(anonymous_5)
FN:179,(anonymous_6)
FN:188,(anonymous_7)
FN:189,(anonymous_8)
FN:197,(anonymous_9)
FN:204,(anonymous_10)
FN:212,(anonymous_11)
FN:218,(anonymous_12)
FN:224,(anonymous_13)
FN:231,(anonymous_14)
FN:236,(anonymous_15)
FN:241,(anonymous_16)
FN:246,(anonymous_17)
FN:248,(anonymous_18)
FN:251,(anonymous_19)
FN:253,(anonymous_20)
FN:256,(anonymous_21)
FN:258,(anonymous_22)
FN:261,(anonymous_23)
FN:263,(anonymous_24)
FN:266,(anonymous_25)
FN:268,(anonymous_26)
FN:271,(anonymous_27)
FN:273,(anonymous_28)
FN:276,(anonymous_29)
FN:278,(anonymous_30)
FN:281,(anonymous_31)
FN:283,(anonymous_32)
FN:286,(anonymous_33)
FN:288,(anonymous_34)
FN:291,(anonymous_35)
FN:293,(anonymous_36)
FN:296,(anonymous_37)
FN:298,(anonymous_38)
FN:301,(anonymous_39)
FN:303,(anonymous_40)
FN:306,(anonymous_41)
FN:309,(anonymous_42)
FN:312,(anonymous_43)
FN:314,(anonymous_44)
FN:327,(anonymous_45)
FN:329,(anonymous_46)
FN:332,(anonymous_47)
FN:351,(anonymous_48)
FN:355,(anonymous_49)
FN:370,(anonymous_50)
FN:373,(anonymous_51)
FN:375,(anonymous_52)
FN:379,(anonymous_53)
FN:380,(anonymous_54)
FN:383,(anonymous_55)
FN:385,(anonymous_56)
FN:388,(anonymous_57)
FN:390,(anonymous_58)
FN:393,(anonymous_59)
FN:395,(anonymous_60)
FN:398,(anonymous_61)
FN:400,(anonymous_62)
FN:403,(anonymous_63)
FN:405,(anonymous_64)
FN:408,(anonymous_65)
FN:410,(anonymous_66)
FN:413,(anonymous_67)
FN:415,(anonymous_68)
FNF:69
FNH:14
FNDA:80,(anonymous_0)
FNDA:0,(anonymous_1)
FNDA:0,(anonymous_2)
FNDA:0,(anonymous_3)
FNDA:80,(anonymous_4)
FNDA:0,(anonymous_5)
FNDA:0,(anonymous_6)
FNDA:0,(anonymous_7)
FNDA:0,(anonymous_8)
FNDA:0,(anonymous_9)
FNDA:0,(anonymous_10)
FNDA:0,(anonymous_11)
FNDA:0,(anonymous_12)
FNDA:0,(anonymous_13)
FNDA:0,(anonymous_14)
FNDA:0,(anonymous_15)
FNDA:0,(anonymous_16)
FNDA:80,(anonymous_17)
FNDA:0,(anonymous_18)
FNDA:80,(anonymous_19)
FNDA:0,(anonymous_20)
FNDA:80,(anonymous_21)
FNDA:0,(anonymous_22)
FNDA:80,(anonymous_23)
FNDA:0,(anonymous_24)
FNDA:80,(anonymous_25)
FNDA:0,(anonymous_26)
FNDA:80,(anonymous_27)
FNDA:0,(anonymous_28)
FNDA:80,(anonymous_29)
FNDA:0,(anonymous_30)
FNDA:80,(anonymous_31)
FNDA:0,(anonymous_32)
FNDA:80,(anonymous_33)
FNDA:0,(anonymous_34)
FNDA:80,(anonymous_35)
FNDA:0,(anonymous_36)
FNDA:80,(anonymous_37)
FNDA:0,(anonymous_38)
FNDA:80,(anonymous_39)
FNDA:0,(anonymous_40)
FNDA:0,(anonymous_41)
FNDA:0,(anonymous_42)
FNDA:0,(anonymous_43)
FNDA:0,(anonymous_44)
FNDA:0,(anonymous_45)
FNDA:0,(anonymous_46)
FNDA:0,(anonymous_47)
FNDA:0,(anonymous_48)
FNDA:0,(anonymous_49)
FNDA:0,(anonymous_50)
FNDA:0,(anonymous_51)
FNDA:0,(anonymous_52)
FNDA:0,(anonymous_53)
FNDA:0,(anonymous_54)
FNDA:0,(anonymous_55)
FNDA:0,(anonymous_56)
FNDA:0,(anonymous_57)
FNDA:0,(anonymous_58)
FNDA:0,(anonymous_59)
FNDA:0,(anonymous_60)
FNDA:0,(anonymous_61)
FNDA:0,(anonymous_62)
FNDA:0,(anonymous_63)
FNDA:0,(anonymous_64)
FNDA:0,(anonymous_65)
FNDA:0,(anonymous_66)
FNDA:0,(anonymous_67)
FNDA:0,(anonymous_68)
DA:33,14
DA:34,80
DA:35,14
DA:36,14
DA:122,14
DA:123,0
DA:124,0
DA:148,80
DA:149,80
DA:151,80
DA:152,80
DA:153,80
DA:154,80
DA:155,80
DA:156,80
DA:157,80
DA:158,80
DA:159,80
DA:160,80
DA:161,80
DA:162,80
DA:163,80
DA:165,80
DA:166,80
DA:172,80
DA:176,0
DA:180,0
DA:181,0
DA:182,0
DA:184,0
DA:187,0
DA:188,0
DA:189,0
DA:191,0
DA:192,0
DA:193,0
DA:194,0
DA:198,0
DA:199,0
DA:200,0
DA:201,0
DA:205,0
DA:206,0
DA:208,0
DA:209,0
DA:213,0
DA:214,0
DA:215,0
DA:219,0
DA:220,0
DA:221,0
DA:225,0
DA:226,0
DA:228,0
DA:232,0
DA:233,0
DA:237,0
DA:238,0
DA:242,0
DA:243,0
DA:247,80
DA:248,80
DA:252,80
DA:253,80
DA:257,80
DA:258,80
DA:262,80
DA:263,80
DA:267,80
DA:268,80
DA:272,80
DA:273,80
DA:277,80
DA:278,80
DA:282,80
DA:283,80
DA:287,80
DA:288,80
DA:292,80
DA:293,80
DA:297,80
DA:298,80
DA:302,80
DA:303,80
DA:307,0
DA:309,0
DA:310,0
DA:311,0
DA:312,0
DA:314,0
DA:315,0
DA:316,0
DA:321,0
DA:322,0
DA:323,0
DA:327,0
DA:328,0
DA:329,0
DA:332,0
DA:333,0
DA:336,0
DA:342,0
DA:343,0
DA:345,0
DA:346,0
DA:347,0
DA:348,0
DA:349,0
DA:351,0
DA:352,0
DA:353,0
DA:354,0
DA:355,0
DA:356,0
DA:358,0
DA:359,0
DA:360,0
DA:361,0
DA:363,0
DA:366,0
DA:367,0
DA:370,0
DA:373,0
DA:374,0
DA:375,0
DA:379,0
DA:380,0
DA:383,0
DA:384,0
DA:385,0
DA:388,0
DA:389,0
DA:390,0
DA:393,0
DA:394,0
DA:395,0
DA:398,0
DA:399,0
DA:400,0
DA:403,0
DA:404,0
DA:405,0
DA:408,0
DA:409,0
DA:410,0
DA:413,0
DA:414,0
DA:415,0
LF:148
LH:47
BRDA:169,0,0,0
BRDA:170,1,0,80
BRDA:180,2,0,0
BRDA:180,2,1,0
BRDA:225,3,0,0
BRDA:225,3,1,0
BRDA:307,4,0,0
BRDA:307,4,1,0
BRDA:321,5,0,0
BRDA:321,5,1,0
BRDA:321,6,0,0
BRDA:321,6,1,0
BRDA:338,7,0,0
BRDA:338,7,1,0
BRDA:342,8,0,0
BRDA:342,8,1,0
BRDA:343,9,0,0
BRDA:343,9,1,0
BRDA:345,10,0,0
BRDA:345,10,1,0
BRDA:345,11,0,0
BRDA:345,11,1,0
BRDA:345,11,2,0
BRDA:348,12,0,0
BRDA:348,12,1,0
BRDA:352,13,0,0
BRDA:352,13,1,0
BRDA:366,14,0,0
BRDA:366,14,1,0
BRF:29
BRH:1
end_of_record
TN:
SF:src/services/websocket/index.ts
FNF:0
FNH:0
LF:0
LH:0
BRF:0
BRH:0
end_of_record
TN:
SF:src/store/index.ts
FN:75,(anonymous_0)
FN:98,(anonymous_1)
FNF:2
FNH:2
FNDA:16,(anonymous_0)
FNDA:620,(anonymous_1)
DA:30,16
DA:40,16
DA:46,16
DA:54,16
DA:73,16
DA:76,16
DA:83,16
DA:98,620
DA:103,16
LF:9
LH:9
BRF:0
BRH:0
end_of_record
TN:
SF:src/store/api/baseApi.ts
FN:62,(anonymous_0)
FN:63,(anonymous_1)
FN:72,(anonymous_2)
FN:73,(anonymous_3)
FN:83,(anonymous_4)
FN:112,(anonymous_5)
FN:219,(anonymous_6)
FNF:7
FNH:1
FNDA:0,(anonymous_0)
FNDA:0,(anonymous_1)
FNDA:0,(anonymous_2)
FNDA:0,(anonymous_3)
FNDA:0,(anonymous_4)
FNDA:0,(anonymous_5)
FNDA:16,(anonymous_6)
DA:48,16
DA:54,16
DA:55,16
DA:62,16
DA:63,0
DA:64,0
DA:72,16
DA:73,0
DA:74,0
DA:81,16
DA:84,0
DA:85,0
DA:86,0
DA:88,0
DA:89,0
DA:112,16
DA:114,0
DA:116,0
DA:117,0
DA:122,0
DA:124,0
DA:125,0
DA:126,0
DA:129,0
DA:130,0
DA:133,0
DA:135,0
DA:139,0
DA:140,0
DA:142,0
DA:143,0
DA:144,0
DA:145,0
DA:149,0
DA:157,0
DA:159,0
DA:160,0
DA:167,0
DA:168,0
DA:171,0
DA:177,0
DA:178,0
DA:181,0
DA:183,0
DA:186,0
DA:187,0
DA:189,0
DA:190,0
DA:191,0
DA:193,0
DA:215,16
DA:219,16
LF:52
LH:9
BRDA:85,0,0,0
BRDA:85,0,1,0
BRDA:116,1,0,0
BRDA:116,1,1,0
BRDA:122,2,0,0
BRDA:122,2,1,0
BRDA:125,3,0,0
BRDA:125,3,1,0
BRDA:142,4,0,0
BRDA:142,4,1,0
BRDA:157,5,0,0
BRDA:157,5,1,0
BRF:12
BRH:0
end_of_record
TN:
SF:src/store/slices/authSlice.ts
FN:71,(anonymous_0)
FN:80,(anonymous_1)
FN:88,(anonymous_2)
FN:96,(anonymous_3)
FN:103,(anonymous_4)
FN:111,(anonymous_5)
FN:119,(anonymous_6)
FN:134,(anonymous_7)
FN:141,(anonymous_8)
FN:150,(anonymous_9)
FN:157,(anonymous_10)
FN:168,(anonymous_11)
FNF:12
FNH:8
FNDA:11,(anonymous_0)
FNDA:11,(anonymous_1)
FNDA:6,(anonymous_2)
FNDA:5,(anonymous_3)
FNDA:13,(anonymous_4)
FNDA:0,(anonymous_5)
FNDA:2,(anonymous_6)
FNDA:2,(anonymous_7)
FNDA:2,(anonymous_8)
FNDA:0,(anonymous_9)
FNDA:0,(anonymous_10)
FNDA:0,(anonymous_11)
DA:46,20
DA:64,20
DA:72,11
DA:73,11
DA:74,11
DA:81,11
DA:89,6
DA:97,5
DA:104,13
DA:112,0
DA:113,0
DA:120,2
DA:121,2
DA:122,2
DA:123,2
DA:124,2
DA:125,2
DA:126,2
DA:127,2
DA:128,2
DA:135,2
DA:142,2
DA:143,2
DA:151,0
DA:161,0
DA:169,0
DA:175,20
LF:27
LH:22
BRF:0
BRH:0
end_of_record
TN:
SF:src/store/slices/callsSlice.ts
FN:32,(anonymous_0)
FN:39,(anonymous_1)
FN:46,(anonymous_2)
FN:55,(anonymous_3)
FN:65,(anonymous_4)
FN:72,(anonymous_5)
FN:81,(anonymous_6)
FNF:7
FNH:4
FNDA:0,(anonymous_0)
FNDA:2,(anonymous_1)
FNDA:3,(anonymous_2)
FNDA:4,(anonymous_3)
FNDA:0,(anonymous_4)
FNDA:2,(anonymous_5)
FNDA:0,(anonymous_6)
DA:14,16
DA:25,16
DA:33,0
DA:40,2
DA:47,3
DA:48,3
DA:56,4
DA:57,4
DA:58,1
DA:66,0
DA:73,2
DA:74,2
DA:75,2
DA:82,0
DA:95,16
LF:15
LH:12
BRDA:48,0,0,3
BRDA:48,0,1,0
BRDA:57,1,0,1
BRDA:57,1,1,3
BRF:4
BRH:3
end_of_record
TN:
SF:src/store/slices/chatSlice.ts
FN:46,(anonymous_0)
FN:48,(anonymous_1)
FN:59,(anonymous_2)
FN:66,(anonymous_3)
FN:76,(anonymous_4)
FN:87,(anonymous_5)
FN:91,(anonymous_6)
FN:100,(anonymous_7)
FN:107,(anonymous_8)
FN:122,(anonymous_9)
FN:129,(anonymous_10)
FN:139,(anonymous_11)
FN:146,(anonymous_12)
FNF:13
FNH:4
FNDA:0,(anonymous_0)
FNDA:0,(anonymous_1)
FNDA:0,(anonymous_2)
FNDA:3,(anonymous_3)
FNDA:1,(anonymous_4)
FNDA:0,(anonymous_5)
FNDA:0,(anonymous_6)
FNDA:24,(anonymous_7)
FNDA:0,(anonymous_8)
FNDA:0,(anonymous_9)
FNDA:0,(anonymous_10)
FNDA:12,(anonymous_11)
FNDA:0,(anonymous_12)
DA:27,16
DA:39,16
DA:47,0
DA:49,0
DA:50,0
DA:60,0
DA:70,3
DA:77,1
DA:78,1
DA:79,1
DA:81,1
DA:88,0
DA:89,0
DA:90,0
DA:91,0
DA:92,0
DA:93,0
DA:101,24
DA:115,0
DA:116,0
DA:117,0
DA:118,0
DA:119,0
DA:122,0
DA:133,0
DA:140,12
DA:147,0
DA:163,16
LF:28
LH:10
BRDA:78,0,0,1
BRDA:78,0,1,0
BRDA:90,1,0,0
BRDA:90,1,1,0
BRDA:92,2,0,0
BRDA:92,2,1,0
BRDA:116,3,0,0
BRDA:116,3,1,0
BRDA:117,4,0,0
BRDA:117,4,1,0
BRDA:118,5,0,0
BRDA:118,5,1,0
BRF:12
BRH:1
end_of_record
TN:
SF:src/store/slices/corridaSlice.ts
FN:115,(anonymous_0)
FN:130,(anonymous_1)
FN:137,(anonymous_2)
FN:147,(anonymous_3)
FN:157,(anonymous_4)
FN:164,(anonymous_5)
FN:171,(anonymous_6)
FN:178,(anonymous_7)
FN:185,(anonymous_8)
FN:192,(anonymous_9)
FN:199,(anonymous_10)
FN:207,(anonymous_11)
FN:217,(anonymous_12)
FN:220,(anonymous_13)
FN:238,(anonymous_14)
FN:247,(anonymous_15)
FN:261,(anonymous_16)
FN:266,(anonymous_17)
FN:279,(anonymous_18)
FN:286,(anonymous_19)
FN:293,(anonymous_20)
FN:304,(anonymous_21)
FN:305,(anonymous_22)
FN:316,(anonymous_23)
FN:324,(anonymous_24)
FN:331,(anonymous_25)
FN:338,(anonymous_26)
FN:345,(anonymous_27)
FNF:28
FNH:17
FNDA:29,(anonymous_0)
FNDA:7,(anonymous_1)
FNDA:1,(anonymous_2)
FNDA:7,(anonymous_3)
FNDA:7,(anonymous_4)
FNDA:0,(anonymous_5)
FNDA:12,(anonymous_6)
FNDA:9,(anonymous_7)
FNDA:9,(anonymous_8)
FNDA:19,(anonymous_9)
FNDA:8,(anonymous_10)
FNDA:29,(anonymous_11)
FNDA:1,(anonymous_12)
FNDA:1,(anonymous_13)
FNDA:0,(anonymous_14)
FNDA:20,(anonymous_15)
FNDA:0,(anonymous_16)
FNDA:0,(anonymous_17)
FNDA:0,(anonymous_18)
FNDA:56,(anonymous_19)
FNDA:1,(anonymous_20)
FNDA:0,(anonymous_21)
FNDA:0,(anonymous_22)
FNDA:0,(anonymous_23)
FNDA:28,(anonymous_24)
FNDA:0,(anonymous_25)
FNDA:0,(anonymous_26)
FNDA:0,(anonymous_27)
DA:82,20
DA:108,20
DA:116,29
DA:117,29
DA:118,2
DA:119,2
DA:120,2
DA:121,2
DA:122,2
DA:123,2
DA:131,7
DA:138,1
DA:139,0
DA:140,0
DA:151,7
DA:158,7
DA:165,0
DA:172,12
DA:179,9
DA:186,9
DA:193,19
DA:200,8
DA:201,8
DA:208,29
DA:218,1
DA:220,1
DA:221,1
DA:223,1
DA:224,1
DA:228,1
DA:229,1
DA:239,0
DA:248,20
DA:250,20
DA:251,10
DA:252,10
DA:265,0
DA:266,0
DA:268,0
DA:269,0
DA:271,0
DA:280,0
DA:287,56
DA:297,1
DA:305,0
DA:306,0
DA:307,0
DA:317,0
DA:325,28
DA:332,0
DA:339,0
DA:346,0
DA:377,20
LF:53
LH:36
BRDA:117,0,0,2
BRDA:117,0,1,27
BRDA:138,1,0,0
BRDA:138,1,1,1
BRDA:220,2,0,1
BRDA:220,2,1,0
BRDA:223,3,0,1
BRDA:223,3,1,0
BRDA:228,4,0,1
BRDA:228,4,1,0
BRDA:250,5,0,10
BRDA:250,5,1,10
BRDA:268,6,0,0
BRDA:268,6,1,0
BRDA:268,7,0,0
BRDA:268,7,1,0
BRDA:306,8,0,0
BRDA:306,8,1,0
BRF:18
BRH:8
end_of_record
TN:
SF:src/store/slices/locationSlice.ts
FN:32,(anonymous_0)
FN:35,(anonymous_1)
FN:39,(anonymous_2)
FN:51,(anonymous_3)
FN:55,(anonymous_4)
FN:58,(anonymous_5)
FNF:6
FNH:4
FNDA:1,(anonymous_0)
FNDA:1,(anonymous_1)
FNDA:1,(anonymous_2)
FNDA:1,(anonymous_3)
FNDA:0,(anonymous_4)
FNDA:0,(anonymous_5)
DA:19,17
DA:28,17
DA:33,1
DA:36,1
DA:37,1
DA:43,1
DA:44,1
DA:45,1
DA:46,1
DA:47,1
DA:48,1
DA:49,1
DA:52,1
DA:53,1
DA:56,0
DA:59,0
DA:71,17
LF:17
LH:15
BRDA:46,0,0,1
BRDA:46,0,1,0
BRF:2
BRH:1
end_of_record
TN:
SF:src/store/slices/notificationsSlice.ts
FN:35,(anonymous_0)
FN:37,(anonymous_1)
FN:43,(anonymous_2)
FN:53,(anonymous_3)
FN:55,(anonymous_4)
FN:67,(anonymous_5)
FN:69,(anonymous_6)
FN:79,(anonymous_7)
FN:89,(anonymous_8)
FNF:9
FNH:0
FNDA:0,(anonymous_0)
FNDA:0,(anonymous_1)
FNDA:0,(anonymous_2)
FNDA:0,(anonymous_3)
FNDA:0,(anonymous_4)
FNDA:0,(anonymous_5)
FNDA:0,(anonymous_6)
FNDA:0,(anonymous_7)
FNDA:0,(anonymous_8)
DA:18,16
DA:28,16
DA:36,0
DA:37,0
DA:44,0
DA:45,0
DA:46,0
DA:54,0
DA:55,0
DA:57,0
DA:58,0
DA:59,0
DA:60,0
DA:68,0
DA:69,0
DA:70,0
DA:71,0
DA:73,0
DA:83,0
DA:90,0
DA:102,16
LF:21
LH:3
BRDA:45,0,0,0
BRDA:45,0,1,0
BRDA:57,1,0,0
BRDA:57,1,1,0
BRDA:57,2,0,0
BRDA:57,2,1,0
BRF:6
BRH:0
end_of_record
TN:
SF:src/store/slices/realtimeSlice.ts
FN:48,(anonymous_0)
FN:61,(anonymous_1)
FN:68,(anonymous_2)
FN:77,(anonymous_3)
FN:86,(anonymous_4)
FN:95,(anonymous_5)
FN:105,(anonymous_6)
FNF:7
FNH:4
FNDA:6,(anonymous_0)
FNDA:6,(anonymous_1)
FNDA:1,(anonymous_2)
FNDA:4,(anonymous_3)
FNDA:0,(anonymous_4)
FNDA:0,(anonymous_5)
FNDA:0,(anonymous_6)
DA:28,17
DA:41,17
DA:52,6
DA:53,6
DA:54,5
DA:62,6
DA:69,1
DA:70,1
DA:78,4
DA:79,4
DA:87,0
DA:88,0
DA:99,0
DA:106,0
DA:119,17
LF:15
LH:11
BRDA:53,0,0,5
BRDA:53,0,1,1
BRDA:69,1,0,1
BRDA:69,1,1,0
BRDA:87,2,0,0
BRDA:87,2,1,0
BRF:6
BRH:3
end_of_record
TN:
SF:src/store/slices/uiSlice.ts
FN:43,(anonymous_0)
FN:50,(anonymous_1)
FN:57,(anonymous_2)
FN:64,(anonymous_3)
FN:71,(anonymous_4)
FN:78,(anonymous_5)
FN:79,(anonymous_6)
FN:85,(anonymous_7)
FNF:8
FNH:2
FNDA:0,(anonymous_0)
FNDA:0,(anonymous_1)
FNDA:3,(anonymous_2)
FNDA:0,(anonymous_3)
FNDA:9,(anonymous_4)
FNDA:0,(anonymous_5)
FNDA:0,(anonymous_6)
FNDA:0,(anonymous_7)
DA:24,19
DA:36,19
DA:44,0
DA:51,0
DA:58,3
DA:65,0
DA:72,9
DA:79,0
DA:86,0
DA:99,19
LF:10
LH:5
BRF:0
BRH:0
end_of_record
TN:
SF:src/theme/index.ts
FN:346,(anonymous_0)
FN:372,(anonymous_1)
FN:376,(anonymous_2)
FN:385,(anonymous_3)
FNF:4
FNH:4
FNDA:84,(anonymous_0)
FNDA:62,(anonymous_1)
FNDA:62,(anonymous_2)
FNDA:1565,(anonymous_3)
DA:15,20
DA:92,20
DA:156,20
DA:162,20
DA:214,20
DA:243,20
DA:264,20
DA:317,20
DA:346,84
DA:359,20
DA:372,20
DA:376,62
DA:377,62
DA:385,1565
LF:14
LH:14
BRDA:346,0,0,0
BRDA:374,1,0,52
BRF:2
BRH:1
end_of_record
TN:
SF:src/types/Call.ts
FNF:0
FNH:0
LF:0
LH:0
BRF:0
BRH:0
end_of_record
TN:
SF:src/types/Message.ts
FNF:0
FNH:0
LF:0
LH:0
BRF:0
BRH:0
end_of_record
TN:
SF:src/types/Run.ts
FNF:0
FNH:0
LF:0
LH:0
BRF:0
BRH:0
end_of_record
TN:
SF:src/types/User.ts
FNF:0
FNH:0
LF:0
LH:0
BRF:0
BRH:0
end_of_record
TN:
SF:src/types/cartografia.ts
FNF:0
FNH:0
LF:0
LH:0
BRF:0
BRH:0
end_of_record
TN:
SF:src/types/corrida.ts
FNF:0
FNH:0
LF:0
LH:0
BRF:0
BRH:0
end_of_record
TN:
SF:src/types/frota.ts
FNF:0
FNH:0
LF:0
LH:0
BRF:0
BRH:0
end_of_record
TN:
SF:src/types/index.ts
FNF:0
FNH:0
LF:0
LH:0
BRF:0
BRH:0
end_of_record
TN:
SF:src/types/pesquisa.ts
FNF:0
FNH:0
LF:0
LH:0
BRF:0
BRH:0
end_of_record
TN:
SF:src/types/realtime.ts
FNF:0
FNH:0
LF:0
LH:0
BRF:0
BRH:0
end_of_record
TN:
SF:src/types/servidores.ts
FNF:0
FNH:0
LF:0
LH:0
BRF:0
BRH:0
end_of_record
TN:
SF:src/utils/cpf.ts
FN:19,sanitizeCpf
FN:31,formatCpf
FN:44,maskCpf
FN:54,allSameDigit
FN:56,(anonymous_4)
FN:60,computeD1
FN:70,computeD2
FN:87,isValidCpf
FNF:8
FNH:7
FNDA:29,sanitizeCpf
FNDA:0,formatCpf
FNDA:9,maskCpf
FNDA:9,allSameDigit
FNDA:27,(anonymous_4)
FNDA:8,computeD1
FNDA:8,computeD2
FNDA:9,isValidCpf
DA:9,1
DA:10,1
DA:11,1
DA:20,29
DA:21,29
DA:32,0
DA:33,0
DA:34,0
DA:45,9
DA:46,9
DA:47,9
DA:48,9
DA:49,9
DA:50,9
DA:55,9
DA:56,27
DA:61,8
DA:62,8
DA:63,72
DA:65,8
DA:66,8
DA:71,8
DA:72,8
DA:73,80
DA:75,8
DA:76,8
DA:88,9
DA:89,9
DA:90,9
DA:91,8
DA:92,8
DA:93,8
LF:32
LH:29
BRDA:20,0,0,0
BRDA:20,0,1,29
BRDA:33,1,0,0
BRDA:33,1,1,0
BRDA:47,2,0,0
BRDA:47,2,1,9
BRDA:48,3,0,0
BRDA:48,3,1,9
BRDA:49,4,0,0
BRDA:49,4,1,9
BRDA:55,5,0,0
BRDA:55,5,1,9
BRDA:66,6,0,0
BRDA:66,6,1,8
BRDA:76,7,0,0
BRDA:76,7,1,8
BRDA:89,8,0,0
BRDA:89,8,1,9
BRDA:90,9,0,1
BRDA:90,9,1,8
BRDA:93,10,0,8
BRDA:93,10,1,8
BRF:22
BRH:12
end_of_record
TN:
SF:src/utils/formatDuration.ts
FN:11,(anonymous_0)
FNF:1
FNH:1
FNDA:3,(anonymous_0)
DA:11,1
DA:12,3
DA:13,3
DA:14,3
DA:15,3
LF:5
LH:5
BRF:0
BRH:0
end_of_record
TN:
SF:src/utils/logger.ts
FN:16,(anonymous_0)
FN:17,(anonymous_1)
FN:38,(anonymous_2)
FN:39,(anonymous_3)
FN:40,(anonymous_4)
FN:41,(anonymous_5)
FNF:6
FNH:1
FNDA:1,(anonymous_0)
FNDA:0,(anonymous_1)
FNDA:0,(anonymous_2)
FNDA:0,(anonymous_3)
FNDA:0,(anonymous_4)
FNDA:0,(anonymous_5)
DA:16,1
DA:17,1
DA:18,0
DA:20,0
DA:21,0
DA:23,0
DA:24,0
DA:26,0
DA:27,0
DA:29,0
DA:30,0
DA:32,0
DA:33,0
DA:37,1
DA:38,0
DA:39,0
DA:40,0
DA:41,0
DA:45,1
LF:19
LH:4
BRDA:18,0,0,0
BRDA:18,0,1,0
BRDA:18,1,0,0
BRDA:18,1,1,0
BRDA:21,2,0,0
BRDA:21,2,1,0
BRDA:21,2,2,0
BRDA:21,2,3,0
BRDA:23,3,0,0
BRDA:23,3,1,0
BRDA:26,4,0,0
BRDA:26,4,1,0
BRDA:29,5,0,0
BRDA:29,5,1,0
BRDA:32,6,0,0
BRDA:32,6,1,0
BRF:16
BRH:0
end_of_record
