TN:
SF:src/App.tsx
FN:32,(anonymous_0)
FN:33,(anonymous_1)
FN:34,(anonymous_2)
FN:37,(anonymous_3)
FN:37,(anonymous_4)
FN:77,(anonymous_5)
FN:78,(anonymous_6)
FNF:7
FNH:6
FNDA:5,(anonymous_0)
FNDA:8,(anonymous_1)
FNDA:8,(anonymous_2)
FNDA:4,(anonymous_3)
FNDA:0,(anonymous_4)
FNDA:5,(anonymous_5)
FNDA:4,(anonymous_6)
DA:32,1
DA:33,8
DA:34,8
DA:37,4
DA:39,4
DA:40,4
DA:41,4
DA:42,4
DA:44,0
DA:70,1
DA:77,1
DA:78,5
DA:80,4
DA:95,1
LF:14
LH:13
BRF:0
BRH:0
end_of_record
TN:
SF:src/components/atoms/Avatar.tsx
FN:26,(anonymous_0)
FN:44,(anonymous_1)
FN:64,(anonymous_2)
FN:107,(anonymous_3)
FNF:4
FNH:4
FNDA:16,(anonymous_0)
FNDA:16,(anonymous_1)
FNDA:16,(anonymous_2)
FNDA:16,(anonymous_3)
DA:26,7
DA:27,16
DA:35,16
DA:44,7
DA:45,16
DA:47,16
DA:48,2
DA:51,14
DA:52,0
DA:55,14
DA:64,7
DA:71,16
DA:72,16
DA:73,16
DA:75,16
DA:98,7
DA:107,7
DA:108,16
LF:18
LH:17
BRDA:47,0,0,2
BRDA:47,0,1,14
BRDA:51,1,0,0
BRDA:51,1,1,14
BRDA:67,2,0,0
BRDA:68,3,0,16
BRDA:77,4,0,0
BRDA:77,4,1,16
BRDA:91,5,0,0
BRDA:91,5,1,16
BRF:10
BRH:6
end_of_record
TN:
SF:src/components/atoms/Badge.tsx
FN:60,(anonymous_0)
FN:83,(anonymous_1)
FN:120,(anonymous_2)
FNF:3
FNH:3
FNDA:1,(anonymous_0)
FNDA:1,(anonymous_1)
FNDA:1,(anonymous_2)
DA:30,7
DA:60,7
DA:64,1
DA:65,1
DA:71,0
DA:83,7
DA:90,1
DA:91,1
DA:92,1
DA:93,1
DA:100,1
DA:109,7
DA:120,7
DA:126,1
LF:14
LH:13
BRDA:64,0,0,1
BRDA:64,0,1,0
BRDA:85,1,0,0
BRDA:86,2,0,0
BRDA:102,3,0,1
BRDA:102,3,1,0
BRF:6
BRH:2
end_of_record
TN:
SF:src/components/atoms/Button.tsx
FN:46,(anonymous_0)
FN:84,(anonymous_1)
FN:100,(anonymous_2)
FN:116,(anonymous_3)
FN:137,(anonymous_4)
FN:169,(anonymous_5)
FNF:6
FNH:6
FNDA:4,(anonymous_0)
FNDA:4,(anonymous_1)
FNDA:4,(anonymous_2)
FNDA:4,(anonymous_3)
FNDA:4,(anonymous_4)
FNDA:4,(anonymous_5)
DA:46,8
DA:47,4
DA:74,4
DA:84,8
DA:85,4
DA:90,4
DA:100,8
DA:101,4
DA:107,4
DA:116,8
DA:128,4
DA:129,4
DA:130,4
DA:132,4
DA:137,4
DA:158,8
DA:169,8
DA:175,4
LF:18
LH:18
BRDA:119,0,0,4
BRDA:120,1,0,4
BRDA:121,2,0,3
BRDA:122,3,0,3
BRDA:130,4,0,4
BRDA:130,4,1,3
BRDA:135,5,0,4
BRDA:135,5,1,3
BRDA:139,6,0,4
BRDA:139,6,1,0
BRDA:143,7,0,1
BRDA:143,7,1,3
BRDA:147,8,0,0
BRDA:147,8,1,3
BRDA:151,9,0,0
BRDA:151,9,1,3
BRDA:184,10,0,2
BRDA:184,10,1,2
BRF:18
BRH:15
end_of_record
TN:
SF:src/components/atoms/Divider.tsx
FN:24,(anonymous_0)
FN:61,(anonymous_1)
FNF:2
FNH:2
FNDA:2,(anonymous_0)
FNDA:2,(anonymous_1)
DA:24,7
DA:30,2
DA:31,2
DA:33,2
DA:34,0
DA:37,2
DA:38,2
DA:41,0
DA:52,7
DA:61,7
DA:62,2
LF:11
LH:9
BRDA:25,0,0,2
BRDA:33,1,0,0
BRDA:33,1,1,2
BRDA:37,2,0,2
BRDA:37,2,1,0
BRDA:70,3,0,0
BRDA:70,3,1,2
BRF:7
BRH:4
end_of_record
TN:
SF:src/components/atoms/Icon.tsx
FN:26,(anonymous_0)
FN:44,(anonymous_1)
FN:73,(anonymous_2)
FNF:3
FNH:3
FNDA:194,(anonymous_0)
FNDA:194,(anonymous_1)
FNDA:194,(anonymous_2)
DA:26,7
DA:27,194
DA:35,194
DA:44,7
DA:51,194
DA:52,194
DA:54,194
DA:65,7
DA:73,7
DA:74,194
LF:10
LH:10
BRDA:46,0,0,0
BRDA:47,1,0,0
BRF:2
BRH:0
end_of_record
TN:
SF:src/components/atoms/Input.tsx
FN:37,(anonymous_0)
FN:60,(anonymous_1)
FN:77,(anonymous_2)
FN:81,(anonymous_3)
FN:97,(anonymous_4)
FN:97,(anonymous_5)
FN:134,(anonymous_6)
FNF:7
FNH:3
FNDA:90,(anonymous_0)
FNDA:38,(anonymous_1)
FNDA:0,(anonymous_2)
FNDA:0,(anonymous_3)
FNDA:0,(anonymous_4)
FNDA:0,(anonymous_5)
FNDA:38,(anonymous_6)
DA:37,7
DA:51,90
DA:52,90
DA:53,90
DA:55,90
DA:56,90
DA:57,90
DA:59,90
DA:60,38
DA:64,90
DA:78,0
DA:79,0
DA:82,0
DA:83,0
DA:97,0
DA:124,7
DA:134,7
DA:135,38
DA:141,38
DA:143,38
LF:20
LH:15
BRDA:44,0,0,45
BRDA:56,1,0,90
BRDA:56,1,1,45
BRDA:57,2,0,90
BRDA:57,2,1,45
BRDA:66,3,0,90
BRDA:66,3,1,0
BRDA:73,4,0,90
BRDA:73,4,1,0
BRDA:91,5,0,45
BRDA:91,5,1,45
BRDA:94,6,0,0
BRDA:94,6,1,45
BRDA:102,7,0,0
BRDA:102,7,1,45
BRDA:106,8,0,0
BRDA:106,8,1,45
BRDA:111,9,0,6
BRDA:111,9,1,84
BRDA:115,10,0,0
BRDA:115,10,1,84
BRDA:135,11,0,6
BRDA:135,11,1,32
BRDA:137,12,0,0
BRDA:137,12,1,32
BRDA:141,13,0,6
BRDA:141,13,1,32
BRDA:141,14,0,38
BRDA:141,14,1,38
BRF:29
BRH:22
end_of_record
TN:
SF:src/components/atoms/Skeleton.tsx
FN:28,(anonymous_0)
FN:38,(anonymous_1)
FN:58,(anonymous_2)
FN:64,(anonymous_3)
FN:86,(anonymous_4)
FNF:5
FNH:0
FNDA:0,(anonymous_0)
FNDA:0,(anonymous_1)
FNDA:0,(anonymous_2)
FNDA:0,(anonymous_3)
FNDA:0,(anonymous_4)
DA:28,7
DA:35,0
DA:36,0
DA:38,0
DA:39,0
DA:56,0
DA:58,0
DA:59,0
DA:63,0
DA:64,0
DA:68,0
DA:76,7
DA:86,7
DA:87,0
LF:14
LH:3
BRDA:29,0,0,0
BRDA:64,1,0,0
BRDA:64,1,1,0
BRDA:90,2,0,0
BRDA:90,2,1,0
BRF:5
BRH:0
end_of_record
TN:
SF:src/components/atoms/Text.tsx
FN:36,(anonymous_0)
FN:80,(anonymous_1)
FN:108,(anonymous_2)
FNF:3
FNH:3
FNDA:440,(anonymous_0)
FNDA:440,(anonymous_1)
FNDA:440,(anonymous_2)
DA:36,8
DA:43,440
DA:71,440
DA:80,8
DA:88,440
DA:89,440
DA:91,440
DA:98,8
DA:108,8
DA:113,440
LF:10
LH:10
BRDA:81,0,0,219
BRDA:82,1,0,219
BRF:2
BRH:2
end_of_record
TN:
SF:src/components/atoms/index.ts
FNF:0
FNH:0
LF:0
LH:0
BRF:0
BRH:0
end_of_record
TN:
SF:src/components/molecules/CallCard.tsx
FN:36,(anonymous_0)
FN:56,(anonymous_1)
FN:78,(anonymous_2)
FN:103,(anonymous_3)
FN:116,(anonymous_4)
FN:124,(anonymous_5)
FN:133,(anonymous_6)
FN:186,(anonymous_7)
FN:197,(anonymous_8)
FN:218,(anonymous_9)
FNF:10
FNH:0
FNDA:0,(anonymous_0)
FNDA:0,(anonymous_1)
FNDA:0,(anonymous_2)
FNDA:0,(anonymous_3)
FNDA:0,(anonymous_4)
FNDA:0,(anonymous_5)
FNDA:0,(anonymous_6)
FNDA:0,(anonymous_7)
FNDA:0,(anonymous_8)
FNDA:0,(anonymous_9)
DA:36,2
DA:37,0
DA:38,0
DA:41,0
DA:44,0
DA:47,0
DA:56,2
DA:59,0
DA:60,0
DA:62,0
DA:63,0
DA:65,0
DA:66,0
DA:68,0
DA:78,2
DA:82,0
DA:83,0
DA:85,0
DA:86,0
DA:88,0
DA:89,0
DA:91,0
DA:92,0
DA:94,0
DA:103,2
DA:113,0
DA:114,0
DA:115,0
DA:116,0
DA:118,0
DA:120,0
DA:124,0
DA:125,0
DA:133,0
DA:134,0
DA:142,0
DA:186,0
DA:197,0
DA:210,2
DA:218,2
DA:219,0
LF:41
LH:6
BRDA:37,0,0,0
BRDA:37,0,1,0
BRDA:59,1,0,0
BRDA:59,1,1,0
BRDA:62,2,0,0
BRDA:62,2,1,0
BRDA:65,3,0,0
BRDA:65,3,1,0
BRDA:65,4,0,0
BRDA:65,4,1,0
BRDA:82,5,0,0
BRDA:82,5,1,0
BRDA:85,6,0,0
BRDA:85,6,1,0
BRDA:88,7,0,0
BRDA:88,7,1,0
BRDA:91,8,0,0
BRDA:91,8,1,0
BRDA:118,9,0,0
BRDA:118,9,1,0
BRDA:120,10,0,0
BRDA:120,10,1,0
BRDA:166,11,0,0
BRDA:166,11,1,0
BRF:24
BRH:0
end_of_record
TN:
SF:src/components/molecules/MessageBubble.tsx
FN:35,(anonymous_0)
FN:65,(anonymous_1)
FN:86,(anonymous_2)
FN:99,(anonymous_3)
FN:103,(anonymous_4)
FN:112,(anonymous_5)
FN:126,(anonymous_6)
FN:174,(anonymous_7)
FNF:8
FNH:5
FNDA:6,(anonymous_0)
FNDA:5,(anonymous_1)
FNDA:6,(anonymous_2)
FNDA:6,(anonymous_3)
FNDA:0,(anonymous_4)
FNDA:0,(anonymous_5)
FNDA:0,(anonymous_6)
FNDA:6,(anonymous_7)
DA:35,3
DA:39,6
DA:40,3
DA:43,3
DA:44,1
DA:47,2
DA:48,1
DA:51,1
DA:52,1
DA:55,0
DA:65,3
DA:69,5
DA:77,5
DA:86,3
DA:94,6
DA:95,6
DA:96,6
DA:98,6
DA:99,6
DA:103,6
DA:104,0
DA:112,6
DA:113,0
DA:121,6
DA:126,0
DA:165,3
DA:174,3
DA:175,6
LF:28
LH:24
BRDA:39,0,0,3
BRDA:39,0,1,3
BRDA:43,1,0,1
BRDA:43,1,1,2
BRDA:44,2,0,1
BRDA:44,2,1,0
BRDA:47,3,0,1
BRDA:47,3,1,1
BRDA:48,4,0,1
BRDA:48,4,1,0
BRDA:51,5,0,1
BRDA:51,5,1,0
BRDA:52,6,0,1
BRDA:52,6,1,0
BRDA:132,7,0,5
BRDA:132,7,1,1
BRDA:138,8,0,5
BRDA:138,8,1,1
BRDA:143,9,0,5
BRDA:143,9,1,1
BRDA:147,10,0,0
BRDA:147,10,1,5
BRDA:150,11,0,0
BRDA:150,11,1,5
BRDA:177,12,0,5
BRDA:177,12,1,1
BRDA:181,13,0,5
BRDA:181,13,1,1
BRDA:186,14,0,5
BRDA:186,14,1,1
BRDA:196,15,0,5
BRDA:196,15,1,1
BRF:32
BRH:26
end_of_record
TN:
SF:src/components/molecules/NotificationItem.tsx
FN:41,(anonymous_0)
FN:65,(anonymous_1)
FN:87,(anonymous_2)
FN:112,(anonymous_3)
FN:125,(anonymous_4)
FN:130,(anonymous_5)
FN:132,(anonymous_6)
FN:136,(anonymous_7)
FN:144,(anonymous_8)
FN:154,(anonymous_9)
FN:179,(anonymous_10)
FN:218,(anonymous_11)
FNF:12
FNH:0
FNDA:0,(anonymous_0)
FNDA:0,(anonymous_1)
FNDA:0,(anonymous_2)
FNDA:0,(anonymous_3)
FNDA:0,(anonymous_4)
FNDA:0,(anonymous_5)
FNDA:0,(anonymous_6)
FNDA:0,(anonymous_7)
FNDA:0,(anonymous_8)
FNDA:0,(anonymous_9)
FNDA:0,(anonymous_10)
FNDA:0,(anonymous_11)
DA:41,2
DA:44,0
DA:45,0
DA:47,0
DA:48,0
DA:50,0
DA:51,0
DA:53,0
DA:54,0
DA:56,0
DA:65,2
DA:68,0
DA:69,0
DA:71,0
DA:72,0
DA:74,0
DA:75,0
DA:77,0
DA:87,2
DA:91,0
DA:92,0
DA:94,0
DA:95,0
DA:97,0
DA:98,0
DA:100,0
DA:101,0
DA:103,0
DA:112,2
DA:120,0
DA:121,0
DA:122,0
DA:124,0
DA:125,0
DA:129,0
DA:131,0
DA:135,0
DA:140,0
DA:141,0
DA:148,0
DA:149,0
DA:155,0
DA:157,0
DA:160,0
DA:171,0
DA:179,0
DA:209,2
DA:218,2
DA:219,0
LF:49
LH:6
BRDA:44,0,0,0
BRDA:44,0,1,0
BRDA:47,1,0,0
BRDA:47,1,1,0
BRDA:50,2,0,0
BRDA:50,2,1,0
BRDA:53,3,0,0
BRDA:53,3,1,0
BRDA:68,4,0,0
BRDA:68,4,1,0
BRDA:71,5,0,0
BRDA:71,5,1,0
BRDA:74,6,0,0
BRDA:74,6,1,0
BRDA:91,7,0,0
BRDA:91,7,1,0
BRDA:94,8,0,0
BRDA:94,8,1,0
BRDA:97,9,0,0
BRDA:97,9,1,0
BRDA:100,10,0,0
BRDA:100,10,1,0
BRDA:140,11,0,0
BRDA:140,11,1,0
BRDA:148,12,0,0
BRDA:148,12,1,0
BRDA:225,13,0,0
BRDA:225,13,1,0
BRF:28
BRH:0
end_of_record
TN:
SF:src/components/molecules/QuickActionCard.tsx
FN:33,(anonymous_0)
FN:44,(anonymous_1)
FN:46,(anonymous_2)
FN:55,(anonymous_3)
FN:101,(anonymous_4)
FNF:5
FNH:3
FNDA:54,(anonymous_0)
FNDA:54,(anonymous_1)
FNDA:0,(anonymous_2)
FNDA:0,(anonymous_3)
FNDA:54,(anonymous_4)
DA:33,2
DA:42,54
DA:43,54
DA:44,54
DA:46,54
DA:47,0
DA:55,54
DA:56,0
DA:64,54
DA:93,2
DA:101,2
DA:102,54
LF:12
LH:10
BRDA:40,0,0,54
BRDA:78,1,0,0
BRDA:78,1,1,54
BRDA:78,2,0,54
BRDA:78,2,1,0
BRDA:83,3,0,0
BRDA:83,3,1,54
BRDA:83,4,0,54
BRDA:83,4,1,0
BRF:9
BRH:5
end_of_record
TN:
SF:src/components/molecules/SearchBar.tsx
FN:34,(anonymous_0)
FN:49,(anonymous_1)
FN:53,(anonymous_2)
FN:54,(anonymous_3)
FN:58,(anonymous_4)
FN:63,(anonymous_5)
FN:72,(anonymous_6)
FN:74,(anonymous_7)
FN:93,(anonymous_8)
FN:104,(anonymous_9)
FN:116,(anonymous_10)
FN:145,(anonymous_11)
FNF:12
FNH:0
FNDA:0,(anonymous_0)
FNDA:0,(anonymous_1)
FNDA:0,(anonymous_2)
FNDA:0,(anonymous_3)
FNDA:0,(anonymous_4)
FNDA:0,(anonymous_5)
FNDA:0,(anonymous_6)
FNDA:0,(anonymous_7)
FNDA:0,(anonymous_8)
FNDA:0,(anonymous_9)
FNDA:0,(anonymous_10)
FNDA:0,(anonymous_11)
DA:34,2
DA:43,0
DA:44,0
DA:45,0
DA:46,0
DA:47,0
DA:49,0
DA:50,0
DA:53,0
DA:54,0
DA:55,0
DA:58,0
DA:59,0
DA:63,0
DA:64,0
DA:72,0
DA:73,0
DA:74,0
DA:88,0
DA:93,0
DA:105,0
DA:106,0
DA:107,0
DA:108,0
DA:117,0
DA:118,0
DA:119,0
DA:120,0
DA:137,2
DA:145,2
DA:146,0
LF:31
LH:3
BRDA:38,0,0,0
BRDA:39,1,0,0
BRDA:45,2,0,0
BRDA:45,2,1,0
BRDA:47,3,0,0
BRDA:47,3,1,0
BRDA:50,4,0,0
BRDA:50,4,1,0
BRDA:65,5,0,0
BRDA:65,5,1,0
BRDA:90,6,0,0
BRDA:90,6,1,0
BRDA:101,7,0,0
BRDA:101,7,1,0
BRDA:107,8,0,0
BRDA:107,8,1,0
BRDA:113,9,0,0
BRDA:113,9,1,0
BRF:18
BRH:0
end_of_record
TN:
SF:src/components/molecules/UserListItem.tsx
FN:32,(anonymous_0)
FN:41,(anonymous_1)
FN:43,(anonymous_2)
FN:52,(anonymous_3)
FN:66,(anonymous_4)
FN:103,(anonymous_5)
FNF:6
FNH:0
FNDA:0,(anonymous_0)
FNDA:0,(anonymous_1)
FNDA:0,(anonymous_2)
FNDA:0,(anonymous_3)
FNDA:0,(anonymous_4)
FNDA:0,(anonymous_5)
DA:32,2
DA:38,0
DA:39,0
DA:40,0
DA:41,0
DA:43,0
DA:44,0
DA:52,0
DA:53,0
DA:61,0
DA:66,0
DA:95,2
DA:103,2
DA:104,0
LF:14
LH:3
BRF:0
BRH:0
end_of_record
TN:
SF:src/components/molecules/index.ts
FNF:0
FNH:0
LF:0
LH:0
BRF:0
BRH:0
end_of_record
TN:
SF:src/components/organisms/AppHeader.tsx
FN:34,(anonymous_0)
FN:63,(anonymous_1)
FN:75,(anonymous_2)
FN:78,(anonymous_3)
FN:87,(anonymous_4)
FN:99,(anonymous_5)
FN:136,(anonymous_6)
FNF:7
FNH:6
FNDA:0,(anonymous_0)
FNDA:2,(anonymous_1)
FNDA:6,(anonymous_2)
FNDA:2,(anonymous_3)
FNDA:2,(anonymous_4)
FNDA:2,(anonymous_5)
FNDA:2,(anonymous_6)
DA:34,3
DA:35,0
DA:53,0
DA:63,3
DA:70,2
DA:71,2
DA:72,2
DA:73,2
DA:74,2
DA:75,6
DA:78,2
DA:79,2
DA:80,2
DA:83,0
DA:86,2
DA:87,2
DA:91,2
DA:99,2
DA:127,3
DA:136,3
DA:137,2
LF:21
LH:18
BRDA:53,0,0,0
BRDA:53,0,1,0
BRDA:65,1,0,0
BRDA:75,2,0,6
BRDA:75,2,1,0
BRDA:79,3,0,2
BRDA:79,3,1,0
BRDA:94,4,0,2
BRDA:94,4,1,0
BRDA:94,5,0,2
BRDA:94,5,1,2
BRDA:121,6,0,2
BRDA:121,6,1,2
BRF:13
BRH:7
end_of_record
TN:
SF:src/components/organisms/BottomTabBar.tsx
FN:42,(anonymous_0)
FN:48,(anonymous_1)
FN:67,(anonymous_2)
FN:74,(anonymous_3)
FN:76,(anonymous_4)
FN:79,(anonymous_5)
FN:81,(anonymous_6)
FN:86,(anonymous_7)
FN:91,(anonymous_8)
FN:102,(anonymous_9)
FN:107,(anonymous_10)
FN:108,(anonymous_11)
FN:125,(anonymous_12)
FN:184,(anonymous_13)
FNF:14
FNH:0
FNDA:0,(anonymous_0)
FNDA:0,(anonymous_1)
FNDA:0,(anonymous_2)
FNDA:0,(anonymous_3)
FNDA:0,(anonymous_4)
FNDA:0,(anonymous_5)
FNDA:0,(anonymous_6)
FNDA:0,(anonymous_7)
FNDA:0,(anonymous_8)
FNDA:0,(anonymous_9)
FNDA:0,(anonymous_10)
FNDA:0,(anonymous_11)
FNDA:0,(anonymous_12)
FNDA:0,(anonymous_13)
DA:23,3
DA:31,3
DA:32,3
DA:42,3
DA:47,0
DA:48,0
DA:52,0
DA:67,3
DA:71,0
DA:72,0
DA:73,0
DA:74,0
DA:75,0
DA:76,0
DA:78,0
DA:80,0
DA:81,0
DA:85,0
DA:86,0
DA:90,0
DA:91,0
DA:101,0
DA:102,0
DA:106,0
DA:108,0
DA:109,0
DA:115,0
DA:116,0
DA:123,0
DA:126,0
DA:127,0
DA:131,0
DA:132,0
DA:134,0
DA:175,3
DA:184,3
DA:185,0
LF:37
LH:7
BRDA:115,0,0,0
BRDA:115,0,1,0
BRDA:115,1,0,0
BRDA:115,1,1,0
BRDA:127,2,0,0
BRDA:127,2,1,0
BRDA:131,3,0,0
BRDA:131,3,1,0
BRDA:132,4,0,0
BRDA:132,4,1,0
BRDA:145,5,0,0
BRDA:145,5,1,0
BRDA:146,6,0,0
BRDA:146,6,1,0
BRDA:149,7,0,0
BRDA:149,7,1,0
BRDA:155,8,0,0
BRDA:155,8,1,0
BRDA:163,9,0,0
BRDA:163,9,1,0
BRDA:206,10,0,0
BRDA:206,10,1,0
BRF:22
BRH:0
end_of_record
TN:
SF:src/components/organisms/GlobalToast.tsx
FN:32,(anonymous_0)
FN:37,(anonymous_1)
FN:39,(anonymous_2)
FN:44,(anonymous_3)
FN:48,(anonymous_4)
FN:54,(anonymous_5)
FN:80,(anonymous_6)
FN:100,(anonymous_7)
FNF:8
FNH:0
FNDA:0,(anonymous_0)
FNDA:0,(anonymous_1)
FNDA:0,(anonymous_2)
FNDA:0,(anonymous_3)
FNDA:0,(anonymous_4)
FNDA:0,(anonymous_5)
FNDA:0,(anonymous_6)
FNDA:0,(anonymous_7)
DA:19,3
DA:32,3
DA:33,0
DA:34,0
DA:35,0
DA:36,0
DA:37,0
DA:39,0
DA:40,0
DA:41,0
DA:44,0
DA:45,0
DA:48,0
DA:49,0
DA:53,0
DA:54,0
DA:58,0
DA:59,0
DA:62,0
DA:64,0
DA:80,0
DA:91,3
DA:100,3
DA:101,0
LF:24
LH:4
BRDA:37,0,0,0
BRDA:37,0,1,0
BRDA:40,1,0,0
BRDA:40,1,1,0
BRDA:46,2,0,0
BRDA:46,2,1,0
BRDA:58,3,0,0
BRDA:58,3,1,0
BRF:8
BRH:0
end_of_record
TN:
SF:src/components/organisms/NetworkBanner.tsx
FN:18,(anonymous_0)
FN:22,(anonymous_1)
FN:25,(anonymous_2)
FN:51,(anonymous_3)
FNF:4
FNH:0
FNDA:0,(anonymous_0)
FNDA:0,(anonymous_1)
FNDA:0,(anonymous_2)
FNDA:0,(anonymous_3)
DA:18,3
DA:19,0
DA:20,0
DA:21,0
DA:22,0
DA:24,0
DA:25,0
DA:29,0
DA:30,0
DA:33,0
DA:42,3
DA:51,3
DA:52,0
LF:13
LH:3
BRDA:29,0,0,0
BRDA:29,0,1,0
BRF:2
BRH:0
end_of_record
TN:
SF:src/components/organisms/index.ts
FNF:0
FNH:0
LF:0
LH:0
BRF:0
BRH:0
end_of_record
TN:
SF:src/hooks/index.ts
FNF:0
FNH:0
LF:0
LH:0
BRF:0
BRH:0
end_of_record
TN:
SF:src/hooks/useAuthSession.ts
FN:48,(anonymous_0)
FN:70,(anonymous_1)
FN:93,(anonymous_2)
FN:98,(anonymous_3)
FN:99,(anonymous_4)
FN:100,(anonymous_5)
FN:115,(anonymous_6)
FN:146,(anonymous_7)
FN:154,(anonymous_8)
FN:181,(anonymous_9)
FN:184,(anonymous_10)
FN:193,(anonymous_11)
FNF:12
FNH:0
FNDA:0,(anonymous_0)
FNDA:0,(anonymous_1)
FNDA:0,(anonymous_2)
FNDA:0,(anonymous_3)
FNDA:0,(anonymous_4)
FNDA:0,(anonymous_5)
FNDA:0,(anonymous_6)
FNDA:0,(anonymous_7)
FNDA:0,(anonymous_8)
FNDA:0,(anonymous_9)
FNDA:0,(anonymous_10)
FNDA:0,(anonymous_11)
DA:30,0
DA:36,0
DA:48,0
DA:49,0
DA:50,0
DA:52,0
DA:53,0
DA:55,0
DA:56,0
DA:57,0
DA:58,0
DA:60,0
DA:70,0
DA:74,0
DA:75,0
DA:76,0
DA:93,0
DA:94,0
DA:95,0
DA:96,0
DA:98,0
DA:99,0
DA:100,0
DA:103,0
DA:115,0
DA:116,0
DA:117,0
DA:119,0
DA:120,0
DA:122,0
DA:123,0
DA:124,0
DA:125,0
DA:132,0
DA:135,0
DA:136,0
DA:138,0
DA:146,0
DA:147,0
DA:149,0
DA:150,0
DA:151,0
DA:154,0
DA:156,0
DA:157,0
DA:158,0
DA:162,0
DA:163,0
DA:164,0
DA:165,0
DA:167,0
DA:168,0
DA:173,0
DA:181,0
DA:182,0
DA:184,0
DA:185,0
DA:186,0
DA:188,0
DA:189,0
DA:193,0
LF:61
LH:0
BRDA:50,0,0,0
BRDA:50,0,1,0
BRDA:53,1,0,0
BRDA:53,1,1,0
BRDA:58,2,0,0
BRDA:58,2,1,0
BRDA:75,3,0,0
BRDA:75,3,1,0
BRDA:116,4,0,0
BRDA:116,4,1,0
BRDA:122,5,0,0
BRDA:122,5,1,0
BRDA:122,6,0,0
BRDA:122,6,1,0
BRDA:147,7,0,0
BRDA:147,7,1,0
BRDA:149,8,0,0
BRDA:149,8,1,0
BRDA:156,9,0,0
BRDA:156,9,1,0
BRDA:158,10,0,0
BRDA:158,10,1,0
BRDA:162,11,0,0
BRDA:162,11,1,0
BRDA:164,12,0,0
BRDA:164,12,1,0
BRDA:182,13,0,0
BRDA:182,13,1,0
BRDA:186,14,0,0
BRDA:186,14,1,0
BRDA:188,15,0,0
BRDA:188,15,1,0
BRF:32
BRH:0
end_of_record
TN:
SF:src/hooks/useNetworkStatus.ts
FN:20,(anonymous_0)
FN:28,(anonymous_1)
FN:30,(anonymous_2)
FN:32,(anonymous_3)
FN:33,(anonymous_4)
FN:48,(anonymous_5)
FN:52,(anonymous_6)
FNF:7
FNH:0
FNDA:0,(anonymous_0)
FNDA:0,(anonymous_1)
FNDA:0,(anonymous_2)
FNDA:0,(anonymous_3)
FNDA:0,(anonymous_4)
FNDA:0,(anonymous_5)
FNDA:0,(anonymous_6)
DA:20,0
DA:21,0
DA:28,0
DA:29,0
DA:30,0
DA:32,0
DA:33,0
DA:34,0
DA:35,0
DA:36,0
DA:38,0
DA:46,0
DA:48,0
DA:49,0
DA:52,0
DA:53,0
DA:57,0
LF:17
LH:0
BRF:0
BRH:0
end_of_record
TN:
SF:src/hooks/useNotifications.ts
FN:29,(anonymous_0)
FN:55,(anonymous_1)
FN:61,(anonymous_2)
FN:62,(anonymous_3)
FNF:4
FNH:0
FNDA:0,(anonymous_0)
FNDA:0,(anonymous_1)
FNDA:0,(anonymous_2)
FNDA:0,(anonymous_3)
DA:29,0
DA:30,0
DA:31,0
DA:32,0
DA:33,0
DA:36,0
DA:38,0
DA:39,0
DA:42,0
DA:43,0
DA:45,0
DA:46,0
DA:55,0
DA:56,0
DA:57,0
DA:58,0
DA:59,0
DA:61,0
DA:62,0
DA:63,0
DA:64,0
DA:66,0
DA:67,0
DA:69,0
DA:70,0
DA:73,0
DA:74,0
DA:76,0
DA:77,0
DA:84,0
DA:87,0
LF:31
LH:0
BRDA:32,0,0,0
BRDA:32,0,1,0
BRDA:38,1,0,0
BRDA:38,1,1,0
BRDA:64,2,0,0
BRDA:64,2,1,0
BRDA:67,3,0,0
BRDA:67,3,1,0
BRDA:69,4,0,0
BRDA:69,4,1,0
BRDA:76,5,0,0
BRDA:76,5,1,0
BRF:12
BRH:0
end_of_record
TN:
SF:src/hooks/useRealtimeSession.ts
FN:56,(anonymous_0)
FN:60,(anonymous_1)
FN:61,(anonymous_2)
FN:62,(anonymous_3)
FN:64,(anonymous_4)
FN:66,(anonymous_5)
FN:69,(anonymous_6)
FN:74,(anonymous_7)
FN:81,(anonymous_8)
FN:83,(anonymous_9)
FN:88,(anonymous_10)
FN:95,(anonymous_11)
FN:129,(anonymous_12)
FN:135,(anonymous_13)
FN:144,(anonymous_14)
FN:160,(anonymous_15)
FN:173,(anonymous_16)
FN:187,(anonymous_17)
FN:202,(anonymous_18)
FN:215,(anonymous_19)
FNF:20
FNH:19
FNDA:12,(anonymous_0)
FNDA:31,(anonymous_1)
FNDA:31,(anonymous_2)
FNDA:31,(anonymous_3)
FNDA:31,(anonymous_4)
FNDA:31,(anonymous_5)
FNDA:4,(anonymous_6)
FNDA:6,(anonymous_7)
FNDA:4,(anonymous_8)
FNDA:6,(anonymous_9)
FNDA:4,(anonymous_10)
FNDA:1,(anonymous_11)
FNDA:4,(anonymous_12)
FNDA:4,(anonymous_13)
FNDA:4,(anonymous_14)
FNDA:4,(anonymous_15)
FNDA:1,(anonymous_16)
FNDA:1,(anonymous_17)
FNDA:0,(anonymous_18)
FNDA:1,(anonymous_19)
DA:56,1
DA:57,12
DA:58,12
DA:60,31
DA:61,31
DA:62,31
DA:63,12
DA:64,31
DA:66,31
DA:68,12
DA:69,4
DA:73,12
DA:75,6
DA:76,6
DA:81,12
DA:82,4
DA:84,6
DA:88,4
DA:89,4
DA:91,4
DA:93,1
DA:96,1
DA:100,1
DA:102,1
DA:105,1
DA:107,1
DA:113,1
DA:115,1
DA:118,1
DA:119,1
DA:121,1
DA:124,0
DA:125,0
DA:129,4
DA:130,4
DA:131,4
DA:135,12
DA:136,4
DA:137,0
DA:138,0
DA:139,0
DA:142,4
DA:144,4
DA:145,4
DA:146,4
DA:147,4
DA:150,0
DA:155,0
DA:158,4
DA:160,4
DA:161,4
DA:162,4
DA:172,12
DA:174,1
DA:175,1
DA:176,1
DA:177,1
DA:178,1
DA:181,0
DA:182,0
DA:187,12
DA:188,1
DA:189,0
DA:192,1
DA:193,1
DA:194,1
DA:197,0
DA:198,0
DA:201,12
DA:203,0
DA:204,0
DA:205,0
DA:208,0
DA:209,0
DA:214,12
DA:216,1
DA:217,1
DA:218,1
DA:221,0
DA:222,0
DA:227,12
LF:81
LH:62
BRDA:84,0,0,6
BRDA:84,0,1,5
BRDA:91,1,0,1
BRDA:91,1,1,1
BRDA:91,1,2,1
BRDA:91,1,3,1
BRDA:91,1,4,0
BRDA:118,2,0,1
BRDA:118,2,1,0
BRDA:136,3,0,0
BRDA:136,3,1,4
BRDA:136,4,0,4
BRDA:136,4,1,4
BRDA:146,5,0,4
BRDA:146,5,1,0
BRDA:146,6,0,4
BRDA:146,6,1,0
BRDA:176,7,0,1
BRDA:176,7,1,0
BRDA:181,8,0,0
BRDA:181,8,1,0
BRDA:188,9,0,0
BRDA:188,9,1,1
BRDA:193,10,0,1
BRDA:193,10,1,0
BRDA:197,11,0,0
BRDA:197,11,1,0
BRDA:204,12,0,0
BRDA:204,12,1,0
BRDA:208,13,0,0
BRDA:208,13,1,0
BRDA:217,14,0,1
BRDA:217,14,1,0
BRDA:221,15,0,0
BRDA:221,15,1,0
BRF:35
BRH:16
end_of_record
TN:
SF:src/i18n/index.ts
FN:22,(anonymous_0)
FN:43,(anonymous_1)
FN:70,(anonymous_2)
FNF:3
FNH:2
FNDA:0,(anonymous_0)
FNDA:11,(anonymous_1)
FNDA:12,(anonymous_2)
DA:16,11
DA:18,0
DA:20,0
DA:23,0
DA:28,11
DA:30,11
DA:34,11
DA:43,11
DA:45,11
DA:49,11
DA:50,11
DA:53,0
DA:54,0
DA:55,0
DA:57,0
DA:58,0
DA:60,0
DA:61,0
DA:64,0
DA:70,11
DA:71,12
DA:72,1
DA:75,11
DA:88,11
DA:91,11
LF:25
LH:14
BRDA:16,0,0,0
BRDA:16,0,1,11
BRDA:16,1,0,11
BRDA:16,1,1,11
BRDA:18,2,0,0
BRDA:18,2,1,0
BRDA:45,3,0,11
BRDA:45,3,1,0
BRDA:49,4,0,11
BRDA:49,4,1,0
BRDA:54,5,0,0
BRDA:54,5,1,0
BRDA:57,6,0,0
BRDA:57,6,1,0
BRDA:60,7,0,0
BRDA:60,7,1,0
BRDA:71,8,0,1
BRDA:71,8,1,11
BRF:18
BRH:7
end_of_record
TN:
SF:src/i18n/useLanguage.ts
FN:21,(anonymous_0)
FN:28,(anonymous_1)
FNF:2
FNH:0
FNDA:0,(anonymous_0)
FNDA:0,(anonymous_1)
DA:21,0
DA:22,0
DA:28,0
DA:29,0
DA:32,0
LF:5
LH:0
BRDA:23,0,0,0
BRDA:23,0,1,0
BRF:2
BRH:0
end_of_record
TN:
SF:src/i18n/useTranslation.ts
FNF:0
FNH:0
LF:0
LH:0
BRF:0
BRH:0
end_of_record
TN:
SF:src/models/Call.ts
FNF:0
FNH:0
LF:0
LH:0
BRF:0
BRH:0
end_of_record
TN:
SF:src/models/Corrida.ts
FNF:0
FNH:0
LF:0
LH:0
BRF:0
BRH:0
end_of_record
TN:
SF:src/models/Department.ts
FNF:0
FNH:0
LF:0
LH:0
BRF:0
BRH:0
end_of_record
TN:
SF:src/models/Message.ts
FNF:0
FNH:0
LF:0
LH:0
BRF:0
BRH:0
end_of_record
TN:
SF:src/models/Motorista.ts
FNF:0
FNH:0
LF:0
LH:0
BRF:0
BRH:0
end_of_record
TN:
SF:src/models/Notification.ts
FNF:0
FNH:0
LF:0
LH:0
BRF:0
BRH:0
end_of_record
TN:
SF:src/models/Servidor.ts
FNF:0
FNH:0
LF:0
LH:0
BRF:0
BRH:0
end_of_record
TN:
SF:src/models/User.ts
FNF:0
FNH:0
LF:0
LH:0
BRF:0
BRH:0
end_of_record
TN:
SF:src/models/Veiculo.ts
FNF:0
FNH:0
LF:0
LH:0
BRF:0
BRH:0
end_of_record
TN:
SF:src/models/index.ts
FNF:0
FNH:0
LF:0
LH:0
BRF:0
BRH:0
end_of_record
TN:
SF:src/navigation/AppHeader.tsx
FN:31,(anonymous_0)
FN:51,(anonymous_1)
FN:83,(anonymous_2)
FNF:3
FNH:0
FNDA:0,(anonymous_0)
FNDA:0,(anonymous_1)
FNDA:0,(anonymous_2)
DA:31,0
DA:38,0
DA:39,0
DA:40,0
DA:41,0
DA:43,0
DA:51,0
DA:80,0
DA:83,0
DA:84,0
LF:10
LH:0
BRDA:33,0,0,0
BRDA:46,1,0,0
BRDA:46,1,1,0
BRDA:46,2,0,0
BRDA:46,2,1,0
BRDA:74,3,0,0
BRDA:74,3,1,0
BRF:7
BRH:0
end_of_record
TN:
SF:src/navigation/AuthNavigator.tsx
FN:17,(anonymous_0)
FNF:1
FNH:1
FNDA:5,(anonymous_0)
DA:10,1
DA:17,1
DA:18,5
DA:31,1
LF:4
LH:4
BRF:0
BRH:0
end_of_record
TN:
SF:src/navigation/CallsNavigator.tsx
FN:21,(anonymous_0)
FN:33,(anonymous_1)
FNF:2
FNH:0
FNDA:0,(anonymous_0)
FNDA:0,(anonymous_1)
DA:13,1
DA:21,1
DA:22,0
DA:33,0
DA:59,1
LF:5
LH:3
BRF:0
BRH:0
end_of_record
TN:
SF:src/navigation/ChatNavigator.tsx
FN:20,(anonymous_0)
FN:24,(anonymous_1)
FN:42,(anonymous_2)
FNF:3
FNH:0
FNDA:0,(anonymous_0)
FNDA:0,(anonymous_1)
FNDA:0,(anonymous_2)
DA:13,1
DA:20,1
DA:21,0
DA:25,0
DA:42,0
DA:53,1
LF:6
LH:3
BRDA:27,0,0,0
BRDA:27,0,1,0
BRF:2
BRH:0
end_of_record
TN:
SF:src/navigation/CorridasNavigator.tsx
FN:29,(anonymous_0)
FNF:1
FNH:0
FNDA:0,(anonymous_0)
DA:22,0
DA:29,0
DA:30,0
DA:31,0
DA:33,0
DA:69,0
LF:6
LH:0
BRF:0
BRH:0
end_of_record
TN:
SF:src/navigation/MainTabNavigator.tsx
FN:21,(anonymous_0)
FN:25,(anonymous_1)
FNF:2
FNH:0
FNDA:0,(anonymous_0)
FNDA:0,(anonymous_1)
DA:14,1
DA:21,1
DA:22,0
DA:25,0
DA:55,1
LF:5
LH:3
BRF:0
BRH:0
end_of_record
TN:
SF:src/navigation/PassageiroCorridasNavigator.tsx
FN:37,(anonymous_0)
FNF:1
FNH:0
FNDA:0,(anonymous_0)
DA:28,1
DA:37,1
DA:38,0
DA:39,0
DA:41,0
DA:67,1
LF:6
LH:3
BRF:0
BRH:0
end_of_record
TN:
SF:src/navigation/PassageiroNavigator.tsx
FN:55,(anonymous_0)
FN:66,(anonymous_1)
FN:73,(anonymous_2)
FN:117,(anonymous_3)
FN:153,(anonymous_4)
FN:160,(anonymous_5)
FN:164,(anonymous_6)
FNF:7
FNH:1
FNDA:0,(anonymous_0)
FNDA:0,(anonymous_1)
FNDA:0,(anonymous_2)
FNDA:0,(anonymous_3)
FNDA:0,(anonymous_4)
FNDA:5,(anonymous_5)
FNDA:0,(anonymous_6)
DA:27,1
DA:34,1
DA:41,1
DA:55,1
DA:59,0
DA:60,0
DA:61,0
DA:62,0
DA:64,0
DA:67,0
DA:68,0
DA:69,0
DA:70,0
DA:71,0
DA:73,0
DA:74,0
DA:79,0
DA:80,0
DA:84,0
DA:110,1
DA:112,1
DA:113,1
DA:114,1
DA:117,1
DA:118,0
DA:153,1
DA:160,1
DA:161,5
DA:164,0
DA:173,1
LF:30
LH:13
BRDA:69,0,0,0
BRDA:69,0,1,0
BRDA:71,1,0,0
BRDA:71,1,1,0
BRDA:79,2,0,0
BRDA:79,2,1,0
BRDA:79,3,0,0
BRDA:79,3,1,0
BRDA:93,4,0,0
BRDA:93,4,1,0
BRDA:95,5,0,0
BRDA:95,5,1,0
BRDA:96,6,0,0
BRDA:96,6,1,0
BRDA:100,7,0,0
BRDA:100,7,1,0
BRDA:123,8,0,0
BRDA:123,8,1,0
BRDA:124,9,0,0
BRDA:124,9,1,0
BRF:20
BRH:0
end_of_record
TN:
SF:src/navigation/ProfileNavigator.tsx
FN:36,(anonymous_0)
FNF:1
FNH:0
FNDA:0,(anonymous_0)
DA:24,1
DA:29,1
DA:36,1
DA:37,0
DA:39,0
DA:76,1
LF:6
LH:4
BRDA:29,0,0,1
BRDA:29,0,1,0
BRDA:46,1,0,0
BRDA:46,1,1,0
BRF:4
BRH:1
end_of_record
TN:
SF:src/navigation/RootNavigator.tsx
FN:27,(anonymous_0)
FN:45,(anonymous_1)
FN:46,(anonymous_2)
FN:50,(anonymous_3)
FN:51,(anonymous_4)
FNF:5
FNH:5
FNDA:8,(anonymous_0)
FNDA:9,(anonymous_1)
FNDA:16,(anonymous_2)
FNDA:16,(anonymous_3)
FNDA:16,(anonymous_4)
DA:19,1
DA:27,1
DA:30,8
DA:31,0
DA:32,0
DA:33,0
DA:45,1
DA:46,16
DA:50,16
DA:51,16
DA:53,8
DA:55,8
DA:75,1
LF:13
LH:10
BRDA:30,0,0,8
BRDA:30,0,1,0
BRDA:30,1,0,8
BRDA:30,1,1,8
BRDA:31,2,0,0
BRDA:31,2,1,0
BRDA:32,3,0,0
BRDA:32,3,1,0
BRDA:32,4,0,0
BRDA:32,4,1,0
BRDA:62,5,0,4
BRDA:62,5,1,4
BRDA:64,6,0,0
BRDA:64,6,1,4
BRDA:66,7,0,4
BRDA:66,7,1,0
BRF:16
BRH:7
end_of_record
TN:
SF:src/navigation/TabBar.tsx
FN:39,(anonymous_0)
FN:51,(anonymous_1)
FN:63,(anonymous_2)
FN:115,(anonymous_3)
FNF:4
FNH:0
FNDA:0,(anonymous_0)
FNDA:0,(anonymous_1)
FNDA:0,(anonymous_2)
FNDA:0,(anonymous_3)
DA:17,0
DA:26,0
DA:39,0
DA:44,0
DA:45,0
DA:46,0
DA:47,0
DA:49,0
DA:52,0
DA:53,0
DA:54,0
DA:58,0
DA:59,0
DA:61,0
DA:63,0
DA:64,0
DA:69,0
DA:70,0
DA:74,0
DA:112,0
DA:115,0
DA:116,0
LF:22
LH:0
BRDA:54,0,0,0
BRDA:54,0,1,0
BRDA:59,1,0,0
BRDA:59,1,1,0
BRDA:61,2,0,0
BRDA:61,2,1,0
BRDA:69,3,0,0
BRDA:69,3,1,0
BRDA:69,4,0,0
BRDA:69,4,1,0
BRDA:85,5,0,0
BRDA:85,5,1,0
BRDA:86,6,0,0
BRDA:86,6,1,0
BRDA:89,7,0,0
BRDA:89,7,1,0
BRDA:92,8,0,0
BRDA:92,8,1,0
BRDA:100,9,0,0
BRDA:100,9,1,0
BRDA:137,10,0,0
BRDA:137,10,1,0
BRF:22
BRH:0
end_of_record
TN:
SF:src/navigation/index.ts
FNF:0
FNH:0
LF:0
LH:0
BRF:0
BRH:0
end_of_record
TN:
SF:src/navigation/placeholders.tsx
FN:12,(anonymous_0)
FN:13,(anonymous_1)
FNF:2
FNH:1
FNDA:12,(anonymous_0)
FNDA:0,(anonymous_1)
DA:12,1
DA:13,12
DA:14,12
DA:15,12
DA:18,1
DA:19,1
DA:20,1
DA:21,1
DA:22,1
DA:23,1
DA:24,1
DA:25,1
DA:26,1
DA:27,1
DA:28,1
DA:29,1
LF:16
LH:16
BRF:0
BRH:0
end_of_record
TN:
SF:src/navigation/types.ts
FNF:0
FNH:0
LF:0
LH:0
BRF:0
BRH:0
end_of_record
TN:
SF:src/navigation/useAppNavigation.ts
FN:19,(anonymous_0)
FNF:1
FNH:0
FNDA:0,(anonymous_0)
DA:19,0
DA:20,0
LF:2
LH:0
BRF:0
BRH:0
end_of_record
TN:
SF:src/screens/Auth/LoginScreen.styles.ts
FN:21,(anonymous_0)
FNF:1
FNH:1
FNDA:20,(anonymous_0)
DA:21,2
DA:22,20
DA:24,20
LF:3
LH:3
BRF:0
BRH:0
end_of_record
TN:
SF:src/screens/Auth/LoginScreen.tsx
FN:57,(anonymous_0)
FN:62,(anonymous_1)
FN:78,(anonymous_2)
FN:86,(anonymous_3)
FN:94,(anonymous_4)
FN:110,(anonymous_5)
FN:210,(anonymous_6)
FN:232,(anonymous_7)
FN:251,(anonymous_8)
FN:252,(anonymous_9)
FNF:10
FNH:8
FNDA:50,(anonymous_0)
FNDA:20,(anonymous_1)
FNDA:8,(anonymous_2)
FNDA:7,(anonymous_3)
FNDA:6,(anonymous_4)
FNDA:10,(anonymous_5)
FNDA:0,(anonymous_6)
FNDA:0,(anonymous_7)
FNDA:10,(anonymous_8)
FNDA:45,(anonymous_9)
DA:44,2
DA:57,2
DA:58,50
DA:59,49
DA:60,49
DA:61,49
DA:62,49
DA:64,49
DA:65,49
DA:67,49
DA:68,49
DA:69,49
DA:70,49
DA:71,49
DA:74,49
DA:77,49
DA:79,8
DA:80,8
DA:85,49
DA:87,7
DA:88,7
DA:94,49
DA:95,6
DA:110,49
DA:111,10
DA:112,10
DA:114,10
DA:115,2
DA:116,2
DA:117,8
DA:118,1
DA:119,1
DA:122,10
DA:123,3
DA:124,3
DA:127,10
DA:129,6
DA:130,6
DA:131,6
DA:132,4
DA:134,4
DA:135,2
DA:142,2
DA:145,2
DA:146,2
DA:149,2
DA:150,0
DA:152,0
DA:153,0
DA:157,49
DA:210,0
DA:232,0
DA:251,10
DA:252,45
DA:281,2
LF:55
LH:50
BRDA:74,0,0,49
BRDA:74,0,1,49
BRDA:80,1,0,0
BRDA:80,1,1,8
BRDA:88,2,0,0
BRDA:88,2,1,7
BRDA:114,3,0,2
BRDA:114,3,1,8
BRDA:117,4,0,1
BRDA:117,4,1,7
BRDA:122,5,0,3
BRDA:122,5,1,7
BRDA:127,6,0,4
BRDA:127,6,1,6
BRDA:134,7,0,2
BRDA:134,7,1,2
BRDA:150,8,0,0
BRDA:150,8,1,0
BRDA:153,9,0,0
BRDA:153,9,1,0
BRDA:163,10,0,49
BRDA:163,10,1,0
BRDA:254,11,0,45
BRDA:254,11,1,0
BRDA:255,12,0,45
BRDA:255,12,1,6
BRDA:258,13,0,6
BRDA:258,13,1,43
BRF:28
BRH:20
end_of_record
TN:
SF:src/screens/Calls/ActiveCallScreen.tsx
FN:22,(anonymous_0)
FN:24,(anonymous_1)
FN:44,(anonymous_2)
FN:47,(anonymous_3)
FN:65,(anonymous_4)
FNF:5
FNH:4
FNDA:12,(anonymous_0)
FNDA:12,(anonymous_1)
FNDA:3,(anonymous_2)
FNDA:3,(anonymous_3)
FNDA:0,(anonymous_4)
DA:22,2
DA:23,12
DA:24,12
DA:25,12
DA:44,2
DA:45,3
DA:46,3
DA:47,3
DA:48,3
DA:63,3
DA:65,3
DA:66,0
DA:67,0
DA:70,3
DA:133,2
LF:15
LH:13
BRDA:29,0,0,0
BRDA:29,0,1,12
BRDA:32,1,0,0
BRDA:32,1,1,12
BRDA:87,2,0,0
BRDA:87,2,1,3
BRDA:108,3,0,0
BRDA:108,3,1,3
BRF:8
BRH:4
end_of_record
TN:
SF:src/screens/Calls/CallHistoryScreen.tsx
FN:31,(anonymous_0)
FN:34,(anonymous_1)
FN:39,(anonymous_2)
FN:42,(anonymous_3)
FN:51,(anonymous_4)
FN:56,(anonymous_5)
FN:57,(anonymous_6)
FN:68,(anonymous_7)
FN:88,(anonymous_8)
FN:91,(anonymous_9)
FNF:10
FNH:0
FNDA:0,(anonymous_0)
FNDA:0,(anonymous_1)
FNDA:0,(anonymous_2)
FNDA:0,(anonymous_3)
FNDA:0,(anonymous_4)
FNDA:0,(anonymous_5)
FNDA:0,(anonymous_6)
FNDA:0,(anonymous_7)
FNDA:0,(anonymous_8)
FNDA:0,(anonymous_9)
DA:19,1
DA:21,1
DA:31,1
DA:32,0
DA:33,0
DA:34,0
DA:37,0
DA:39,0
DA:41,0
DA:42,0
DA:50,0
DA:52,0
DA:56,0
DA:57,0
DA:64,0
DA:65,0
DA:69,0
DA:83,0
DA:89,0
DA:91,0
DA:139,1
LF:21
LH:4
BRDA:64,0,0,0
BRDA:64,0,1,0
BRDA:92,1,0,0
BRDA:92,1,1,0
BRDA:95,2,0,0
BRDA:95,2,1,0
BRDA:97,3,0,0
BRDA:97,3,1,0
BRF:8
BRH:0
end_of_record
TN:
SF:src/screens/Calls/CallsScreens.styles.ts
FN:5,(anonymous_0)
FNF:1
FNH:1
FNDA:26,(anonymous_0)
DA:5,2
DA:6,26
LF:2
LH:2
BRF:0
BRH:0
end_of_record
TN:
SF:src/screens/Calls/IncomingCallScreen.tsx
FN:23,(anonymous_0)
FN:26,(anonymous_1)
FN:34,(anonymous_2)
FN:37,(anonymous_3)
FN:38,(anonymous_4)
FN:58,(anonymous_5)
FN:61,(anonymous_6)
FN:68,(anonymous_7)
FN:83,(anonymous_8)
FNF:9
FNH:9
FNDA:13,(anonymous_0)
FNDA:11,(anonymous_1)
FNDA:39,(anonymous_2)
FNDA:11,(anonymous_3)
FNDA:33,(anonymous_4)
FNDA:11,(anonymous_5)
FNDA:3,(anonymous_6)
FNDA:2,(anonymous_7)
FNDA:39,(anonymous_8)
DA:13,2
DA:14,2
DA:23,2
DA:24,13
DA:25,13
DA:26,13
DA:27,13
DA:30,13
DA:33,13
DA:34,39
DA:37,13
DA:38,11
DA:39,33
DA:56,11
DA:57,11
DA:58,11
DA:61,13
DA:62,3
DA:63,3
DA:64,3
DA:68,13
DA:69,2
DA:70,2
DA:73,13
DA:84,39
DA:150,2
LF:26
LH:26
BRDA:63,0,0,3
BRDA:63,0,1,0
BRF:2
BRH:1
end_of_record
TN:
SF:src/screens/Calls/useActiveCall.ts
FN:31,(anonymous_0)
FN:33,(anonymous_1)
FN:34,(anonymous_2)
FN:44,(anonymous_3)
FN:46,(anonymous_4)
FN:47,(anonymous_5)
FN:49,(anonymous_6)
FN:55,(anonymous_7)
FN:58,(anonymous_8)
FN:58,(anonymous_9)
FN:59,(anonymous_10)
FN:59,(anonymous_11)
FN:60,(anonymous_12)
FN:60,(anonymous_13)
FN:61,(anonymous_14)
FN:61,(anonymous_15)
FN:66,(anonymous_16)
FNF:17
FNH:6
FNDA:3,(anonymous_0)
FNDA:6,(anonymous_1)
FNDA:6,(anonymous_2)
FNDA:3,(anonymous_3)
FNDA:0,(anonymous_4)
FNDA:0,(anonymous_5)
FNDA:3,(anonymous_6)
FNDA:3,(anonymous_7)
FNDA:0,(anonymous_8)
FNDA:0,(anonymous_9)
FNDA:0,(anonymous_10)
FNDA:0,(anonymous_11)
FNDA:0,(anonymous_12)
FNDA:0,(anonymous_13)
FNDA:0,(anonymous_14)
FNDA:0,(anonymous_15)
FNDA:0,(anonymous_16)
DA:31,2
DA:32,3
DA:33,6
DA:34,6
DA:36,3
DA:37,3
DA:38,3
DA:39,3
DA:40,3
DA:41,3
DA:44,3
DA:45,3
DA:46,3
DA:47,0
DA:49,3
DA:50,3
DA:54,3
DA:55,3
DA:58,3
DA:59,3
DA:60,3
DA:61,3
DA:66,3
DA:67,0
DA:68,0
DA:69,0
DA:83,0
DA:84,0
DA:87,3
LF:29
LH:23
BRDA:33,0,0,6
BRDA:33,0,1,0
BRDA:45,1,0,0
BRDA:45,1,1,3
BRDA:50,2,0,3
BRDA:50,2,1,0
BRDA:67,3,0,0
BRDA:67,3,1,0
BRDA:68,4,0,0
BRDA:68,4,1,0
BRDA:89,5,0,3
BRDA:89,5,1,0
BRDA:90,6,0,3
BRDA:90,6,1,0
BRF:14
BRH:5
end_of_record
TN:
SF:src/screens/Calls/useCallHistory.ts
FN:30,(anonymous_0)
FN:32,(anonymous_1)
FN:41,(anonymous_2)
FN:54,(anonymous_3)
FN:57,(anonymous_4)
FN:58,(anonymous_5)
FN:64,(anonymous_6)
FN:71,(anonymous_7)
FN:73,(anonymous_8)
FN:79,(anonymous_9)
FN:82,(anonymous_10)
FN:84,(anonymous_11)
FN:87,(anonymous_12)
FN:91,(anonymous_13)
FN:95,(anonymous_14)
FN:96,(anonymous_15)
FN:101,(anonymous_16)
FN:103,(anonymous_17)
FN:104,(anonymous_18)
FNF:19
FNH:0
FNDA:0,(anonymous_0)
FNDA:0,(anonymous_1)
FNDA:0,(anonymous_2)
FNDA:0,(anonymous_3)
FNDA:0,(anonymous_4)
FNDA:0,(anonymous_5)
FNDA:0,(anonymous_6)
FNDA:0,(anonymous_7)
FNDA:0,(anonymous_8)
FNDA:0,(anonymous_9)
FNDA:0,(anonymous_10)
FNDA:0,(anonymous_11)
FNDA:0,(anonymous_12)
FNDA:0,(anonymous_13)
FNDA:0,(anonymous_14)
FNDA:0,(anonymous_15)
FNDA:0,(anonymous_16)
FNDA:0,(anonymous_17)
FNDA:0,(anonymous_18)
DA:30,1
DA:31,0
DA:32,0
DA:34,0
DA:41,1
DA:42,0
DA:43,0
DA:44,0
DA:45,0
DA:46,0
DA:54,1
DA:55,0
DA:56,0
DA:57,0
DA:58,0
DA:60,0
DA:61,0
DA:62,0
DA:64,0
DA:65,0
DA:66,0
DA:67,0
DA:71,0
DA:72,0
DA:73,0
DA:74,0
DA:75,0
DA:76,0
DA:78,0
DA:79,0
DA:82,0
DA:83,0
DA:84,0
DA:87,0
DA:88,0
DA:91,0
DA:95,0
DA:96,0
DA:97,0
DA:100,0
DA:102,0
DA:103,0
DA:104,0
DA:108,0
LF:44
LH:3
BRDA:36,0,0,0
BRDA:36,0,1,0
BRDA:42,1,0,0
BRDA:42,1,1,0
BRDA:43,2,0,0
BRDA:43,2,1,0
BRDA:44,3,0,0
BRDA:44,3,1,0
BRDA:45,4,0,0
BRDA:45,4,1,0
BRDA:57,5,0,0
BRDA:57,5,1,0
BRDA:66,6,0,0
BRDA:66,6,1,0
BRDA:76,7,0,0
BRDA:76,7,1,0
BRF:16
BRH:0
end_of_record
TN:
SF:src/screens/Calls/useIncomingCall.ts
FN:63,(anonymous_0)
FN:65,(anonymous_1)
FN:66,(anonymous_2)
FN:69,(anonymous_3)
FN:70,(anonymous_4)
FN:73,(anonymous_5)
FN:77,(anonymous_6)
FN:84,(anonymous_7)
FN:100,(anonymous_8)
FNF:9
FNH:8
FNDA:13,(anonymous_0)
FNDA:34,(anonymous_1)
FNDA:34,(anonymous_2)
FNDA:11,(anonymous_3)
FNDA:0,(anonymous_4)
FNDA:11,(anonymous_5)
FNDA:11,(anonymous_6)
FNDA:3,(anonymous_7)
FNDA:2,(anonymous_8)
DA:24,2
DA:34,2
DA:63,2
DA:64,13
DA:65,34
DA:66,34
DA:69,13
DA:70,11
DA:71,0
DA:73,11
DA:76,13
DA:77,11
DA:84,13
DA:85,3
DA:86,3
DA:92,3
DA:93,3
DA:100,13
DA:101,2
DA:102,2
DA:107,2
DA:108,2
DA:111,13
LF:23
LH:22
BRDA:65,0,0,34
BRDA:65,0,1,0
BRDA:85,1,0,0
BRDA:85,1,1,3
BRDA:101,2,0,0
BRDA:101,2,1,2
BRDA:113,3,0,13
BRDA:113,3,1,2
BRDA:114,4,0,13
BRDA:114,4,1,2
BRF:10
BRH:7
end_of_record
TN:
SF:src/screens/Chat/ChatRoomScreen.tsx
FN:33,(anonymous_0)
FN:36,(anonymous_1)
FN:56,(anonymous_2)
FN:60,(anonymous_3)
FN:74,(anonymous_4)
FN:121,(anonymous_5)
FNF:6
FNH:0
FNDA:0,(anonymous_0)
FNDA:0,(anonymous_1)
FNDA:0,(anonymous_2)
FNDA:0,(anonymous_3)
FNDA:0,(anonymous_4)
FNDA:0,(anonymous_5)
DA:33,1
DA:34,0
DA:35,0
DA:36,0
DA:37,0
DA:38,0
DA:40,0
DA:41,0
DA:53,0
DA:55,0
DA:56,0
DA:59,0
DA:60,0
DA:64,0
DA:74,0
DA:122,0
DA:158,1
LF:17
LH:2
BRDA:116,0,0,0
BRDA:116,0,1,0
BRDA:119,1,0,0
BRDA:119,1,1,0
BRDA:126,2,0,0
BRDA:126,2,1,0
BRF:6
BRH:0
end_of_record
TN:
SF:src/screens/Chat/ChatScreens.styles.ts
FN:12,(anonymous_0)
FNF:1
FNH:0
FNDA:0,(anonymous_0)
DA:12,1
DA:13,0
LF:2
LH:1
BRF:0
BRH:0
end_of_record
TN:
SF:src/screens/Chat/ConversationListScreen.tsx
FN:41,(anonymous_0)
FN:44,(anonymous_1)
FN:57,(anonymous_2)
FN:72,(anonymous_3)
FN:83,(anonymous_4)
FN:97,(anonymous_5)
FN:100,(anonymous_6)
FN:105,(anonymous_7)
FN:114,(anonymous_8)
FN:161,(anonymous_9)
FN:227,(anonymous_10)
FNF:11
FNH:0
FNDA:0,(anonymous_0)
FNDA:0,(anonymous_1)
FNDA:0,(anonymous_2)
FNDA:0,(anonymous_3)
FNDA:0,(anonymous_4)
FNDA:0,(anonymous_5)
FNDA:0,(anonymous_6)
FNDA:0,(anonymous_7)
FNDA:0,(anonymous_8)
FNDA:0,(anonymous_9)
FNDA:0,(anonymous_10)
DA:27,1
DA:41,1
DA:42,0
DA:43,0
DA:44,0
DA:46,0
DA:49,0
DA:56,0
DA:58,0
DA:71,0
DA:72,0
DA:82,0
DA:83,0
DA:96,0
DA:98,0
DA:100,0
DA:101,0
DA:105,0
DA:108,0
DA:114,0
DA:157,0
DA:158,0
DA:162,0
DA:179,0
DA:227,0
DA:241,1
LF:26
LH:3
BRDA:139,0,0,0
BRDA:139,0,1,0
BRDA:143,1,0,0
BRDA:143,1,1,0
BRDA:157,2,0,0
BRDA:157,2,1,0
BRF:6
BRH:0
end_of_record
TN:
SF:src/screens/Chat/useChatRoom.ts
FN:30,(anonymous_0)
FN:35,(anonymous_1)
FN:37,(anonymous_2)
FN:42,(anonymous_3)
FN:57,(anonymous_4)
FN:60,(anonymous_5)
FN:62,(anonymous_6)
FN:63,(anonymous_7)
FN:70,(anonymous_8)
FN:70,(anonymous_9)
FN:74,(anonymous_10)
FN:76,(anonymous_11)
FN:79,(anonymous_12)
FN:82,(anonymous_13)
FN:84,(anonymous_14)
FN:95,(anonymous_15)
FN:98,(anonymous_16)
FN:100,(anonymous_17)
FN:112,(anonymous_18)
FN:117,(anonymous_19)
FN:118,(anonymous_20)
FNF:21
FNH:0
FNDA:0,(anonymous_0)
FNDA:0,(anonymous_1)
FNDA:0,(anonymous_2)
FNDA:0,(anonymous_3)
FNDA:0,(anonymous_4)
FNDA:0,(anonymous_5)
FNDA:0,(anonymous_6)
FNDA:0,(anonymous_7)
FNDA:0,(anonymous_8)
FNDA:0,(anonymous_9)
FNDA:0,(anonymous_10)
FNDA:0,(anonymous_11)
FNDA:0,(anonymous_12)
FNDA:0,(anonymous_13)
FNDA:0,(anonymous_14)
FNDA:0,(anonymous_15)
FNDA:0,(anonymous_16)
FNDA:0,(anonymous_17)
FNDA:0,(anonymous_18)
FNDA:0,(anonymous_19)
FNDA:0,(anonymous_20)
DA:30,1
DA:31,0
DA:32,0
DA:35,1
DA:37,1
DA:38,0
DA:39,0
DA:42,1
DA:43,0
DA:44,0
DA:45,0
DA:46,0
DA:47,0
DA:48,0
DA:49,0
DA:50,0
DA:52,0
DA:54,0
DA:57,1
DA:58,0
DA:59,0
DA:60,0
DA:61,0
DA:62,0
DA:63,0
DA:65,0
DA:66,0
DA:67,0
DA:69,0
DA:70,0
DA:74,0
DA:76,0
DA:77,0
DA:78,0
DA:79,0
DA:82,0
DA:83,0
DA:84,0
DA:85,0
DA:86,0
DA:87,0
DA:88,0
DA:89,0
DA:91,0
DA:94,0
DA:95,0
DA:98,0
DA:100,0
DA:101,0
DA:102,0
DA:103,0
DA:104,0
DA:109,0
DA:110,0
DA:111,0
DA:112,0
DA:113,0
DA:117,0
DA:118,0
DA:120,0
LF:60
LH:5
BRDA:43,0,0,0
BRDA:43,0,1,0
BRDA:48,1,0,0
BRDA:48,1,1,0
BRDA:60,2,0,0
BRDA:60,2,1,0
BRDA:62,3,0,0
BRDA:62,3,1,0
BRDA:63,4,0,0
BRDA:63,4,1,0
BRDA:87,5,0,0
BRDA:87,5,1,0
BRDA:88,6,0,0
BRDA:88,6,1,0
BRDA:102,7,0,0
BRDA:102,7,1,0
BRF:16
BRH:0
end_of_record
TN:
SF:src/screens/Chat/useConversationList.ts
FN:71,(anonymous_0)
FN:95,(anonymous_1)
FN:102,(anonymous_2)
FN:110,(anonymous_3)
FN:126,(anonymous_4)
FN:129,(anonymous_5)
FN:130,(anonymous_6)
FN:131,(anonymous_7)
FN:138,(anonymous_8)
FN:146,(anonymous_9)
FN:149,(anonymous_10)
FN:156,(anonymous_11)
FN:164,(anonymous_12)
FN:166,(anonymous_13)
FN:174,(anonymous_14)
FN:185,(anonymous_15)
FN:187,(anonymous_16)
FN:201,(anonymous_17)
FN:203,(anonymous_18)
FN:211,(anonymous_19)
FN:215,(anonymous_20)
FN:218,(anonymous_21)
FN:233,(anonymous_22)
FN:242,(anonymous_23)
FNF:24
FNH:0
FNDA:0,(anonymous_0)
FNDA:0,(anonymous_1)
FNDA:0,(anonymous_2)
FNDA:0,(anonymous_3)
FNDA:0,(anonymous_4)
FNDA:0,(anonymous_5)
FNDA:0,(anonymous_6)
FNDA:0,(anonymous_7)
FNDA:0,(anonymous_8)
FNDA:0,(anonymous_9)
FNDA:0,(anonymous_10)
FNDA:0,(anonymous_11)
FNDA:0,(anonymous_12)
FNDA:0,(anonymous_13)
FNDA:0,(anonymous_14)
FNDA:0,(anonymous_15)
FNDA:0,(anonymous_16)
FNDA:0,(anonymous_17)
FNDA:0,(anonymous_18)
FNDA:0,(anonymous_19)
FNDA:0,(anonymous_20)
FNDA:0,(anonymous_21)
FNDA:0,(anonymous_22)
FNDA:0,(anonymous_23)
DA:71,1
DA:72,0
DA:73,0
DA:74,0
DA:76,0
DA:77,0
DA:83,0
DA:95,1
DA:99,0
DA:101,0
DA:102,0
DA:105,0
DA:106,0
DA:108,0
DA:110,0
DA:126,1
DA:127,0
DA:128,0
DA:129,0
DA:130,0
DA:131,0
DA:133,0
DA:134,0
DA:135,0
DA:138,0
DA:139,0
DA:140,0
DA:141,0
DA:146,0
DA:147,0
DA:149,0
DA:150,0
DA:151,0
DA:152,0
DA:155,0
DA:156,0
DA:157,0
DA:164,0
DA:165,0
DA:166,0
DA:174,0
DA:175,0
DA:184,0
DA:186,0
DA:187,0
DA:189,0
DA:200,0
DA:202,0
DA:203,0
DA:205,0
DA:211,0
DA:212,0
DA:214,0
DA:216,0
DA:217,0
DA:218,0
DA:221,0
DA:234,0
DA:235,0
DA:236,0
DA:243,0
DA:248,0
LF:62
LH:3
BRDA:76,0,0,0
BRDA:76,0,1,0
BRDA:99,1,0,0
BRDA:99,1,1,0
BRDA:105,2,0,0
BRDA:105,2,1,0
BRDA:106,3,0,0
BRDA:106,3,1,0
BRDA:129,4,0,0
BRDA:129,4,1,0
BRDA:140,5,0,0
BRDA:140,5,1,0
BRDA:152,6,0,0
BRDA:152,6,1,0
BRDA:225,7,0,0
BRDA:225,7,1,0
BRDA:227,8,0,0
BRDA:227,8,1,0
BRDA:230,9,0,0
BRDA:230,9,1,0
BRDA:230,9,2,0
BRDA:234,10,0,0
BRDA:234,10,1,0
BRDA:237,11,0,0
BRDA:237,11,1,0
BRF:25
BRH:0
end_of_record
TN:
SF:src/screens/Chat/components/MessageInput.tsx
FN:38,(anonymous_0)
FN:48,(anonymous_1)
FN:68,(anonymous_2)
FN:80,(anonymous_3)
FNF:4
FNH:0
FNDA:0,(anonymous_0)
FNDA:0,(anonymous_1)
FNDA:0,(anonymous_2)
FNDA:0,(anonymous_3)
DA:38,1
DA:46,0
DA:47,0
DA:48,0
DA:50,0
DA:51,0
DA:54,0
DA:55,0
DA:56,0
DA:57,0
DA:68,0
DA:69,0
DA:80,0
DA:83,0
DA:145,1
LF:15
LH:2
BRDA:50,0,0,0
BRDA:50,0,1,0
BRDA:55,1,0,0
BRDA:55,1,1,0
BRDA:58,2,0,0
BRDA:58,2,1,0
BRDA:112,3,0,0
BRDA:112,3,1,0
BRF:8
BRH:0
end_of_record
TN:
SF:src/screens/Chat/components/MessageList.tsx
FN:68,(anonymous_0)
FN:75,(anonymous_1)
FN:76,(anonymous_2)
FN:85,(anonymous_3)
FN:99,(anonymous_4)
FN:110,(anonymous_5)
FN:128,(anonymous_6)
FN:161,(anonymous_7)
FNF:8
FNH:0
FNDA:0,(anonymous_0)
FNDA:0,(anonymous_1)
FNDA:0,(anonymous_2)
FNDA:0,(anonymous_3)
FNDA:0,(anonymous_4)
FNDA:0,(anonymous_5)
FNDA:0,(anonymous_6)
FNDA:0,(anonymous_7)
DA:20,1
DA:22,1
DA:24,1
DA:68,1
DA:74,0
DA:75,0
DA:76,0
DA:84,0
DA:86,0
DA:98,0
DA:104,0
DA:107,0
DA:111,0
DA:116,0
DA:127,0
DA:129,0
DA:130,0
DA:141,0
DA:142,0
DA:154,0
DA:161,0
DA:175,1
LF:22
LH:5
BRDA:76,0,0,0
BRDA:76,0,1,0
BRDA:86,1,0,0
BRDA:86,1,1,0
BRDA:104,2,0,0
BRDA:104,2,1,0
BRDA:112,3,0,0
BRDA:112,3,1,0
BRDA:129,4,0,0
BRDA:129,4,1,0
BRF:10
BRH:0
end_of_record
TN:
SF:src/screens/Chat/components/TypingIndicator.tsx
FN:28,(anonymous_0)
FN:34,(anonymous_1)
FN:37,(anonymous_2)
FN:40,(anonymous_3)
FN:43,(anonymous_4)
FN:66,(anonymous_5)
FN:68,(anonymous_6)
FN:76,(anonymous_7)
FNF:8
FNH:0
FNDA:0,(anonymous_0)
FNDA:0,(anonymous_1)
FNDA:0,(anonymous_2)
FNDA:0,(anonymous_3)
FNDA:0,(anonymous_4)
FNDA:0,(anonymous_5)
FNDA:0,(anonymous_6)
FNDA:0,(anonymous_7)
DA:15,1
DA:17,1
DA:28,1
DA:32,0
DA:33,0
DA:34,0
DA:36,0
DA:37,0
DA:40,0
DA:41,0
DA:43,0
DA:44,0
DA:63,0
DA:64,0
DA:66,0
DA:67,0
DA:68,0
DA:72,0
DA:74,0
DA:77,0
DA:90,1
LF:21
LH:4
BRDA:41,0,0,0
BRDA:41,0,1,0
BRDA:72,1,0,0
BRDA:72,1,1,0
BRF:4
BRH:0
end_of_record
TN:
SF:src/screens/Corridas/AcompanharCorridaScreen.tsx
FN:42,(anonymous_0)
FN:50,(anonymous_1)
FN:65,(anonymous_2)
FN:70,(anonymous_3)
FN:83,(anonymous_4)
FN:84,(anonymous_5)
FN:94,(anonymous_6)
FN:192,(anonymous_7)
FN:240,(anonymous_8)
FNF:9
FNH:5
FNDA:18,(anonymous_0)
FNDA:6,(anonymous_1)
FNDA:6,(anonymous_2)
FNDA:0,(anonymous_3)
FNDA:0,(anonymous_4)
FNDA:0,(anonymous_5)
FNDA:4,(anonymous_6)
FNDA:8,(anonymous_7)
FNDA:0,(anonymous_8)
DA:42,2
DA:43,18
DA:44,18
DA:45,18
DA:46,18
DA:47,18
DA:48,18
DA:50,18
DA:60,18
DA:62,18
DA:63,18
DA:65,18
DA:66,6
DA:67,6
DA:70,18
DA:71,0
DA:72,0
DA:73,0
DA:75,0
DA:84,0
DA:85,0
DA:93,18
DA:95,4
DA:109,18
DA:110,13
DA:117,5
DA:118,5
DA:119,5
DA:121,5
DA:192,8
DA:240,0
DA:259,2
LF:32
LH:25
BRDA:71,0,0,0
BRDA:71,0,1,0
BRDA:109,1,0,13
BRDA:109,1,1,5
BRDA:118,2,0,5
BRDA:118,2,1,5
BRDA:119,3,0,5
BRDA:119,3,1,5
BRDA:179,4,0,0
BRDA:179,4,1,5
BRDA:185,5,0,1
BRDA:185,5,1,4
BRDA:200,6,0,5
BRDA:200,6,1,5
BRDA:203,7,0,0
BRDA:203,7,1,5
BRDA:226,8,0,0
BRDA:226,8,1,0
BRDA:229,9,0,0
BRDA:229,9,1,0
BRDA:250,10,0,5
BRDA:250,10,1,0
BRF:22
BRH:13
end_of_record
TN:
SF:src/screens/Corridas/CorridaDetalheScreen.tsx
FN:36,(anonymous_0)
FN:43,(anonymous_1)
FN:53,(anonymous_2)
FN:58,(anonymous_3)
FN:177,(anonymous_4)
FNF:5
FNH:0
FNDA:0,(anonymous_0)
FNDA:0,(anonymous_1)
FNDA:0,(anonymous_2)
FNDA:0,(anonymous_3)
FNDA:0,(anonymous_4)
DA:36,1
DA:37,0
DA:38,0
DA:39,0
DA:40,0
DA:41,0
DA:43,0
DA:51,0
DA:53,0
DA:54,0
DA:55,0
DA:58,0
DA:59,0
DA:69,0
DA:70,0
DA:77,0
DA:79,0
DA:177,0
DA:188,1
LF:19
LH:2
BRDA:69,0,0,0
BRDA:69,0,1,0
BRDA:122,1,0,0
BRDA:122,1,1,0
BRDA:145,2,0,0
BRDA:145,2,1,0
BRDA:168,3,0,0
BRDA:168,3,1,0
BRDA:170,4,0,0
BRDA:170,4,1,0
BRF:10
BRH:0
end_of_record
TN:
SF:src/screens/Corridas/CorridasListScreen.tsx
FN:36,(anonymous_0)
FN:44,(anonymous_1)
FN:49,(anonymous_2)
FN:50,(anonymous_3)
FN:59,(anonymous_4)
FN:68,(anonymous_5)
FNF:6
FNH:0
FNDA:0,(anonymous_0)
FNDA:0,(anonymous_1)
FNDA:0,(anonymous_2)
FNDA:0,(anonymous_3)
FNDA:0,(anonymous_4)
FNDA:0,(anonymous_5)
DA:36,0
DA:37,0
DA:38,0
DA:39,0
DA:40,0
DA:41,0
DA:42,0
DA:44,0
DA:46,0
DA:49,0
DA:50,0
DA:51,0
DA:52,0
DA:53,0
DA:56,0
DA:59,0
DA:60,0
DA:61,0
DA:62,0
DA:64,0
DA:68,0
DA:69,0
DA:72,0
DA:74,0
DA:164,0
LF:25
LH:0
BRDA:52,0,0,0
BRDA:52,0,1,0
BRDA:60,1,0,0
BRDA:60,1,1,0
BRDA:61,2,0,0
BRDA:61,2,1,0
BRDA:72,3,0,0
BRDA:72,3,1,0
BRDA:84,4,0,0
BRDA:84,4,1,0
BRDA:143,5,0,0
BRDA:143,5,1,0
BRF:12
BRH:0
end_of_record
TN:
SF:src/screens/Corridas/CorridasScreens.styles.ts
FN:13,(anonymous_0)
FN:211,(anonymous_1)
FNF:2
FNH:2
FNDA:14,(anonymous_0)
FNDA:11,(anonymous_1)
DA:13,2
DA:14,14
DA:211,2
DA:212,11
DA:221,11
LF:5
LH:5
BRDA:221,0,0,11
BRDA:221,0,1,0
BRF:2
BRH:1
end_of_record
TN:
SF:src/screens/Corridas/MotoristaCorridaScreen.tsx
FN:39,(anonymous_0)
FN:47,(anonymous_1)
FN:49,(anonymous_2)
FN:67,(anonymous_3)
FN:71,(anonymous_4)
FN:78,(anonymous_5)
FN:79,(anonymous_6)
FN:84,(anonymous_7)
FN:88,(anonymous_8)
FN:96,(anonymous_9)
FN:104,(anonymous_10)
FN:109,(anonymous_11)
FN:116,(anonymous_12)
FN:125,(anonymous_13)
FN:126,(anonymous_14)
FN:278,(anonymous_15)
FNF:16
FNH:5
FNDA:9,(anonymous_0)
FNDA:4,(anonymous_1)
FNDA:24,(anonymous_2)
FNDA:4,(anonymous_3)
FNDA:2,(anonymous_4)
FNDA:0,(anonymous_5)
FNDA:0,(anonymous_6)
FNDA:0,(anonymous_7)
FNDA:0,(anonymous_8)
FNDA:0,(anonymous_9)
FNDA:0,(anonymous_10)
FNDA:0,(anonymous_11)
FNDA:0,(anonymous_12)
FNDA:0,(anonymous_13)
FNDA:0,(anonymous_14)
FNDA:0,(anonymous_15)
DA:39,1
DA:40,9
DA:41,9
DA:42,9
DA:43,9
DA:44,9
DA:45,9
DA:47,9
DA:49,24
DA:62,9
DA:64,9
DA:65,9
DA:67,9
DA:68,4
DA:71,9
DA:72,2
DA:78,9
DA:79,0
DA:80,0
DA:84,9
DA:85,0
DA:88,9
DA:89,0
DA:96,9
DA:97,0
DA:105,0
DA:109,0
DA:116,9
DA:117,0
DA:126,0
DA:127,0
DA:135,9
DA:136,4
DA:143,5
DA:145,5
DA:149,5
DA:278,0
DA:394,1
LF:38
LH:27
BRDA:49,0,0,24
BRDA:49,0,1,0
BRDA:79,1,0,0
BRDA:79,1,1,0
BRDA:135,2,0,4
BRDA:135,2,1,5
BRDA:145,3,0,5
BRDA:145,3,1,5
BRDA:145,3,2,5
BRDA:203,4,0,0
BRDA:203,4,1,5
BRDA:220,5,0,5
BRDA:220,5,1,5
BRDA:220,5,2,5
BRDA:225,6,0,5
BRDA:225,6,1,4
BRDA:235,7,0,4
BRDA:235,7,1,0
BRDA:238,8,0,0
BRDA:238,8,1,4
BRDA:245,9,0,0
BRDA:245,9,1,4
BRDA:268,10,0,0
BRDA:268,10,1,0
BRDA:288,11,0,5
BRDA:288,11,1,1
BRDA:297,12,0,1
BRDA:297,12,1,0
BRDA:300,13,0,0
BRDA:300,13,1,1
BRDA:311,14,0,5
BRDA:311,14,1,0
BRDA:320,15,0,0
BRDA:320,15,1,0
BRDA:323,16,0,0
BRDA:323,16,1,0
BRDA:334,17,0,5
BRDA:334,17,1,0
BRDA:343,18,0,0
BRDA:343,18,1,0
BRDA:346,19,0,0
BRDA:346,19,1,0
BRDA:363,20,0,5
BRDA:363,20,1,0
BRDA:371,21,0,5
BRDA:371,21,1,0
BRDA:374,22,0,0
BRDA:374,22,1,0
BRDA:376,23,0,0
BRDA:376,23,1,0
BRDA:385,24,0,5
BRDA:385,24,1,0
BRF:52
BRH:24
end_of_record
TN:
SF:src/screens/Corridas/PassageiroCorridasListScreen.tsx
FN:37,(anonymous_0)
FN:45,(anonymous_1)
FN:49,(anonymous_2)
FN:50,(anonymous_3)
FN:59,(anonymous_4)
FN:64,(anonymous_5)
FNF:6
FNH:4
FNDA:5,(anonymous_0)
FNDA:4,(anonymous_1)
FNDA:4,(anonymous_2)
FNDA:4,(anonymous_3)
FNDA:0,(anonymous_4)
FNDA:0,(anonymous_5)
DA:37,2
DA:38,5
DA:39,5
DA:40,5
DA:41,5
DA:42,5
DA:43,5
DA:45,5
DA:46,5
DA:49,5
DA:50,4
DA:51,4
DA:52,4
DA:53,1
DA:56,4
DA:59,5
DA:60,0
DA:61,0
DA:64,5
DA:67,0
DA:70,5
DA:74,5
DA:167,2
LF:23
LH:20
BRDA:52,0,0,1
BRDA:52,0,1,3
BRDA:60,1,0,0
BRDA:60,1,1,0
BRDA:70,2,0,1
BRDA:70,2,1,4
BRDA:84,3,0,1
BRDA:84,3,1,4
BRF:8
BRH:6
end_of_record
TN:
SF:src/screens/Corridas/SolicitarCorridaScreen.tsx
FN:40,(anonymous_0)
FN:48,(anonymous_1)
FN:50,(anonymous_2)
FN:51,(anonymous_3)
FN:58,(anonymous_4)
FN:124,(anonymous_5)
FN:156,(anonymous_6)
FN:202,(anonymous_7)
FNF:8
FNH:0
FNDA:0,(anonymous_0)
FNDA:0,(anonymous_1)
FNDA:0,(anonymous_2)
FNDA:0,(anonymous_3)
FNDA:0,(anonymous_4)
FNDA:0,(anonymous_5)
FNDA:0,(anonymous_6)
FNDA:0,(anonymous_7)
DA:40,0
DA:41,0
DA:42,0
DA:43,0
DA:44,0
DA:45,0
DA:46,0
DA:48,0
DA:50,0
DA:51,0
DA:53,0
DA:54,0
DA:55,0
DA:56,0
DA:58,0
DA:59,0
DA:60,0
DA:61,0
DA:63,0
DA:65,0
DA:66,0
DA:71,0
DA:74,0
DA:76,0
DA:86,0
DA:88,0
DA:89,0
DA:94,0
DA:97,0
DA:99,0
DA:115,0
DA:121,0
DA:124,0
DA:125,0
DA:127,0
DA:157,0
DA:158,0
DA:202,0
DA:220,0
LF:39
LH:0
BRDA:50,0,0,0
BRDA:50,0,1,0
BRDA:59,1,0,0
BRDA:59,1,1,0
BRDA:65,2,0,0
BRDA:65,2,1,0
BRDA:83,3,0,0
BRDA:83,3,1,0
BRDA:88,4,0,0
BRDA:88,4,1,0
BRDA:109,5,0,0
BRDA:109,5,1,0
BRDA:125,6,0,0
BRDA:125,6,1,0
BRDA:129,7,0,0
BRDA:129,7,1,0
BRDA:138,8,0,0
BRDA:138,8,1,0
BRDA:158,9,0,0
BRDA:158,9,1,0
BRDA:170,10,0,0
BRDA:170,10,1,0
BRDA:206,11,0,0
BRDA:206,11,1,0
BRDA:209,12,0,0
BRDA:209,12,1,0
BRF:26
BRH:0
end_of_record
TN:
SF:src/screens/Corridas/useCorridas.ts
FN:67,(anonymous_0)
FN:72,(anonymous_1)
FN:73,(anonymous_2)
FN:74,(anonymous_3)
FN:75,(anonymous_4)
FN:76,(anonymous_5)
FN:77,(anonymous_6)
FN:78,(anonymous_7)
FN:91,(anonymous_8)
FN:94,(anonymous_9)
FN:111,(anonymous_10)
FN:113,(anonymous_11)
FN:126,(anonymous_12)
FN:142,(anonymous_13)
FN:158,(anonymous_14)
FN:179,(anonymous_15)
FN:181,(anonymous_16)
FN:191,(anonymous_17)
FN:202,(anonymous_18)
FN:205,(anonymous_19)
FN:210,(anonymous_20)
FN:221,(anonymous_21)
FN:223,(anonymous_22)
FN:228,(anonymous_23)
FN:239,(anonymous_24)
FN:241,(anonymous_25)
FN:246,(anonymous_26)
FN:257,(anonymous_27)
FN:259,(anonymous_28)
FN:264,(anonymous_29)
FN:276,(anonymous_30)
FN:279,(anonymous_31)
FN:293,(anonymous_32)
FNF:33
FNH:15
FNDA:9,(anonymous_0)
FNDA:24,(anonymous_1)
FNDA:24,(anonymous_2)
FNDA:24,(anonymous_3)
FNDA:24,(anonymous_4)
FNDA:24,(anonymous_5)
FNDA:24,(anonymous_6)
FNDA:24,(anonymous_7)
FNDA:4,(anonymous_8)
FNDA:0,(anonymous_9)
FNDA:0,(anonymous_10)
FNDA:4,(anonymous_11)
FNDA:4,(anonymous_12)
FNDA:0,(anonymous_13)
FNDA:2,(anonymous_14)
FNDA:2,(anonymous_15)
FNDA:2,(anonymous_16)
FNDA:1,(anonymous_17)
FNDA:0,(anonymous_18)
FNDA:0,(anonymous_19)
FNDA:0,(anonymous_20)
FNDA:0,(anonymous_21)
FNDA:0,(anonymous_22)
FNDA:0,(anonymous_23)
FNDA:0,(anonymous_24)
FNDA:0,(anonymous_25)
FNDA:0,(anonymous_26)
FNDA:0,(anonymous_27)
FNDA:0,(anonymous_28)
FNDA:0,(anonymous_29)
FNDA:0,(anonymous_30)
FNDA:0,(anonymous_31)
FNDA:0,(anonymous_32)
DA:35,1
DA:67,1
DA:68,9
DA:69,9
DA:70,9
DA:72,24
DA:73,24
DA:74,24
DA:75,24
DA:76,24
DA:77,24
DA:78,24
DA:80,9
DA:81,9
DA:82,9
DA:88,9
DA:89,9
DA:91,9
DA:92,4
DA:94,4
DA:95,0
DA:96,0
DA:97,0
DA:99,0
DA:103,0
DA:104,0
DA:105,0
DA:111,4
DA:113,4
DA:114,4
DA:115,4
DA:116,4
DA:125,9
DA:127,4
DA:128,3
DA:129,3
DA:131,0
DA:141,9
DA:143,0
DA:144,0
DA:145,0
DA:146,0
DA:147,0
DA:157,9
DA:163,2
DA:164,2
DA:165,2
DA:166,2
DA:167,1
DA:169,1
DA:170,1
DA:172,2
DA:178,9
DA:180,2
DA:182,2
DA:183,2
DA:184,1
DA:187,1
DA:189,1
DA:192,1
DA:193,1
DA:201,9
DA:203,0
DA:204,0
DA:206,0
DA:207,0
DA:208,0
DA:211,0
DA:212,0
DA:220,9
DA:222,0
DA:224,0
DA:225,0
DA:226,0
DA:229,0
DA:230,0
DA:238,9
DA:240,0
DA:242,0
DA:243,0
DA:244,0
DA:247,0
DA:248,0
DA:256,9
DA:258,0
DA:260,0
DA:261,0
DA:262,0
DA:265,0
DA:266,0
DA:267,0
DA:275,9
DA:277,0
DA:278,0
DA:280,0
DA:285,0
DA:286,0
DA:289,0
DA:291,0
DA:294,0
DA:295,0
DA:296,0
DA:304,9
LF:103
LH:54
BRDA:82,0,0,9
BRDA:82,0,1,9
BRDA:89,1,0,9
BRDA:89,1,1,0
BRDA:89,1,2,0
BRDA:92,2,0,0
BRDA:92,2,1,4
BRDA:96,3,0,0
BRDA:96,3,1,0
BRDA:99,4,0,0
BRDA:99,4,1,0
BRDA:100,5,0,0
BRDA:100,5,1,0
BRDA:103,6,0,0
BRDA:103,6,1,0
BRDA:114,7,0,4
BRDA:114,7,1,0
BRDA:128,8,0,3
BRDA:128,8,1,0
BRDA:131,9,0,0
BRDA:131,9,1,0
BRDA:146,10,0,0
BRDA:146,10,1,0
BRDA:183,11,0,1
BRDA:183,11,1,1
BRDA:184,12,0,1
BRDA:184,12,1,0
BRDA:192,13,0,1
BRDA:192,13,1,0
BRDA:207,14,0,0
BRDA:207,14,1,0
BRDA:211,15,0,0
BRDA:211,15,1,0
BRDA:225,16,0,0
BRDA:225,16,1,0
BRDA:229,17,0,0
BRDA:229,17,1,0
BRDA:243,18,0,0
BRDA:243,18,1,0
BRDA:247,19,0,0
BRDA:247,19,1,0
BRDA:261,20,0,0
BRDA:261,20,1,0
BRDA:265,21,0,0
BRDA:265,21,1,0
BRDA:277,22,0,0
BRDA:277,22,1,0
BRDA:277,23,0,0
BRDA:277,23,1,0
BRDA:285,24,0,0
BRDA:285,24,1,0
BRDA:286,25,0,0
BRDA:286,25,1,0
BRDA:294,26,0,0
BRDA:294,26,1,0
BRF:55
BRH:10
end_of_record
TN:
SF:src/screens/Corridas/usePassageiroCorrida.ts
FN:73,(anonymous_0)
FN:78,(anonymous_1)
FN:79,(anonymous_2)
FN:80,(anonymous_3)
FN:81,(anonymous_4)
FN:82,(anonymous_5)
FN:83,(anonymous_6)
FN:92,(anonymous_7)
FN:95,(anonymous_8)
FN:112,(anonymous_9)
FN:116,(anonymous_10)
FN:129,(anonymous_11)
FN:145,(anonymous_12)
FN:161,(anonymous_13)
FNF:14
FNH:11
FNDA:23,(anonymous_0)
FNDA:57,(anonymous_1)
FNDA:57,(anonymous_2)
FNDA:57,(anonymous_3)
FNDA:57,(anonymous_4)
FNDA:57,(anonymous_5)
FNDA:57,(anonymous_6)
FNDA:11,(anonymous_7)
FNDA:0,(anonymous_8)
FNDA:0,(anonymous_9)
FNDA:7,(anonymous_10)
FNDA:6,(anonymous_11)
FNDA:6,(anonymous_12)
FNDA:0,(anonymous_13)
DA:31,2
DA:73,2
DA:74,23
DA:75,23
DA:76,23
DA:78,57
DA:79,57
DA:80,57
DA:81,57
DA:82,57
DA:83,57
DA:89,23
DA:90,23
DA:92,23
DA:93,11
DA:95,7
DA:96,0
DA:97,0
DA:98,0
DA:100,0
DA:104,0
DA:105,0
DA:106,0
DA:112,7
DA:113,0
DA:116,7
DA:117,7
DA:118,7
DA:119,7
DA:128,23
DA:130,6
DA:131,5
DA:132,5
DA:134,0
DA:144,23
DA:146,6
DA:147,6
DA:148,6
DA:149,6
DA:150,6
DA:160,23
DA:162,0
DA:163,0
DA:165,0
DA:171,0
DA:173,0
DA:175,0
DA:178,0
DA:179,0
DA:182,0
DA:185,0
DA:186,0
DA:188,0
DA:189,0
DA:200,23
LF:55
LH:33
BRDA:90,0,0,23
BRDA:90,0,1,5
BRDA:90,0,2,5
BRDA:93,1,0,4
BRDA:93,1,1,7
BRDA:97,2,0,0
BRDA:97,2,1,0
BRDA:100,3,0,0
BRDA:100,3,1,0
BRDA:101,4,0,0
BRDA:101,4,1,0
BRDA:104,5,0,0
BRDA:104,5,1,0
BRDA:117,6,0,7
BRDA:117,6,1,0
BRDA:131,7,0,5
BRDA:131,7,1,0
BRDA:134,8,0,0
BRDA:134,8,1,0
BRDA:149,9,0,6
BRDA:149,9,1,0
BRDA:173,10,0,0
BRDA:173,10,1,0
BRDA:175,11,0,0
BRDA:175,11,1,0
BRDA:185,12,0,0
BRDA:185,12,1,0
BRF:27
BRH:8
end_of_record
TN:
SF:src/screens/Frota/FrotaScreen.styles.ts
FN:5,(anonymous_0)
FNF:1
FNH:0
FNDA:0,(anonymous_0)
DA:5,0
DA:6,0
LF:2
LH:0
BRF:0
BRH:0
end_of_record
TN:
SF:src/screens/Frota/FrotaScreen.tsx
FN:27,(anonymous_0)
FN:30,(anonymous_1)
FN:48,(anonymous_2)
FN:56,(anonymous_3)
FN:65,(anonymous_4)
FN:75,(anonymous_5)
FN:97,(anonymous_6)
FN:113,(anonymous_7)
FN:115,(anonymous_8)
FN:130,(anonymous_9)
FN:135,(anonymous_10)
FN:150,(anonymous_11)
FN:155,(anonymous_12)
FN:165,(anonymous_13)
FN:170,(anonymous_14)
FN:193,(anonymous_15)
FN:209,(anonymous_16)
FNF:17
FNH:0
FNDA:0,(anonymous_0)
FNDA:0,(anonymous_1)
FNDA:0,(anonymous_2)
FNDA:0,(anonymous_3)
FNDA:0,(anonymous_4)
FNDA:0,(anonymous_5)
FNDA:0,(anonymous_6)
FNDA:0,(anonymous_7)
FNDA:0,(anonymous_8)
FNDA:0,(anonymous_9)
FNDA:0,(anonymous_10)
FNDA:0,(anonymous_11)
FNDA:0,(anonymous_12)
FNDA:0,(anonymous_13)
FNDA:0,(anonymous_14)
FNDA:0,(anonymous_15)
FNDA:0,(anonymous_16)
DA:27,0
DA:28,0
DA:29,0
DA:30,0
DA:45,0
DA:47,0
DA:48,0
DA:55,0
DA:56,0
DA:64,0
DA:65,0
DA:74,0
DA:76,0
DA:96,0
DA:98,0
DA:113,0
DA:114,0
DA:116,0
DA:124,0
DA:131,0
DA:135,0
DA:151,0
DA:155,0
DA:166,0
DA:170,0
DA:193,0
DA:209,0
DA:227,0
LF:28
LH:0
BRDA:82,0,0,0
BRDA:82,0,1,0
BRDA:85,1,0,0
BRDA:85,1,1,0
BRDA:136,2,0,0
BRDA:136,2,1,0
BRDA:140,3,0,0
BRDA:140,3,1,0
BRDA:149,4,0,0
BRDA:149,4,1,0
BRDA:156,5,0,0
BRDA:156,5,1,0
BRDA:160,6,0,0
BRDA:160,6,1,0
BRDA:171,7,0,0
BRDA:171,7,1,0
BRDA:175,8,0,0
BRDA:175,8,1,0
BRDA:182,9,0,0
BRDA:182,9,1,0
BRDA:184,10,0,0
BRDA:184,10,1,0
BRDA:190,11,0,0
BRDA:190,11,1,0
BRDA:195,12,0,0
BRDA:195,12,1,0
BRDA:211,13,0,0
BRDA:211,13,1,0
BRF:28
BRH:0
end_of_record
TN:
SF:src/screens/Frota/useFrota.ts
FN:32,(anonymous_0)
FN:45,(anonymous_1)
FN:59,(anonymous_2)
FN:61,(anonymous_3)
FN:67,(anonymous_4)
FN:72,(anonymous_5)
FN:74,(anonymous_6)
FN:77,(anonymous_7)
FN:83,(anonymous_8)
FNF:9
FNH:0
FNDA:0,(anonymous_0)
FNDA:0,(anonymous_1)
FNDA:0,(anonymous_2)
FNDA:0,(anonymous_3)
FNDA:0,(anonymous_4)
FNDA:0,(anonymous_5)
FNDA:0,(anonymous_6)
FNDA:0,(anonymous_7)
FNDA:0,(anonymous_8)
DA:32,0
DA:33,0
DA:34,0
DA:35,0
DA:36,0
DA:37,0
DA:38,0
DA:39,0
DA:40,0
DA:41,0
DA:45,0
DA:46,0
DA:50,0
DA:51,0
DA:52,0
DA:54,0
DA:55,0
DA:56,0
DA:59,0
DA:60,0
DA:61,0
DA:62,0
DA:63,0
DA:64,0
DA:66,0
DA:67,0
DA:68,0
DA:72,0
DA:73,0
DA:74,0
DA:77,0
DA:78,0
DA:79,0
DA:80,0
DA:83,0
DA:84,0
DA:85,0
DA:87,0
DA:90,0
LF:39
LH:0
BRDA:50,0,0,0
BRDA:50,0,1,0
BRDA:50,1,0,0
BRDA:50,1,1,0
BRDA:64,2,0,0
BRDA:64,2,1,0
BRDA:78,3,0,0
BRDA:78,3,1,0
BRDA:79,4,0,0
BRDA:79,4,1,0
BRDA:84,5,0,0
BRDA:84,5,1,0
BRF:12
BRH:0
end_of_record
TN:
SF:src/screens/Home/HomeScreen.styles.ts
FN:21,(anonymous_0)
FNF:1
FNH:1
FNDA:18,(anonymous_0)
DA:21,2
DA:22,18
DA:24,18
LF:3
LH:3
BRF:0
BRH:0
end_of_record
TN:
SF:src/screens/Home/HomeScreen.tsx
FN:42,(anonymous_0)
FN:45,(anonymous_1)
FN:48,(anonymous_2)
FN:49,(anonymous_3)
FN:51,(anonymous_4)
FN:52,(anonymous_5)
FN:53,(anonymous_6)
FN:62,(anonymous_7)
FN:67,(anonymous_8)
FN:71,(anonymous_9)
FN:72,(anonymous_10)
FN:75,(anonymous_11)
FN:78,(anonymous_12)
FN:103,(anonymous_13)
FN:104,(anonymous_14)
FN:112,(anonymous_15)
FNF:16
FNH:7
FNDA:9,(anonymous_0)
FNDA:9,(anonymous_1)
FNDA:18,(anonymous_2)
FNDA:18,(anonymous_3)
FNDA:9,(anonymous_4)
FNDA:0,(anonymous_5)
FNDA:0,(anonymous_6)
FNDA:36,(anonymous_7)
FNDA:0,(anonymous_8)
FNDA:0,(anonymous_9)
FNDA:0,(anonymous_10)
FNDA:0,(anonymous_11)
FNDA:0,(anonymous_12)
FNDA:54,(anonymous_13)
FNDA:0,(anonymous_14)
FNDA:0,(anonymous_15)
DA:23,2
DA:32,2
DA:38,2
DA:39,2
DA:40,2
DA:42,2
DA:43,9
DA:44,9
DA:45,9
DA:46,9
DA:47,9
DA:48,18
DA:49,18
DA:50,9
DA:51,9
DA:52,9
DA:53,9
DA:54,0
DA:55,0
DA:56,0
DA:57,0
DA:58,0
DA:59,0
DA:62,9
DA:63,36
DA:67,9
DA:68,0
DA:69,0
DA:71,9
DA:72,9
DA:73,0
DA:74,0
DA:75,0
DA:76,0
DA:78,9
DA:79,0
DA:80,0
DA:81,0
DA:89,9
DA:104,54
DA:112,0
DA:130,2
LF:42
LH:26
BRDA:54,0,0,0
BRDA:54,0,1,0
BRDA:55,1,0,0
BRDA:55,1,1,0
BRDA:55,1,2,0
BRDA:55,1,3,0
BRDA:68,2,0,0
BRDA:68,2,1,0
BRDA:74,3,0,0
BRDA:74,3,1,0
BRDA:75,4,0,0
BRDA:75,4,1,0
BRDA:92,5,0,9
BRDA:92,5,1,0
BRDA:97,6,0,0
BRDA:97,6,1,9
BRF:16
BRH:2
end_of_record
TN:
SF:src/screens/Home/useHomeScreen.ts
FN:73,(anonymous_0)
FN:77,(anonymous_1)
FN:103,(anonymous_2)
FN:104,(anonymous_3)
FN:105,(anonymous_4)
FN:106,(anonymous_5)
FN:107,(anonymous_6)
FN:121,(anonymous_7)
FN:122,(anonymous_8)
FN:123,(anonymous_9)
FN:134,(anonymous_10)
FN:143,(anonymous_11)
FN:145,(anonymous_12)
FN:147,(anonymous_13)
FN:156,(anonymous_14)
FN:163,(anonymous_15)
FN:165,(anonymous_16)
FN:167,(anonymous_17)
FNF:18
FNH:10
FNDA:9,(anonymous_0)
FNDA:45,(anonymous_1)
FNDA:9,(anonymous_2)
FNDA:18,(anonymous_3)
FNDA:18,(anonymous_4)
FNDA:18,(anonymous_5)
FNDA:18,(anonymous_6)
FNDA:9,(anonymous_7)
FNDA:0,(anonymous_8)
FNDA:0,(anonymous_9)
FNDA:0,(anonymous_10)
FNDA:18,(anonymous_11)
FNDA:0,(anonymous_12)
FNDA:0,(anonymous_13)
FNDA:9,(anonymous_14)
FNDA:0,(anonymous_15)
FNDA:0,(anonymous_16)
FNDA:0,(anonymous_17)
DA:73,2
DA:77,9
DA:78,45
DA:88,9
DA:103,2
DA:104,18
DA:105,18
DA:106,18
DA:107,18
DA:109,9
DA:110,9
DA:112,9
DA:121,9
DA:122,9
DA:123,0
DA:124,0
DA:132,9
DA:135,0
DA:136,0
DA:139,9
DA:143,18
DA:144,9
DA:145,0
DA:147,0
DA:156,9
DA:157,9
DA:163,9
DA:164,0
DA:165,0
DA:167,0
DA:168,0
DA:169,0
DA:173,9
LF:33
LH:22
BRDA:75,0,0,9
BRDA:107,1,0,18
BRDA:107,1,1,0
BRDA:127,2,0,0
BRDA:127,2,1,0
BRDA:135,3,0,0
BRDA:135,3,1,0
BRF:7
BRH:2
end_of_record
TN:
SF:src/screens/Home/components/HomeHeader.tsx
FN:39,(anonymous_0)
FNF:1
FNH:1
FNDA:9,(anonymous_0)
DA:39,2
DA:47,9
DA:48,9
DA:49,9
DA:50,9
DA:52,9
DA:53,9
DA:55,9
DA:107,2
LF:9
LH:9
BRDA:52,0,0,9
BRDA:52,0,1,0
BRDA:53,1,0,9
BRDA:53,1,1,0
BRDA:73,2,0,9
BRDA:73,2,1,1
BRDA:78,3,0,0
BRDA:78,3,1,1
BRDA:91,4,0,9
BRDA:91,4,1,0
BRF:10
BRH:6
end_of_record
TN:
SF:src/screens/Home/components/HomeSkeletonLoader.tsx
FN:16,(anonymous_0)
FN:42,(anonymous_1)
FNF:2
FNH:0
FNDA:0,(anonymous_0)
FNDA:0,(anonymous_1)
DA:16,2
DA:17,0
DA:18,0
DA:20,0
DA:43,0
DA:63,2
LF:6
LH:2
BRF:0
BRH:0
end_of_record
TN:
SF:src/screens/Home/components/HomeStatusBar.tsx
FN:27,(anonymous_0)
FNF:1
FNH:0
FNDA:0,(anonymous_0)
DA:27,0
DA:33,0
DA:34,0
DA:35,0
DA:37,0
DA:41,0
DA:45,0
DA:67,0
LF:8
LH:0
BRDA:37,0,0,0
BRDA:37,0,1,0
BRDA:41,1,0,0
BRDA:41,1,1,0
BRF:4
BRH:0
end_of_record
TN:
SF:src/screens/Motorista/MotoristaScreen.tsx
FN:17,(anonymous_0)
FNF:1
FNH:0
FNDA:0,(anonymous_0)
DA:17,1
DA:18,0
DA:19,0
DA:20,0
DA:22,0
DA:50,1
DA:52,1
LF:7
LH:3
BRF:0
BRH:0
end_of_record
TN:
SF:src/screens/Notifications/NotificationsScreen.styles.ts
FN:5,(anonymous_0)
FNF:1
FNH:0
FNDA:0,(anonymous_0)
DA:5,1
DA:6,0
LF:2
LH:1
BRF:0
BRH:0
end_of_record
TN:
SF:src/screens/Notifications/NotificationsScreen.tsx
FN:24,(anonymous_0)
FN:37,(anonymous_1)
FN:40,(anonymous_2)
FN:43,(anonymous_3)
FN:44,(anonymous_4)
FN:48,(anonymous_5)
FN:51,(anonymous_6)
FN:55,(anonymous_7)
FN:60,(anonymous_8)
FN:63,(anonymous_9)
FN:74,(anonymous_10)
FN:76,(anonymous_11)
FN:115,(anonymous_12)
FNF:13
FNH:0
FNDA:0,(anonymous_0)
FNDA:0,(anonymous_1)
FNDA:0,(anonymous_2)
FNDA:0,(anonymous_3)
FNDA:0,(anonymous_4)
FNDA:0,(anonymous_5)
FNDA:0,(anonymous_6)
FNDA:0,(anonymous_7)
FNDA:0,(anonymous_8)
FNDA:0,(anonymous_9)
FNDA:0,(anonymous_10)
FNDA:0,(anonymous_11)
FNDA:0,(anonymous_12)
DA:24,1
DA:25,0
DA:26,0
DA:27,0
DA:28,0
DA:29,0
DA:30,0
DA:31,0
DA:37,1
DA:38,0
DA:39,0
DA:40,0
DA:41,0
DA:43,0
DA:44,0
DA:46,0
DA:47,0
DA:48,0
DA:50,0
DA:51,0
DA:55,0
DA:56,0
DA:59,0
DA:61,0
DA:63,0
DA:74,0
DA:75,0
DA:77,0
DA:88,0
DA:115,0
DA:145,1
LF:31
LH:3
BRDA:27,0,0,0
BRDA:27,0,1,0
BRDA:28,1,0,0
BRDA:28,1,1,0
BRDA:30,2,0,0
BRDA:30,2,1,0
BRDA:95,3,0,0
BRDA:95,3,1,0
BRDA:109,4,0,0
BRDA:109,4,1,0
BRDA:118,5,0,0
BRDA:118,5,1,0
BRF:12
BRH:0
end_of_record
TN:
SF:src/screens/Passageiro/PassageiroScreen.styles.ts
FN:47,(anonymous_0)
FNF:1
FNH:1
FNDA:25,(anonymous_0)
DA:10,3
DA:45,3
DA:47,3
DA:48,25
LF:4
LH:4
BRF:0
BRH:0
end_of_record
TN:
SF:src/screens/Passageiro/PassageiroScreen.tsx
FN:127,(anonymous_0)
FN:128,(anonymous_1)
FN:140,(anonymous_2)
FN:143,(anonymous_3)
FN:183,(anonymous_4)
FN:208,(anonymous_5)
FN:233,(anonymous_6)
FN:278,(anonymous_7)
FN:282,(anonymous_8)
FN:283,(anonymous_9)
FN:313,(anonymous_10)
FN:316,(anonymous_11)
FN:381,(anonymous_12)
FN:386,(anonymous_13)
FN:395,(anonymous_14)
FN:438,(anonymous_15)
FN:442,(anonymous_16)
FN:530,(anonymous_17)
FN:604,(anonymous_18)
FN:605,(anonymous_19)
FNF:20
FNH:9
FNDA:0,(anonymous_0)
FNDA:0,(anonymous_1)
FNDA:52,(anonymous_2)
FNDA:25,(anonymous_3)
FNDA:7,(anonymous_4)
FNDA:7,(anonymous_5)
FNDA:0,(anonymous_6)
FNDA:4,(anonymous_7)
FNDA:1,(anonymous_8)
FNDA:4,(anonymous_9)
FNDA:0,(anonymous_10)
FNDA:0,(anonymous_11)
FNDA:0,(anonymous_12)
FNDA:0,(anonymous_13)
FNDA:0,(anonymous_14)
FNDA:6,(anonymous_15)
FNDA:0,(anonymous_16)
FNDA:6,(anonymous_17)
FNDA:0,(anonymous_18)
FNDA:0,(anonymous_19)
DA:98,3
DA:99,3
DA:101,3
DA:111,2
DA:112,0
DA:113,0
DA:116,2
DA:123,2
DA:127,3
DA:128,0
DA:129,0
DA:140,3
DA:141,52
DA:142,50
DA:143,50
DA:144,50
DA:146,36
DA:147,36
DA:148,36
DA:151,36
DA:153,36
DA:154,36
DA:155,36
DA:156,36
DA:158,36
DA:179,36
DA:183,32
DA:184,7
DA:185,7
DA:186,7
DA:191,0
DA:192,0
DA:193,0
DA:196,0
DA:197,0
DA:198,0
DA:201,0
DA:204,0
DA:205,0
DA:208,32
DA:209,7
DA:210,7
DA:215,7
DA:218,0
DA:219,0
DA:222,0
DA:225,0
DA:226,0
DA:233,32
DA:234,0
DA:235,0
DA:236,0
DA:237,0
DA:245,32
DA:246,32
DA:247,7
DA:248,7
DA:249,6
DA:250,6
DA:251,6
DA:267,32
DA:268,32
DA:269,6
DA:270,6
DA:278,32
DA:279,4
DA:282,1
DA:283,4
DA:308,32
DA:314,0
DA:317,0
DA:372,32
DA:373,32
DA:374,32
DA:375,32
DA:376,32
DA:377,32
DA:380,32
DA:382,0
DA:384,0
DA:386,0
DA:387,0
DA:393,32
DA:395,0
DA:439,6
DA:440,6
DA:442,0
DA:530,6
DA:604,0
DA:605,0
DA:628,3
LF:91
LH:59
BRDA:111,0,0,0
BRDA:111,0,1,2
BRDA:184,1,0,7
BRDA:184,1,1,0
BRDA:191,2,0,0
BRDA:191,2,1,0
BRDA:191,3,0,0
BRDA:191,3,1,0
BRDA:196,4,0,0
BRDA:196,4,1,0
BRDA:209,5,0,7
BRDA:209,5,1,0
BRDA:218,6,0,0
BRDA:218,6,1,0
BRDA:225,7,0,0
BRDA:225,7,1,0
BRDA:234,8,0,0
BRDA:234,8,1,0
BRDA:246,9,0,7
BRDA:246,9,1,25
BRDA:248,10,0,6
BRDA:248,10,1,1
BRDA:268,11,0,6
BRDA:268,11,1,26
BRDA:271,12,0,6
BRDA:271,12,1,0
BRDA:285,13,0,4
BRDA:285,13,1,0
BRDA:308,14,0,0
BRDA:308,14,1,32
BRDA:308,15,0,32
BRDA:308,15,1,0
BRDA:308,15,2,0
BRDA:327,16,0,0
BRDA:327,16,1,0
BRDA:339,17,0,0
BRDA:339,17,1,0
BRDA:346,18,0,0
BRDA:346,18,1,0
BRDA:353,19,0,32
BRDA:353,19,1,0
BRDA:376,20,0,32
BRDA:376,20,1,13
BRDA:420,21,0,32
BRDA:420,21,1,24
BRDA:421,22,0,32
BRDA:421,22,1,8
BRDA:421,22,2,0
BRDA:428,23,0,24
BRDA:428,23,1,8
BRDA:450,24,0,17
BRDA:450,24,1,15
BRDA:495,25,0,32
BRDA:495,25,1,23
BRDA:520,26,0,1
BRDA:520,26,1,22
BRDA:527,27,0,2
BRDA:527,27,1,20
BRDA:535,28,0,12
BRDA:535,28,1,8
BRDA:585,29,0,1
BRDA:585,29,1,31
BRDA:588,30,0,32
BRDA:588,30,1,31
BRDA:597,31,0,1
BRDA:597,31,1,31
BRDA:598,32,0,1
BRDA:598,32,1,0
BRDA:608,33,0,32
BRDA:608,33,1,0
BRDA:609,34,0,32
BRDA:609,34,1,31
BRF:72
BRH:42
end_of_record
TN:
SF:src/screens/Passageiro/usePassageiro.ts
FN:95,(anonymous_0)
FN:100,(anonymous_1)
FN:101,(anonymous_2)
FN:103,(anonymous_3)
FN:121,(anonymous_4)
FN:131,(anonymous_5)
FN:133,(anonymous_6)
FN:142,(anonymous_7)
FN:157,(anonymous_8)
FN:166,(anonymous_9)
FN:169,(anonymous_10)
FN:208,(anonymous_11)
FN:217,(anonymous_12)
FN:221,(anonymous_13)
FN:234,(anonymous_14)
FN:234,(anonymous_15)
FN:243,(anonymous_16)
FN:261,(anonymous_17)
FN:286,(anonymous_18)
FN:323,(anonymous_19)
FN:353,(anonymous_20)
FN:367,(anonymous_21)
FN:375,(anonymous_22)
FN:376,(anonymous_23)
FN:378,(anonymous_24)
FN:383,(anonymous_25)
FN:384,(anonymous_26)
FN:386,(anonymous_27)
FN:391,(anonymous_28)
FNF:29
FNH:17
FNDA:36,(anonymous_0)
FNDA:59,(anonymous_1)
FNDA:55,(anonymous_2)
FNDA:55,(anonymous_3)
FNDA:7,(anonymous_4)
FNDA:55,(anonymous_5)
FNDA:7,(anonymous_6)
FNDA:0,(anonymous_7)
FNDA:0,(anonymous_8)
FNDA:7,(anonymous_9)
FNDA:7,(anonymous_10)
FNDA:7,(anonymous_11)
FNDA:6,(anonymous_12)
FNDA:0,(anonymous_13)
FNDA:7,(anonymous_14)
FNDA:7,(anonymous_15)
FNDA:6,(anonymous_16)
FNDA:5,(anonymous_17)
FNDA:6,(anonymous_18)
FNDA:1,(anonymous_19)
FNDA:0,(anonymous_20)
FNDA:0,(anonymous_21)
FNDA:0,(anonymous_22)
FNDA:0,(anonymous_23)
FNDA:0,(anonymous_24)
FNDA:0,(anonymous_25)
FNDA:0,(anonymous_26)
FNDA:0,(anonymous_27)
FNDA:0,(anonymous_28)
DA:78,3
DA:79,3
DA:80,3
DA:81,3
DA:84,3
DA:95,3
DA:96,36
DA:97,36
DA:98,36
DA:100,59
DA:101,55
DA:102,32
DA:103,55
DA:106,32
DA:107,32
DA:108,32
DA:109,32
DA:110,32
DA:111,32
DA:112,32
DA:114,32
DA:116,32
DA:117,32
DA:118,32
DA:119,32
DA:121,32
DA:122,7
DA:131,55
DA:133,32
DA:134,7
DA:138,7
DA:139,7
DA:142,0
DA:143,0
DA:144,0
DA:146,0
DA:147,0
DA:151,0
DA:155,0
DA:157,0
DA:158,0
DA:166,32
DA:167,7
DA:169,7
DA:170,7
DA:174,7
DA:176,7
DA:177,7
DA:178,7
DA:179,7
DA:182,0
DA:186,0
DA:187,0
DA:191,0
DA:192,0
DA:197,0
DA:200,0
DA:201,0
DA:206,7
DA:208,7
DA:209,7
DA:217,32
DA:218,6
DA:221,32
DA:222,0
DA:223,0
DA:224,0
DA:226,0
DA:227,0
DA:228,0
DA:229,0
DA:230,0
DA:233,32
DA:234,7
DA:235,7
DA:236,5
DA:242,32
DA:244,6
DA:245,6
DA:247,6
DA:248,0
DA:251,6
DA:252,1
DA:253,1
DA:254,1
DA:255,1
DA:258,5
DA:259,5
DA:261,5
DA:262,5
DA:264,5
DA:265,5
DA:272,5
DA:278,5
DA:279,0
DA:282,5
DA:284,5
DA:286,6
DA:292,5
DA:294,0
DA:296,0
DA:297,0
DA:298,0
DA:299,0
DA:301,0
DA:307,0
DA:322,32
DA:324,1
DA:333,1
DA:335,1
DA:336,1
DA:337,1
DA:340,1
DA:353,32
DA:354,0
DA:355,0
DA:362,0
DA:364,0
DA:367,32
DA:368,0
DA:375,32
DA:376,0
DA:377,0
DA:378,0
DA:379,0
DA:383,32
DA:384,0
DA:385,0
DA:386,0
DA:387,0
DA:391,32
DA:392,0
DA:393,0
DA:401,32
LF:134
LH:85
BRDA:138,0,0,7
BRDA:138,0,1,0
BRDA:144,1,0,0
BRDA:144,1,1,0
BRDA:146,2,0,0
BRDA:146,2,1,0
BRDA:177,3,0,7
BRDA:177,3,1,0
BRDA:186,4,0,0
BRDA:186,4,1,0
BRDA:200,5,0,0
BRDA:200,5,1,0
BRDA:222,6,0,0
BRDA:222,6,1,0
BRDA:235,7,0,5
BRDA:235,7,1,2
BRDA:247,8,0,0
BRDA:247,8,1,6
BRDA:251,9,0,1
BRDA:251,9,1,5
BRDA:265,10,0,0
BRDA:265,10,1,5
BRDA:278,11,0,0
BRDA:278,11,1,5
BRDA:284,12,0,5
BRDA:284,12,1,0
BRDA:296,13,0,0
BRDA:296,13,1,0
BRDA:298,14,0,0
BRDA:298,14,1,0
BRDA:301,15,0,0
BRDA:301,15,1,0
BRDA:303,16,0,0
BRDA:303,16,1,0
BRDA:354,17,0,0
BRDA:354,17,1,0
BRDA:392,18,0,0
BRDA:392,18,1,0
BRDA:410,19,0,32
BRDA:410,19,1,31
BRDA:411,20,0,1
BRDA:411,20,1,31
BRF:42
BRH:14
end_of_record
TN:
SF:src/screens/Passageiro/components/SolicitarCorridaModal.tsx
FN:60,(anonymous_0)
FN:71,(anonymous_1)
FN:72,(anonymous_2)
FN:73,(anonymous_3)
FN:83,(anonymous_4)
FN:93,(anonymous_5)
FN:100,(anonymous_6)
FN:105,(anonymous_7)
FN:259,(anonymous_8)
FN:303,(anonymous_9)
FN:306,(anonymous_10)
FN:333,(anonymous_11)
FNF:12
FNH:5
FNDA:32,(anonymous_0)
FNDA:55,(anonymous_1)
FNDA:55,(anonymous_2)
FNDA:55,(anonymous_3)
FNDA:0,(anonymous_4)
FNDA:0,(anonymous_5)
FNDA:0,(anonymous_6)
FNDA:0,(anonymous_7)
FNDA:0,(anonymous_8)
FNDA:0,(anonymous_9)
FNDA:0,(anonymous_10)
FNDA:32,(anonymous_11)
DA:60,3
DA:65,32
DA:66,32
DA:67,32
DA:68,32
DA:69,32
DA:71,55
DA:72,55
DA:73,55
DA:75,32
DA:76,32
DA:77,32
DA:78,32
DA:81,32
DA:83,32
DA:84,0
DA:85,0
DA:93,32
DA:94,0
DA:95,0
DA:96,0
DA:97,0
DA:100,32
DA:101,0
DA:102,0
DA:105,32
DA:106,0
DA:107,0
DA:108,0
DA:110,0
DA:112,0
DA:113,0
DA:120,0
DA:123,0
DA:125,0
DA:126,0
DA:128,0
DA:138,0
DA:140,0
DA:141,0
DA:148,0
DA:151,0
DA:154,0
DA:155,0
DA:173,0
DA:181,0
DA:182,0
DA:196,32
DA:198,32
DA:260,0
DA:261,0
DA:304,0
DA:306,0
DA:327,3
DA:333,3
DA:334,32
LF:56
LH:23
BRDA:71,0,0,55
BRDA:71,0,1,55
BRDA:106,1,0,0
BRDA:106,1,1,0
BRDA:112,2,0,0
BRDA:112,2,1,0
BRDA:125,3,0,0
BRDA:125,3,1,0
BRDA:126,4,0,0
BRDA:126,4,1,0
BRDA:135,5,0,0
BRDA:135,5,1,0
BRDA:140,6,0,0
BRDA:140,6,1,0
BRDA:166,7,0,0
BRDA:166,7,1,0
BRDA:215,8,0,32
BRDA:215,8,1,0
BRDA:229,9,0,32
BRDA:229,9,1,1
BRDA:261,10,0,0
BRDA:261,10,1,0
BRDA:268,11,0,32
BRDA:268,11,1,0
BRDA:273,12,0,32
BRDA:273,12,1,0
BRDA:308,13,0,0
BRDA:308,13,1,0
BRDA:309,14,0,0
BRDA:309,14,1,0
BRDA:312,15,0,0
BRDA:312,15,1,32
BRDA:320,16,0,0
BRDA:320,16,1,32
BRDA:349,17,0,0
BRDA:349,17,1,32
BRF:36
BRH:10
end_of_record
TN:
SF:src/screens/Profile/ProfileScreen.tsx
FN:24,(anonymous_0)
FN:36,(anonymous_1)
FN:39,(anonymous_2)
FN:45,(anonymous_3)
FN:49,(anonymous_4)
FN:104,(anonymous_5)
FN:130,(anonymous_6)
FNF:7
FNH:7
FNDA:16,(anonymous_0)
FNDA:24,(anonymous_1)
FNDA:14,(anonymous_2)
FNDA:43,(anonymous_3)
FNDA:16,(anonymous_4)
FNDA:2,(anonymous_5)
FNDA:1,(anonymous_6)
DA:24,2
DA:25,16
DA:26,16
DA:27,16
DA:28,16
DA:36,2
DA:37,24
DA:38,24
DA:39,24
DA:40,24
DA:43,24
DA:45,43
DA:47,24
DA:49,24
DA:51,24
DA:104,2
DA:130,1
DA:163,2
LF:18
LH:18
BRDA:26,0,0,0
BRDA:26,0,1,16
BRDA:27,1,0,0
BRDA:27,1,1,16
BRDA:68,2,0,22
BRDA:68,2,1,2
BRDA:71,3,0,23
BRDA:71,3,1,1
BRDA:88,4,0,7
BRDA:88,4,1,17
BRDA:103,5,0,7
BRDA:103,5,1,17
BRDA:104,6,0,7
BRDA:104,6,1,17
BRDA:108,7,0,7
BRDA:108,7,1,17
BRDA:109,8,0,7
BRDA:109,8,1,17
BRDA:120,9,0,24
BRDA:120,9,1,2
BRF:20
BRH:18
end_of_record
TN:
SF:src/screens/Profile/ProfileScreens.styles.ts
FN:27,(anonymous_0)
FNF:1
FNH:1
FNDA:16,(anonymous_0)
DA:27,2
DA:28,16
DA:30,16
LF:3
LH:3
BRF:0
BRH:0
end_of_record
TN:
SF:src/screens/Profile/SettingsScreen.tsx
FN:34,(anonymous_0)
FN:37,(anonymous_1)
FN:39,(anonymous_2)
FN:41,(anonymous_3)
FN:59,(anonymous_4)
FN:64,(anonymous_5)
FNF:6
FNH:4
FNDA:2,(anonymous_0)
FNDA:2,(anonymous_1)
FNDA:4,(anonymous_2)
FNDA:0,(anonymous_3)
FNDA:6,(anonymous_4)
FNDA:0,(anonymous_5)
DA:12,2
DA:23,2
DA:34,2
DA:35,2
DA:36,2
DA:37,2
DA:38,2
DA:39,4
DA:41,2
DA:42,0
DA:43,0
DA:46,2
DA:47,2
DA:51,2
DA:60,6
DA:64,0
DA:95,2
LF:17
LH:14
BRDA:46,0,0,2
BRDA:46,0,1,2
BRDA:48,1,0,2
BRDA:48,1,1,2
BRDA:48,1,2,2
BRDA:65,2,0,6
BRDA:65,2,1,2
BRDA:69,3,0,2
BRDA:69,3,1,4
BRF:9
BRH:9
end_of_record
TN:
SF:src/screens/Profile/useProfile.ts
FN:27,(anonymous_0)
FN:31,(anonymous_1)
FN:37,(anonymous_2)
FN:42,(anonymous_3)
FN:45,(anonymous_4)
FN:78,(anonymous_5)
FNF:6
FNH:6
FNDA:24,(anonymous_0)
FNDA:43,(anonymous_1)
FNDA:3,(anonymous_2)
FNDA:3,(anonymous_3)
FNDA:2,(anonymous_4)
FNDA:1,(anonymous_5)
DA:27,2
DA:28,24
DA:29,24
DA:30,24
DA:31,43
DA:33,24
DA:34,24
DA:35,24
DA:37,24
DA:38,3
DA:40,0
DA:42,3
DA:45,24
DA:46,2
DA:47,2
DA:50,2
DA:53,2
DA:54,2
DA:56,2
DA:57,0
DA:64,0
DA:67,2
DA:68,2
DA:75,2
DA:78,24
DA:79,1
DA:82,24
LF:27
LH:24
BRDA:33,0,0,24
BRDA:33,0,1,1
BRDA:38,1,0,0
BRDA:38,1,1,3
BRDA:40,2,0,0
BRDA:40,2,1,0
BRDA:46,3,0,0
BRDA:46,3,1,2
BRDA:56,4,0,0
BRDA:56,4,1,2
BRF:10
BRH:5
end_of_record
TN:
SF:src/screens/Servidores/ServidorDetailScreen.tsx
FN:18,(anonymous_0)
FN:24,(anonymous_1)
FN:27,(anonymous_2)
FN:40,(anonymous_3)
FN:59,(anonymous_4)
FN:94,(anonymous_5)
FNF:6
FNH:0
FNDA:0,(anonymous_0)
FNDA:0,(anonymous_1)
FNDA:0,(anonymous_2)
FNDA:0,(anonymous_3)
FNDA:0,(anonymous_4)
FNDA:0,(anonymous_5)
DA:18,0
DA:19,0
DA:24,0
DA:25,0
DA:26,0
DA:27,0
DA:28,0
DA:29,0
DA:31,0
DA:32,0
DA:41,0
DA:48,0
DA:49,0
DA:59,0
DA:60,0
DA:62,0
DA:95,0
DA:106,0
LF:18
LH:0
BRDA:31,0,0,0
BRDA:31,0,1,0
BRDA:48,1,0,0
BRDA:48,1,1,0
BRDA:48,2,0,0
BRDA:48,2,1,0
BRDA:70,3,0,0
BRDA:70,3,1,0
BRF:8
BRH:0
end_of_record
TN:
SF:src/screens/Servidores/ServidoresListScreen.tsx
FN:25,(anonymous_0)
FN:32,(anonymous_1)
FN:35,(anonymous_2)
FN:52,(anonymous_3)
FN:61,(anonymous_4)
FN:64,(anonymous_5)
FN:92,(anonymous_6)
FN:94,(anonymous_7)
FN:118,(anonymous_8)
FN:123,(anonymous_9)
FN:150,(anonymous_10)
FNF:11
FNH:0
FNDA:0,(anonymous_0)
FNDA:0,(anonymous_1)
FNDA:0,(anonymous_2)
FNDA:0,(anonymous_3)
FNDA:0,(anonymous_4)
FNDA:0,(anonymous_5)
FNDA:0,(anonymous_6)
FNDA:0,(anonymous_7)
FNDA:0,(anonymous_8)
FNDA:0,(anonymous_9)
FNDA:0,(anonymous_10)
DA:25,0
DA:26,0
DA:32,0
DA:33,0
DA:34,0
DA:35,0
DA:37,0
DA:49,0
DA:51,0
DA:52,0
DA:60,0
DA:62,0
DA:64,0
DA:92,0
DA:93,0
DA:95,0
DA:106,0
DA:119,0
DA:123,0
DA:150,0
DA:174,0
LF:21
LH:0
BRDA:77,0,0,0
BRDA:77,0,1,0
BRDA:81,1,0,0
BRDA:81,1,1,0
BRDA:124,2,0,0
BRDA:124,2,1,0
BRDA:128,3,0,0
BRDA:128,3,1,0
BRDA:135,4,0,0
BRDA:135,4,1,0
BRDA:137,5,0,0
BRDA:137,5,1,0
BRDA:153,6,0,0
BRDA:153,6,1,0
BRF:14
BRH:0
end_of_record
TN:
SF:src/screens/Servidores/ServidoresScreens.styles.ts
FN:5,(anonymous_0)
FNF:1
FNH:0
FNDA:0,(anonymous_0)
DA:5,0
DA:6,0
LF:2
LH:0
BRF:0
BRH:0
end_of_record
TN:
SF:src/screens/Servidores/useServidorDetail.ts
FN:20,(anonymous_0)
FN:26,(anonymous_1)
FN:28,(anonymous_2)
FN:40,(anonymous_3)
FNF:4
FNH:0
FNDA:0,(anonymous_0)
FNDA:0,(anonymous_1)
FNDA:0,(anonymous_2)
FNDA:0,(anonymous_3)
DA:20,0
DA:21,0
DA:22,0
DA:23,0
DA:24,0
DA:26,0
DA:27,0
DA:28,0
DA:29,0
DA:30,0
DA:31,0
DA:32,0
DA:33,0
DA:35,0
DA:37,0
DA:39,0
DA:40,0
DA:41,0
DA:45,0
LF:19
LH:0
BRDA:31,0,0,0
BRDA:31,0,1,0
BRDA:32,1,0,0
BRDA:32,1,1,0
BRF:4
BRH:0
end_of_record
TN:
SF:src/screens/Servidores/useServidoresList.ts
FN:32,(anonymous_0)
FN:41,(anonymous_1)
FN:51,(anonymous_2)
FN:53,(anonymous_3)
FN:59,(anonymous_4)
FN:64,(anonymous_5)
FN:66,(anonymous_6)
FN:69,(anonymous_7)
FN:75,(anonymous_8)
FNF:9
FNH:0
FNDA:0,(anonymous_0)
FNDA:0,(anonymous_1)
FNDA:0,(anonymous_2)
FNDA:0,(anonymous_3)
FNDA:0,(anonymous_4)
FNDA:0,(anonymous_5)
FNDA:0,(anonymous_6)
FNDA:0,(anonymous_7)
FNDA:0,(anonymous_8)
DA:32,0
DA:33,0
DA:34,0
DA:35,0
DA:36,0
DA:37,0
DA:38,0
DA:39,0
DA:41,0
DA:42,0
DA:43,0
DA:44,0
DA:45,0
DA:47,0
DA:48,0
DA:51,0
DA:52,0
DA:53,0
DA:54,0
DA:55,0
DA:56,0
DA:58,0
DA:59,0
DA:60,0
DA:64,0
DA:65,0
DA:66,0
DA:69,0
DA:70,0
DA:75,0
DA:77,0
DA:81,0
DA:82,0
DA:86,0
LF:34
LH:0
BRDA:43,0,0,0
BRDA:43,0,1,0
BRDA:56,1,0,0
BRDA:56,1,1,0
BRDA:72,2,0,0
BRDA:72,2,1,0
BRDA:77,3,0,0
BRDA:77,3,1,0
BRDA:77,3,2,0
BRDA:81,4,0,0
BRDA:81,4,1,0
BRDA:82,5,0,0
BRDA:82,5,1,0
BRF:13
BRH:0
end_of_record
TN:
SF:src/services/facades/AuthFacade.ts
FN:97,(anonymous_0)
FN:98,(anonymous_1)
FN:103,(anonymous_2)
FN:119,decodeJwtPayload
FN:124,(anonymous_4)
FN:137,userFromJwt
FN:144,(anonymous_6)
FN:165,userFromMe
FN:172,(anonymous_8)
FN:187,(anonymous_9)
FN:207,(anonymous_10)
FN:215,(anonymous_11)
FN:243,(anonymous_12)
FN:275,(anonymous_13)
FN:297,(anonymous_14)
FN:350,(anonymous_15)
FN:360,(anonymous_16)
FN:396,(anonymous_17)
FN:405,(anonymous_18)
FN:413,(anonymous_19)
FNF:20
FNH:11
FNDA:6,(anonymous_0)
FNDA:1,(anonymous_1)
FNDA:1,(anonymous_2)
FNDA:0,decodeJwtPayload
FNDA:0,(anonymous_4)
FNDA:0,userFromJwt
FNDA:0,(anonymous_6)
FNDA:0,userFromMe
FNDA:0,(anonymous_8)
FNDA:2,(anonymous_9)
FNDA:3,(anonymous_10)
FNDA:3,(anonymous_11)
FNDA:0,(anonymous_12)
FNDA:1,(anonymous_13)
FNDA:1,(anonymous_14)
FNDA:0,(anonymous_15)
FNDA:0,(anonymous_16)
FNDA:2,(anonymous_17)
FNDA:3,(anonymous_18)
FNDA:1,(anonymous_19)
DA:13,7
DA:14,7
DA:97,7
DA:98,7
DA:103,7
DA:106,1
DA:120,0
DA:121,0
DA:124,0
DA:127,0
DA:138,0
DA:144,0
DA:146,0
DA:166,0
DA:172,0
DA:174,0
DA:187,7
DA:205,3
DA:208,3
DA:209,3
DA:218,3
DA:219,3
DA:220,3
DA:221,1
DA:224,2
DA:230,2
DA:231,2
DA:232,2
DA:235,0
DA:236,0
DA:242,0
DA:243,0
DA:244,0
DA:245,0
DA:249,0
DA:251,0
DA:254,0
DA:255,0
DA:257,0
DA:263,0
DA:264,0
DA:266,0
DA:276,1
DA:277,0
DA:278,0
DA:283,0
DA:289,1
DA:290,1
DA:291,1
DA:300,1
DA:301,1
DA:302,1
DA:303,0
DA:306,1
DA:307,1
DA:308,0
DA:311,1
DA:315,1
DA:316,1
DA:319,0
DA:320,0
DA:328,0
DA:329,0
DA:333,0
DA:335,0
DA:336,0
DA:341,0
DA:351,0
DA:361,0
DA:362,0
DA:363,0
DA:366,0
DA:367,0
DA:368,0
DA:369,0
DA:372,0
DA:380,0
DA:381,0
DA:384,0
DA:385,0
DA:386,0
DA:387,0
DA:389,0
DA:397,2
DA:398,2
DA:399,2
DA:401,0
DA:409,3
DA:410,3
DA:414,1
DA:415,1
LF:91
LH:37
BRDA:105,0,0,0
BRDA:144,1,0,0
BRDA:144,1,1,0
BRDA:172,2,0,0
BRDA:172,2,1,0
BRDA:207,3,0,0
BRDA:209,4,0,3
BRDA:209,4,1,3
BRDA:218,5,0,3
BRDA:218,5,1,0
BRDA:220,6,0,1
BRDA:220,6,1,2
BRDA:242,7,0,0
BRDA:242,7,1,0
BRDA:244,8,0,0
BRDA:244,8,1,0
BRDA:255,9,0,0
BRDA:255,9,1,0
BRDA:276,10,0,0
BRDA:276,10,1,1
BRDA:302,11,0,0
BRDA:302,11,1,1
BRDA:306,12,0,1
BRDA:306,12,1,0
BRDA:307,13,0,0
BRDA:307,13,1,1
BRDA:328,14,0,0
BRDA:328,14,1,0
BRDA:361,15,0,0
BRDA:361,15,1,0
BRDA:363,16,0,0
BRDA:363,16,1,0
BRDA:368,17,0,0
BRDA:368,17,1,0
BRDA:380,18,0,0
BRDA:380,18,1,0
BRF:36
BRH:9
end_of_record
TN:
SF:src/services/facades/CallFacade.ts
FN:51,(anonymous_0)
FN:52,(anonymous_1)
FN:57,(anonymous_2)
FN:73,(anonymous_3)
FN:81,(anonymous_4)
FN:114,(anonymous_5)
FN:163,(anonymous_6)
FN:196,(anonymous_7)
FN:227,(anonymous_8)
FN:261,(anonymous_9)
FNF:10
FNH:0
FNDA:0,(anonymous_0)
FNDA:0,(anonymous_1)
FNDA:0,(anonymous_2)
FNDA:0,(anonymous_3)
FNDA:0,(anonymous_4)
FNDA:0,(anonymous_5)
FNDA:0,(anonymous_6)
FNDA:0,(anonymous_7)
FNDA:0,(anonymous_8)
FNDA:0,(anonymous_9)
DA:51,6
DA:52,6
DA:57,6
DA:60,0
DA:71,0
DA:74,0
DA:75,0
DA:84,0
DA:85,0
DA:86,0
DA:87,0
DA:90,0
DA:93,0
DA:94,0
DA:95,0
DA:96,0
DA:99,0
DA:100,0
DA:102,0
DA:118,0
DA:119,0
DA:120,0
DA:121,0
DA:126,0
DA:135,0
DA:136,0
DA:139,0
DA:140,0
DA:146,0
DA:147,0
DA:150,0
DA:151,0
DA:152,0
DA:154,0
DA:164,0
DA:165,0
DA:166,0
DA:168,0
DA:169,0
DA:172,0
DA:173,0
DA:179,0
DA:180,0
DA:183,0
DA:184,0
DA:185,0
DA:187,0
DA:199,0
DA:200,0
DA:201,0
DA:204,0
DA:205,0
DA:211,0
DA:212,0
DA:215,0
DA:216,0
DA:218,0
DA:228,0
DA:229,0
DA:230,0
DA:231,0
DA:234,0
DA:235,0
DA:238,0
DA:239,0
DA:245,0
DA:246,0
DA:249,0
DA:250,0
DA:252,0
DA:262,0
LF:71
LH:3
BRDA:59,0,0,0
BRDA:73,1,0,0
BRDA:75,2,0,0
BRDA:75,2,1,0
BRDA:84,3,0,0
BRDA:84,3,1,0
BRDA:86,4,0,0
BRDA:86,4,1,0
BRDA:95,5,0,0
BRDA:95,5,1,0
BRDA:118,6,0,0
BRDA:118,6,1,0
BRDA:120,7,0,0
BRDA:120,7,1,0
BRDA:146,8,0,0
BRDA:146,8,1,0
BRDA:164,9,0,0
BRDA:164,9,1,0
BRDA:165,10,0,0
BRDA:165,10,1,0
BRDA:179,11,0,0
BRDA:179,11,1,0
BRDA:199,12,0,0
BRDA:199,12,1,0
BRDA:211,13,0,0
BRDA:211,13,1,0
BRDA:228,14,0,0
BRDA:228,14,1,0
BRDA:230,15,0,0
BRDA:230,15,1,0
BRDA:245,16,0,0
BRDA:245,16,1,0
BRF:32
BRH:0
end_of_record
TN:
SF:src/services/facades/CartografiaFacade.ts
FN:17,(anonymous_0)
FN:18,(anonymous_1)
FN:23,(anonymous_2)
FN:26,(anonymous_3)
FN:33,(anonymous_4)
FN:38,(anonymous_5)
FN:72,(anonymous_6)
FN:137,(anonymous_7)
FN:140,(anonymous_8)
FN:144,(anonymous_9)
FN:202,(anonymous_10)
FN:256,(anonymous_11)
FN:274,(anonymous_12)
FN:275,(anonymous_13)
FN:277,(anonymous_14)
FN:311,(anonymous_15)
FNF:16
FNH:12
FNDA:3,(anonymous_0)
FNDA:1,(anonymous_1)
FNDA:5,(anonymous_2)
FNDA:3,(anonymous_3)
FNDA:2,(anonymous_4)
FNDA:2,(anonymous_5)
FNDA:1,(anonymous_6)
FNDA:4,(anonymous_7)
FNDA:4,(anonymous_8)
FNDA:3,(anonymous_9)
FNDA:1,(anonymous_10)
FNDA:4,(anonymous_11)
FNDA:0,(anonymous_12)
FNDA:0,(anonymous_13)
FNDA:0,(anonymous_14)
FNDA:0,(anonymous_15)
DA:17,7
DA:18,7
DA:23,7
DA:24,5
DA:26,7
DA:27,3
DA:28,2
DA:30,1
DA:33,7
DA:34,2
DA:35,2
DA:38,7
DA:41,2
DA:43,2
DA:44,1
DA:47,1
DA:48,0
DA:52,1
DA:57,1
DA:58,0
DA:61,1
DA:62,1
DA:64,1
DA:72,7
DA:75,1
DA:76,1
DA:77,0
DA:81,1
DA:86,1
DA:91,1
DA:92,0
DA:95,1
DA:138,4
DA:139,4
DA:140,4
DA:147,3
DA:148,0
DA:149,0
DA:155,3
DA:156,3
DA:165,3
DA:166,1
DA:173,2
DA:174,0
DA:181,2
DA:182,2
DA:184,2
DA:185,0
DA:191,2
DA:193,0
DA:205,1
DA:206,0
DA:207,0
DA:210,1
DA:211,1
DA:220,1
DA:221,0
DA:228,1
DA:229,0
DA:236,1
DA:237,1
DA:239,1
DA:240,0
DA:246,1
DA:248,0
DA:257,4
DA:258,4
DA:274,7
DA:275,0
DA:277,7
DA:280,0
DA:281,0
DA:282,0
DA:283,0
DA:286,0
DA:292,0
DA:293,0
DA:294,0
DA:297,0
DA:300,0
DA:301,0
DA:305,0
DA:311,7
LF:83
LH:55
BRDA:24,0,0,5
BRDA:24,0,1,4
BRDA:27,1,0,2
BRDA:27,1,1,1
BRDA:27,2,0,3
BRDA:27,2,1,2
BRDA:35,3,0,2
BRDA:35,3,1,0
BRDA:43,4,0,1
BRDA:43,4,1,1
BRDA:47,5,0,0
BRDA:47,5,1,1
BRDA:52,6,0,1
BRDA:52,6,1,0
BRDA:52,6,2,0
BRDA:52,6,3,0
BRDA:57,7,0,0
BRDA:57,7,1,1
BRDA:66,8,0,1
BRDA:66,8,1,0
BRDA:68,9,0,0
BRDA:68,9,1,1
BRDA:76,10,0,0
BRDA:76,10,1,1
BRDA:81,11,0,1
BRDA:81,11,1,0
BRDA:81,11,2,0
BRDA:86,12,0,1
BRDA:86,12,1,0
BRDA:86,12,2,0
BRDA:86,12,3,0
BRDA:91,13,0,0
BRDA:91,13,1,1
BRDA:91,14,0,1
BRDA:91,14,1,1
BRDA:137,15,0,0
BRDA:138,16,0,4
BRDA:138,16,1,0
BRDA:139,17,0,4
BRDA:139,17,1,0
BRDA:140,18,0,4
BRDA:140,18,1,4
BRDA:147,19,0,0
BRDA:147,19,1,3
BRDA:165,20,0,1
BRDA:165,20,1,2
BRDA:173,21,0,0
BRDA:173,21,1,2
BRDA:184,22,0,0
BRDA:184,22,1,2
BRDA:205,23,0,0
BRDA:205,23,1,1
BRDA:220,24,0,0
BRDA:220,24,1,1
BRDA:228,25,0,0
BRDA:228,25,1,1
BRDA:239,26,0,0
BRDA:239,26,1,1
BRDA:258,27,0,0
BRDA:258,27,1,4
BRF:60
BRH:34
end_of_record
TN:
SF:src/services/facades/ChatFacade.ts
FN:79,(anonymous_0)
FN:80,(anonymous_1)
FN:85,(anonymous_2)
FN:102,(anonymous_3)
FN:110,(anonymous_4)
FN:145,(anonymous_5)
FN:180,(anonymous_6)
FN:228,(anonymous_7)
FN:262,(anonymous_8)
FN:311,(anonymous_9)
FN:317,(anonymous_10)
FN:325,(anonymous_11)
FN:353,(anonymous_12)
FN:367,(anonymous_13)
FN:370,(anonymous_14)
FN:381,(anonymous_15)
FN:388,(anonymous_16)
FNF:17
FNH:0
FNDA:0,(anonymous_0)
FNDA:0,(anonymous_1)
FNDA:0,(anonymous_2)
FNDA:0,(anonymous_3)
FNDA:0,(anonymous_4)
FNDA:0,(anonymous_5)
FNDA:0,(anonymous_6)
FNDA:0,(anonymous_7)
FNDA:0,(anonymous_8)
FNDA:0,(anonymous_9)
FNDA:0,(anonymous_10)
FNDA:0,(anonymous_11)
FNDA:0,(anonymous_12)
FNDA:0,(anonymous_13)
FNDA:0,(anonymous_14)
FNDA:0,(anonymous_15)
FNDA:0,(anonymous_16)
DA:79,6
DA:80,6
DA:85,6
DA:88,0
DA:99,0
DA:100,0
DA:103,0
DA:104,0
DA:113,0
DA:114,0
DA:115,0
DA:116,0
DA:121,0
DA:124,0
DA:125,0
DA:126,0
DA:127,0
DA:130,0
DA:131,0
DA:133,0
DA:149,0
DA:150,0
DA:151,0
[...]
DA:236,0
DA:257,0
DA:262,0
DA:263,0
DA:268,0
DA:269,0
DA:270,0
DA:272,0
LF:77
LH:10
BRDA:29,0,0,0
BRDA:59,1,0,0
BRDA:62,2,0,0
BRDA:62,2,1,0
BRDA:123,3,0,0
BRDA:123,3,1,0
BRDA:124,4,0,0
BRDA:124,4,1,0
BRDA:141,5,0,0
BRDA:141,5,1,0
BRDA:153,6,0,0
BRDA:153,6,1,0
BRDA:166,7,0,0
BRDA:166,7,1,0
BRDA:179,8,0,0
BRDA:179,8,1,0
BRDA:192,9,0,0
BRDA:192,9,1,0
BRDA:193,10,0,0
BRDA:193,10,1,0
BRDA:207,11,0,0
BRDA:207,11,1,0
BRDA:217,12,0,0
BRDA:217,12,1,0
BRDA:226,13,0,0
BRDA:226,13,1,0
BRDA:235,14,0,0
BRDA:235,14,1,0
BRDA:262,15,0,0
BRDA:262,15,1,0
BRDA:270,16,0,0
BRDA:270,16,1,0
BRDA:270,16,2,0
BRDA:272,17,0,0
BRDA:272,17,1,0
BRF:35
BRH:0
end_of_record
TN:
SF:src/services/facades/mock/NotificationFacadeMock.ts
FN:9,(anonymous_0)
FN:10,(anonymous_1)
FN:15,(anonymous_2)
FN:35,(anonymous_3)
FN:52,(anonymous_4)
FN:54,(anonymous_5)
FN:71,(anonymous_6)
FN:74,(anonymous_7)
FN:87,(anonymous_8)
FN:90,(anonymous_9)
FN:99,(anonymous_10)
FNF:11
FNH:0
FNDA:0,(anonymous_0)
FNDA:0,(anonymous_1)
FNDA:0,(anonymous_2)
FNDA:0,(anonymous_3)
FNDA:0,(anonymous_4)
FNDA:0,(anonymous_5)
FNDA:0,(anonymous_6)
FNDA:0,(anonymous_7)
FNDA:0,(anonymous_8)
FNDA:0,(anonymous_9)
FNDA:0,(anonymous_10)
DA:9,5
DA:10,5
DA:15,5
DA:27,47
DA:38,0
DA:39,0
DA:40,0
DA:43,0
DA:53,0
DA:54,0
DA:55,0
DA:63,0
DA:72,0
DA:73,0
DA:74,0
DA:79,0
DA:88,0
DA:89,0
DA:90,0
DA:100,0
DA:101,0
DA:102,0
DA:105,0
LF:23
LH:4
BRDA:15,0,0,0
BRDA:39,1,0,0
BRDA:39,1,1,0
BRDA:55,2,0,0
BRDA:55,2,1,0
BRDA:101,3,0,0
BRDA:101,3,1,0
BRF:7
BRH:0
end_of_record
TN:
SF:src/services/facades/mock/PesquisaFacadeMock.ts
FN:15,(anonymous_0)
FN:42,(anonymous_1)
FN:48,(anonymous_2)
FN:56,(anonymous_3)
FN:61,(anonymous_4)
FN:73,(anonymous_5)
FN:74,(anonymous_6)
FNF:7
FNH:0
FNDA:0,(anonymous_0)
FNDA:0,(anonymous_1)
FNDA:0,(anonymous_2)
FNDA:0,(anonymous_3)
FNDA:0,(anonymous_4)
FNDA:0,(anonymous_5)
FNDA:0,(anonymous_6)
DA:15,5
DA:17,5
DA:21,5
DA:43,0
DA:44,0
DA:51,0
DA:52,0
DA:53,0
DA:55,0
DA:56,0
DA:64,0
DA:65,0
DA:73,5
DA:74,0
LF:14
LH:4
BRDA:52,0,0,0
BRDA:52,0,1,0
BRDA:52,1,0,0
BRDA:52,1,1,0
BRF:4
BRH:0
end_of_record
TN:
SF:src/services/facades/mock/RunFacadeMock.ts
FN:30,(anonymous_0)
FN:35,(anonymous_1)
FN:39,(anonymous_2)
FN:40,(anonymous_3)
FN:44,(anonymous_4)
FN:45,(anonymous_5)
FN:50,(anonymous_6)
FN:65,(anonymous_7)
FN:82,(anonymous_8)
FN:93,(anonymous_9)
FN:100,(anonymous_10)
FN:114,(anonymous_11)
FN:118,(anonymous_12)
FN:123,(anonymous_13)
FN:141,(anonymous_14)
FN:148,(anonymous_15)
FN:152,(anonymous_16)
FN:180,(anonymous_17)
FN:188,(anonymous_18)
FN:215,(anonymous_19)
FN:223,(anonymous_20)
FN:233,(anonymous_21)
FN:247,(anonymous_22)
FN:256,(anonymous_23)
FN:269,(anonymous_24)
FN:274,(anonymous_25)
FN:283,(anonymous_26)
FN:305,(anonymous_27)
FN:311,(anonymous_28)
FN:316,(anonymous_29)
FN:327,(anonymous_30)
FN:350,(anonymous_31)
FN:357,(anonymous_32)
FN:360,(anonymous_33)
FN:365,(anonymous_34)
FN:372,(anonymous_35)
FN:380,(anonymous_36)
FN:382,(anonymous_37)
FNF:38
FNH:14
FNDA:1,(anonymous_0)
FNDA:1,(anonymous_1)
FNDA:1,(anonymous_2)
FNDA:1,(anonymous_3)
FNDA:3,(anonymous_4)
FNDA:0,(anonymous_5)
FNDA:0,(anonymous_6)
FNDA:1,(anonymous_7)
FNDA:0,(anonymous_8)
FNDA:0,(anonymous_9)
FNDA:0,(anonymous_10)
FNDA:0,(anonymous_11)
FNDA:0,(anonymous_12)
FNDA:0,(anonymous_13)
FNDA:0,(anonymous_14)
FNDA:0,(anonymous_15)
FNDA:0,(anonymous_16)
FNDA:0,(anonymous_17)
FNDA:0,(anonymous_18)
FNDA:0,(anonymous_19)
FNDA:0,(anonymous_20)
FNDA:0,(anonymous_21)
FNDA:0,(anonymous_22)
FNDA:0,(anonymous_23)
FNDA:2,(anonymous_24)
FNDA:2,(anonymous_25)
FNDA:1,(anonymous_26)
FNDA:1,(anonymous_27)
FNDA:1,(anonymous_28)
FNDA:0,(anonymous_29)
FNDA:0,(anonymous_30)
FNDA:0,(anonymous_31)
FNDA:2,(anonymous_32)
FNDA:1,(anonymous_33)
FNDA:0,(anonymous_34)
FNDA:2,(anonymous_35)
FNDA:0,(anonymous_36)
FNDA:0,(anonymous_37)
DA:28,49
DA:31,1
DA:32,1
DA:36,1
DA:40,1
DA:44,6
DA:45,6
DA:50,6
DA:62,49
DA:63,49
DA:68,1
DA:69,1
DA:70,0
DA:73,1
DA:74,1
DA:75,1
DA:76,1
DA:77,1
DA:79,1
DA:86,0
DA:94,0
DA:95,0
DA:96,0
DA:99,0
DA:100,0
DA:101,0
DA:111,0
DA:112,0
DA:114,0
DA:115,0
DA:122,0
DA:123,0
DA:124,0
DA:125,0
DA:128,0
DA:141,0
DA:142,0
DA:143,0
DA:145,0
DA:149,0
DA:156,0
DA:157,0
DA:158,0
DA:161,0
DA:179,0
DA:180,0
DA:181,0
DA:183,0
DA:184,0
DA:185,0
DA:192,0
DA:193,0
DA:194,0
DA:197,0
DA:214,0
DA:215,0
DA:216,0
DA:218,0
DA:219,0
DA:220,0
DA:227,0
DA:228,0
DA:229,0
DA:232,0
DA:233,0
DA:234,0
DA:242,0
DA:244,0
DA:250,0
DA:251,0
DA:252,0
DA:255,0
DA:256,0
DA:257,0
DA:258,0
DA:260,0
DA:261,0
DA:263,0
DA:266,0
DA:272,2
DA:273,1
DA:274,2
DA:275,1
DA:284,1
DA:285,1
DA:287,1
DA:288,1
DA:289,1
DA:291,1
DA:292,1
DA:294,1
DA:309,1
DA:311,1
DA:312,1
DA:321,0
DA:322,0
DA:323,0
DA:326,0
DA:327,0
DA:328,0
DA:329,0
DA:332,0
DA:350,0
DA:351,0
DA:353,0
DA:354,0
DA:358,2
DA:360,2
DA:361,1
DA:362,1
DA:365,0
DA:366,0
DA:368,0
DA:373,2
DA:374,2
DA:375,0
DA:376,0
DA:381,0
DA:382,0
DA:383,0
DA:384,0
DA:386,0
DA:387,0
LF:123
LH:39
BRDA:31,0,0,1
BRDA:31,0,1,0
BRDA:50,1,0,0
BRDA:69,2,0,0
BRDA:69,2,1,1
BRDA:95,3,0,0
BRDA:95,3,1,0
BRDA:101,4,0,0
BRDA:101,4,1,0
BRDA:104,5,0,0
BRDA:104,5,1,0
BRDA:114,6,0,0
BRDA:114,6,1,0
BRDA:124,7,0,0
BRDA:124,7,1,0
BRDA:131,8,0,0
BRDA:131,8,1,0
BRDA:141,9,0,0
BRDA:141,9,1,0
BRDA:157,10,0,0
BRDA:157,10,1,0
BRDA:171,11,0,0
BRDA:171,11,1,0
BRDA:180,12,0,0
BRDA:180,12,1,0
BRDA:193,13,0,0
BRDA:193,13,1,0
BRDA:215,14,0,0
BRDA:215,14,1,0
BRDA:228,15,0,0
BRDA:228,15,1,0
BRDA:234,16,0,0
BRDA:234,16,1,0
BRDA:251,17,0,0
BRDA:251,17,1,0
BRDA:257,18,0,0
BRDA:257,18,1,0
BRDA:257,19,0,0
BRDA:257,19,1,0
BRDA:260,20,0,0
BRDA:260,20,1,0
BRDA:260,21,0,0
BRDA:260,21,1,0
BRDA:274,22,0,1
BRDA:274,22,1,1
BRDA:322,23,0,0
BRDA:322,23,1,0
BRDA:328,24,0,0
BRDA:328,24,1,0
BRDA:335,25,0,0
BRDA:335,25,1,0
BRDA:350,26,0,0
BRDA:350,26,1,0
BRDA:361,27,0,1
BRDA:361,27,1,0
BRDA:374,28,0,0
BRDA:374,28,1,2
BRDA:382,29,0,0
BRDA:382,29,1,0
BRDA:386,30,0,0
BRDA:386,30,1,0
BRDA:386,31,0,0
BRDA:386,31,1,0
BRF:63
BRH:6
end_of_record
TN:
SF:src/services/facades/mock/RunSimulation.ts
FN:12,(anonymous_0)
FN:39,(anonymous_1)
FN:64,(anonymous_2)
FN:70,(anonymous_3)
FN:79,(anonymous_4)
FN:88,(anonymous_5)
FN:97,(anonymous_6)
FN:98,(anonymous_7)
FNF:8
FNH:2
FNDA:1,(anonymous_0)
FNDA:1,(anonymous_1)
FNDA:0,(anonymous_2)
FNDA:0,(anonymous_3)
FNDA:0,(anonymous_4)
FNDA:0,(anonymous_5)
FNDA:0,(anonymous_6)
FNDA:0,(anonymous_7)
DA:12,6
DA:13,1
DA:14,1
DA:39,6
DA:40,1
DA:42,1
DA:64,6
DA:68,0
DA:70,0
DA:71,0
DA:77,0
DA:79,0
DA:80,0
DA:86,0
DA:88,0
DA:89,0
DA:95,0
DA:97,0
DA:98,0
LF:19
LH:7
BRF:0
BRH:0
end_of_record
TN:
SF:src/services/facades/mock/index.ts
FNF:0
FNH:0
LF:0
LH:0
BRF:0
BRH:0
end_of_record
TN:
SF:src/services/mock/data/index.ts
FNF:0
FNH:0
LF:0
LH:0
BRF:0
BRH:0
end_of_record
TN:
SF:src/services/mock/data/seedData.ts
FN:13,(anonymous_0)
FN:65,(anonymous_1)
FN:112,(anonymous_2)
FN:145,(anonymous_3)
FN:164,(anonymous_4)
FNF:5
FNH:5
FNDA:4,(anonymous_0)
FNDA:4,(anonymous_1)
FNDA:4,(anonymous_2)
FNDA:4,(anonymous_3)
FNDA:4,(anonymous_4)
DA:6,9
DA:13,9
DA:65,9
DA:112,9
DA:145,9
DA:164,9
LF:6
LH:6
BRF:0
BRH:0
end_of_record
TN:
SF:src/services/mock/data/simulation.ts
FN:23,(anonymous_0)
FN:24,(anonymous_1)
FN:34,(anonymous_2)
FN:49,(anonymous_3)
FN:64,(anonymous_4)
FN:76,(anonymous_5)
FNF:6
FNH:6
FNDA:10,(anonymous_0)
FNDA:10,(anonymous_1)
FNDA:7,(anonymous_2)
FNDA:7,(anonymous_3)
FNDA:95,(anonymous_4)
FNDA:3,(anonymous_5)
DA:11,9
DA:12,9
DA:13,9
DA:15,9
DA:23,9
DA:24,10
DA:25,10
DA:34,9
DA:35,7
DA:36,7
DA:49,9
DA:53,7
DA:54,7
DA:55,7
DA:57,7
DA:58,7
DA:59,7
DA:61,7
DA:62,7
DA:64,95
DA:65,7
DA:67,7
DA:76,9
DA:77,3
DA:78,3
LF:25
LH:25
BRDA:51,0,0,7
BRDA:53,1,0,7
BRDA:53,1,1,7
BRDA:54,2,0,7
BRDA:54,2,1,7
BRDA:55,3,0,7
BRDA:55,3,1,7
BRF:7
BRH:7
end_of_record
TN:
SF:src/services/mock/data/storage.ts
FN:31,(anonymous_0)
FN:49,(anonymous_1)
FN:72,(anonymous_2)
FN:81,(anonymous_3)
FNF:4
FNH:4
FNDA:4,(anonymous_0)
FNDA:4,(anonymous_1)
FNDA:6,(anonymous_2)
FNDA:4,(anonymous_3)
DA:14,9
DA:31,9
DA:49,9
DA:50,4
DA:51,4
DA:52,0
DA:53,0
DA:54,0
DA:57,4
DA:58,4
DA:60,0
DA:61,0
DA:62,0
DA:72,9
DA:73,6
DA:81,9
DA:82,4
DA:83,4
DA:84,4
LF:19
LH:13
BRDA:51,0,0,0
BRDA:51,0,1,4
BRF:2
BRH:1
end_of_record
TN:
SF:src/services/websocket/DespachoWebSocket.ts
FN:168,(anonymous_0)
FN:211,(anonymous_1)
FN:217,(anonymous_2)
FN:229,(anonymous_3)
FN:236,(anonymous_4)
FN:242,(anonymous_5)
FN:247,(anonymous_6)
FN:252,(anonymous_7)
FN:257,(anonymous_8)
FN:259,(anonymous_9)
FN:265,(anonymous_10)
FN:267,(anonymous_11)
FN:273,(anonymous_12)
FN:275,(anonymous_13)
FN:281,(anonymous_14)
FN:285,(anonymous_15)
FN:291,(anonymous_16)
FN:295,(anonymous_17)
FN:301,(anonymous_18)
FN:305,(anonymous_19)
FN:311,(anonymous_20)
FN:315,(anonymous_21)
FN:321,(anonymous_22)
FN:325,(anonymous_23)
FN:330,(anonymous_24)
FN:335,(anonymous_25)
FN:336,(anonymous_26)
FN:337,(anonymous_27)
FN:342,(anonymous_28)
FN:343,(anonymous_29)
FN:346,(anonymous_30)
FN:347,(anonymous_31)
FN:350,(anonymous_32)
FN:351,(anonymous_33)
FN:354,(anonymous_34)
FN:355,(anonymous_35)
FN:358,(anonymous_36)
FN:359,(anonymous_37)
FN:362,(anonymous_38)
FN:363,(anonymous_39)
FN:366,(anonymous_40)
FN:367,(anonymous_41)
FNF:42
FNH:9
FNDA:0,(anonymous_0)
FNDA:47,(anonymous_1)
FNDA:0,(anonymous_2)
FNDA:0,(anonymous_3)
FNDA:0,(anonymous_4)
FNDA:0,(anonymous_5)
FNDA:0,(anonymous_6)
FNDA:0,(anonymous_7)
FNDA:47,(anonymous_8)
FNDA:0,(anonymous_9)
FNDA:47,(anonymous_10)
FNDA:0,(anonymous_11)
FNDA:47,(anonymous_12)
FNDA:0,(anonymous_13)
FNDA:47,(anonymous_14)
FNDA:0,(anonymous_15)
FNDA:47,(anonymous_16)
FNDA:0,(anonymous_17)
FNDA:47,(anonymous_18)
FNDA:0,(anonymous_19)
FNDA:47,(anonymous_20)
FNDA:0,(anonymous_21)
FNDA:47,(anonymous_22)
FNDA:0,(anonymous_23)
FNDA:0,(anonymous_24)
FNDA:0,(anonymous_25)
FNDA:0,(anonymous_26)
FNDA:0,(anonymous_27)
FNDA:0,(anonymous_28)
FNDA:0,(anonymous_29)
FNDA:0,(anonymous_30)
FNDA:0,(anonymous_31)
FNDA:0,(anonymous_32)
FNDA:0,(anonymous_33)
FNDA:0,(anonymous_34)
FNDA:0,(anonymous_35)
FNDA:0,(anonymous_36)
FNDA:0,(anonymous_37)
FNDA:0,(anonymous_38)
FNDA:0,(anonymous_39)
FNDA:0,(anonymous_40)
FNDA:0,(anonymous_41)
DA:168,6
DA:172,0
DA:186,47
DA:187,47
DA:188,47
DA:189,47
DA:190,47
DA:191,47
DA:194,47
DA:197,47
DA:200,47
DA:203,47
DA:218,0
DA:219,0
DA:222,0
DA:223,0
DA:224,0
DA:225,0
DA:230,0
DA:231,0
DA:232,0
DA:237,0
DA:238,0
DA:243,0
DA:248,0
DA:253,0
DA:258,47
DA:259,47
DA:260,0
DA:266,47
DA:267,47
DA:268,0
DA:274,47
DA:275,47
DA:276,0
DA:284,47
DA:285,47
DA:286,0
DA:294,47
DA:295,47
DA:296,0
DA:304,47
DA:305,47
DA:306,0
DA:314,47
DA:315,47
DA:316,0
DA:324,47
DA:325,47
DA:326,0
DA:331,0
DA:332,0
DA:335,0
DA:336,0
DA:337,0
DA:338,0
DA:342,0
DA:343,0
DA:346,0
DA:347,0
DA:350,0
DA:351,0
DA:354,0
DA:355,0
DA:358,0
DA:359,0
DA:362,0
DA:363,0
DA:366,0
DA:367,0
LF:70
LH:27
BRDA:212,0,0,0
BRDA:213,1,0,47
BRDA:218,2,0,0
BRDA:218,2,1,0
BRDA:331,3,0,0
BRDA:331,3,1,0
BRF:6
BRH:1
end_of_record
TN:
SF:src/services/websocket/index.ts
FNF:0
FNH:0
LF:0
LH:0
BRF:0
BRH:0
end_of_record
TN:
SF:src/store/index.ts
FN:63,(anonymous_0)
FN:86,(anonymous_1)
FNF:2
FNH:2
FNDA:10,(anonymous_0)
FNDA:208,(anonymous_1)
DA:29,10
DA:35,10
DA:43,10
DA:61,10
DA:64,10
DA:71,10
DA:86,208
DA:91,10
LF:8
LH:8
BRF:0
BRH:0
end_of_record
TN:
SF:src/store/api/baseApi.ts
FN:62,(anonymous_0)
FN:63,(anonymous_1)
FN:72,(anonymous_2)
FN:73,(anonymous_3)
FN:83,(anonymous_4)
FN:112,(anonymous_5)
FN:219,(anonymous_6)
FNF:7
FNH:1
FNDA:0,(anonymous_0)
FNDA:0,(anonymous_1)
FNDA:0,(anonymous_2)
FNDA:0,(anonymous_3)
FNDA:0,(anonymous_4)
FNDA:0,(anonymous_5)
FNDA:10,(anonymous_6)
DA:48,10
DA:54,10
DA:55,10
DA:62,10
DA:63,0
DA:64,0
DA:72,10
DA:73,0
DA:74,0
DA:81,10
DA:84,0
DA:85,0
DA:86,0
DA:88,0
DA:89,0
DA:112,10
DA:114,0
DA:116,0
DA:117,0
DA:122,0
DA:124,0
DA:125,0
DA:126,0
DA:129,0
DA:130,0
DA:133,0
DA:135,0
DA:139,0
DA:140,0
DA:142,0
DA:143,0
DA:144,0
DA:145,0
DA:149,0
DA:157,0
DA:159,0
DA:160,0
DA:167,0
DA:168,0
DA:171,0
DA:177,0
DA:178,0
DA:181,0
DA:183,0
DA:186,0
DA:187,0
DA:189,0
DA:190,0
DA:191,0
DA:193,0
DA:215,10
DA:219,10
LF:52
LH:9
BRDA:85,0,0,0
BRDA:85,0,1,0
BRDA:116,1,0,0
BRDA:116,1,1,0
BRDA:122,2,0,0
BRDA:122,2,1,0
BRDA:125,3,0,0
BRDA:125,3,1,0
BRDA:142,4,0,0
BRDA:142,4,1,0
BRDA:157,5,0,0
BRDA:157,5,1,0
BRF:12
BRH:0
end_of_record
TN:
SF:src/store/slices/authSlice.ts
FN:37,(anonymous_0)
FN:46,(anonymous_1)
FN:53,(anonymous_2)
FN:61,(anonymous_3)
FN:69,(anonymous_4)
FN:81,(anonymous_5)
FN:88,(anonymous_6)
FNF:7
FNH:6
FNDA:10,(anonymous_0)
FNDA:4,(anonymous_1)
FNDA:8,(anonymous_2)
FNDA:0,(anonymous_3)
FNDA:2,(anonymous_4)
FNDA:2,(anonymous_5)
FNDA:2,(anonymous_6)
DA:17,11
DA:30,11
DA:38,10
DA:39,10
DA:40,10
DA:47,4
DA:54,8
DA:62,0
DA:63,0
DA:70,2
DA:71,2
DA:72,2
DA:73,2
DA:74,2
DA:75,2
DA:82,2
DA:89,2
DA:90,2
DA:96,11
LF:19
LH:17
BRF:0
BRH:0
end_of_record
TN:
SF:src/store/slices/callsSlice.ts
FN:32,(anonymous_0)
FN:39,(anonymous_1)
FN:46,(anonymous_2)
FN:55,(anonymous_3)
FN:65,(anonymous_4)
FN:72,(anonymous_5)
FN:81,(anonymous_6)
FNF:7
FNH:4
FNDA:0,(anonymous_0)
FNDA:2,(anonymous_1)
FNDA:3,(anonymous_2)
FNDA:4,(anonymous_3)
FNDA:0,(anonymous_4)
FNDA:2,(anonymous_5)
FNDA:0,(anonymous_6)
DA:14,10
DA:25,10
DA:33,0
DA:40,2
DA:47,3
DA:48,3
DA:56,4
DA:57,4
DA:58,1
DA:66,0
DA:73,2
DA:74,2
DA:75,2
DA:82,0
DA:95,10
LF:15
LH:12
BRDA:48,0,0,3
BRDA:48,0,1,0
BRDA:57,1,0,1
BRDA:57,1,1,3
BRF:4
BRH:3
end_of_record
TN:
SF:src/store/slices/chatSlice.ts
FN:46,(anonymous_0)
FN:48,(anonymous_1)
FN:59,(anonymous_2)
FN:66,(anonymous_3)
FN:76,(anonymous_4)
FN:87,(anonymous_5)
FN:91,(anonymous_6)
FN:100,(anonymous_7)
FN:107,(anonymous_8)
FN:122,(anonymous_9)
FN:129,(anonymous_10)
FN:139,(anonymous_11)
FN:146,(anonymous_12)
FNF:13
FNH:0
FNDA:0,(anonymous_0)
FNDA:0,(anonymous_1)
FNDA:0,(anonymous_2)
FNDA:0,(anonymous_3)
FNDA:0,(anonymous_4)
FNDA:0,(anonymous_5)
FNDA:0,(anonymous_6)
FNDA:0,(anonymous_7)
FNDA:0,(anonymous_8)
FNDA:0,(anonymous_9)
FNDA:0,(anonymous_10)
FNDA:0,(anonymous_11)
FNDA:0,(anonymous_12)
DA:27,10
DA:39,10
DA:47,0
DA:49,0
DA:50,0
DA:60,0
DA:70,0
DA:77,0
DA:78,0
DA:79,0
DA:81,0
DA:88,0
DA:89,0
DA:90,0
DA:91,0
DA:92,0
DA:93,0
DA:101,0
DA:115,0
DA:116,0
DA:117,0
DA:118,0
DA:119,0
DA:122,0
DA:133,0
DA:140,0
DA:147,0
DA:163,10
LF:28
LH:3
BRDA:78,0,0,0
BRDA:78,0,1,0
BRDA:90,1,0,0
BRDA:90,1,1,0
BRDA:92,2,0,0
BRDA:92,2,1,0
BRDA:116,3,0,0
BRDA:116,3,1,0
BRDA:117,4,0,0
BRDA:117,4,1,0
BRDA:118,5,0,0
BRDA:118,5,1,0
BRF:12
BRH:0
end_of_record
TN:
SF:src/store/slices/corridaSlice.ts
FN:79,(anonymous_0)
FN:86,(anonymous_1)
FN:93,(anonymous_2)
FN:103,(anonymous_3)
FN:113,(anonymous_4)
FN:120,(anonymous_5)
FN:127,(anonymous_6)
FN:134,(anonymous_7)
FN:141,(anonymous_8)
FN:148,(anonymous_9)
FN:155,(anonymous_10)
FN:163,(anonymous_11)
FN:170,(anonymous_12)
FN:177,(anonymous_13)
FN:184,(anonymous_14)
FN:194,(anonymous_15)
FNF:16
FNH:13
FNDA:10,(anonymous_0)
FNDA:0,(anonymous_1)
FNDA:1,(anonymous_2)
FNDA:1,(anonymous_3)
FNDA:1,(anonymous_4)
FNDA:0,(anonymous_5)
FNDA:4,(anonymous_6)
FNDA:3,(anonymous_7)
FNDA:5,(anonymous_8)
FNDA:11,(anonymous_9)
FNDA:2,(anonymous_10)
FNDA:7,(anonymous_11)
FNDA:1,(anonymous_12)
FNDA:12,(anonymous_13)
FNDA:1,(anonymous_14)
FNDA:0,(anonymous_15)
DA:54,10
DA:72,10
DA:80,10
DA:87,0
DA:94,1
DA:95,0
DA:96,0
DA:107,1
DA:114,1
DA:121,0
DA:128,4
DA:135,3
DA:142,5
DA:149,11
DA:156,2
DA:157,2
DA:164,7
DA:171,1
DA:178,12
DA:188,1
DA:195,0
DA:217,10
LF:22
LH:17
BRDA:94,0,0,0
BRDA:94,0,1,1
BRF:2
BRH:1
end_of_record
TN:
SF:src/store/slices/notificationsSlice.ts
FN:35,(anonymous_0)
FN:37,(anonymous_1)
FN:43,(anonymous_2)
FN:53,(anonymous_3)
FN:55,(anonymous_4)
FN:67,(anonymous_5)
FN:69,(anonymous_6)
FN:79,(anonymous_7)
FN:89,(anonymous_8)
FNF:9
FNH:0
FNDA:0,(anonymous_0)
FNDA:0,(anonymous_1)
FNDA:0,(anonymous_2)
FNDA:0,(anonymous_3)
FNDA:0,(anonymous_4)
FNDA:0,(anonymous_5)
FNDA:0,(anonymous_6)
FNDA:0,(anonymous_7)
FNDA:0,(anonymous_8)
DA:18,10
DA:28,10
DA:36,0
DA:37,0
DA:44,0
DA:45,0
DA:46,0
DA:54,0
DA:55,0
DA:57,0
DA:58,0
DA:59,0
DA:60,0
DA:68,0
DA:69,0
DA:70,0
DA:71,0
DA:73,0
DA:83,0
DA:90,0
DA:102,10
LF:21
LH:3
BRDA:45,0,0,0
BRDA:45,0,1,0
BRDA:57,1,0,0
BRDA:57,1,1,0
BRDA:57,2,0,0
BRDA:57,2,1,0
BRF:6
BRH:0
end_of_record
TN:
SF:src/store/slices/realtimeSlice.ts
FN:41,(anonymous_0)
FN:54,(anonymous_1)
FN:61,(anonymous_2)
FN:70,(anonymous_3)
FN:78,(anonymous_4)
FN:87,(anonymous_5)
FNF:6
FNH:4
FNDA:6,(anonymous_0)
FNDA:6,(anonymous_1)
FNDA:1,(anonymous_2)
FNDA:4,(anonymous_3)
FNDA:0,(anonymous_4)
FNDA:0,(anonymous_5)
DA:22,10
DA:34,10
DA:45,6
DA:46,6
DA:47,5
DA:55,6
DA:62,1
DA:63,1
DA:71,4
DA:72,4
DA:79,0
DA:80,0
DA:88,0
DA:100,10
LF:14
LH:11
BRDA:46,0,0,5
BRDA:46,0,1,1
BRDA:62,1,0,1
BRDA:62,1,1,0
BRDA:79,2,0,0
BRDA:79,2,1,0
BRF:6
BRH:3
end_of_record
TN:
SF:src/store/slices/uiSlice.ts
FN:43,(anonymous_0)
FN:50,(anonymous_1)
FN:57,(anonymous_2)
FN:64,(anonymous_3)
FN:71,(anonymous_4)
FN:78,(anonymous_5)
FN:79,(anonymous_6)
FN:85,(anonymous_7)
FNF:8
FNH:1
FNDA:0,(anonymous_0)
FNDA:0,(anonymous_1)
FNDA:0,(anonymous_2)
FNDA:0,(anonymous_3)
FNDA:6,(anonymous_4)
FNDA:0,(anonymous_5)
FNDA:0,(anonymous_6)
FNDA:0,(anonymous_7)
DA:24,10
DA:36,10
DA:44,0
DA:51,0
DA:58,0
DA:65,0
DA:72,6
DA:79,0
DA:86,0
DA:99,10
LF:10
LH:4
BRF:0
BRH:0
end_of_record
TN:
SF:src/theme/index.ts
FN:342,(anonymous_0)
FN:368,(anonymous_1)
FN:372,(anonymous_2)
FN:381,(anonymous_3)
FNF:4
FNH:4
FNDA:49,(anonymous_0)
FNDA:35,(anonymous_1)
FNDA:35,(anonymous_2)
FNDA:996,(anonymous_3)
DA:15,12
DA:88,12
DA:152,12
DA:158,12
DA:210,12
DA:239,12
DA:260,12
DA:313,12
DA:342,49
DA:355,12
DA:368,12
DA:372,35
DA:373,35
DA:381,996
LF:14
LH:14
BRDA:342,0,0,0
BRDA:370,1,0,20
BRF:2
BRH:1
end_of_record
TN:
SF:src/types/Call.ts
FNF:0
FNH:0
LF:0
LH:0
BRF:0
BRH:0
end_of_record
TN:
SF:src/types/Message.ts
FNF:0
FNH:0
LF:0
LH:0
BRF:0
BRH:0
end_of_record
TN:
SF:src/types/Run.ts
FNF:0
FNH:0
LF:0
LH:0
BRF:0
BRH:0
end_of_record
TN:
SF:src/types/User.ts
FNF:0
FNH:0
LF:0
LH:0
BRF:0
BRH:0
end_of_record
TN:
SF:src/types/cartografia.ts
FNF:0
FNH:0
LF:0
LH:0
BRF:0
BRH:0
end_of_record
TN:
SF:src/types/corrida.ts
FNF:0
FNH:0
LF:0
LH:0
BRF:0
BRH:0
end_of_record
TN:
SF:src/types/frota.ts
FNF:0
FNH:0
LF:0
LH:0
BRF:0
BRH:0
end_of_record
TN:
SF:src/types/index.ts
FNF:0
FNH:0
LF:0
LH:0
BRF:0
BRH:0
end_of_record
TN:
SF:src/types/pesquisa.ts
FNF:0
FNH:0
LF:0
LH:0
BRF:0
BRH:0
end_of_record
TN:
SF:src/types/realtime.ts
FNF:0
FNH:0
LF:0
LH:0
BRF:0
BRH:0
end_of_record
TN:
SF:src/types/servidores.ts
FNF:0
FNH:0
LF:0
LH:0
BRF:0
BRH:0
end_of_record
TN:
SF:src/utils/cpf.ts
FN:19,sanitizeCpf
FN:31,formatCpf
FN:44,maskCpf
FN:54,allSameDigit
FN:56,(anonymous_4)
FN:60,computeD1
FN:70,computeD2
FN:87,isValidCpf
FNF:8
FNH:7
FNDA:26,sanitizeCpf
FNDA:0,formatCpf
FNDA:8,maskCpf
FNDA:8,allSameDigit
FNDA:25,(anonymous_4)
FNDA:7,computeD1
FNDA:7,computeD2
FNDA:8,isValidCpf
DA:9,2
DA:10,2
DA:11,2
DA:20,26
DA:21,26
DA:32,0
DA:33,0
DA:34,0
DA:45,8
DA:46,8
DA:47,8
DA:48,8
DA:49,8
DA:50,8
DA:55,8
DA:56,25
DA:61,7
DA:62,7
DA:63,63
DA:65,7
DA:66,7
DA:71,7
DA:72,7
DA:73,70
DA:75,7
DA:76,7
DA:88,8
DA:89,8
DA:90,8
DA:91,7
DA:92,7
DA:93,7
LF:32
LH:29
BRDA:20,0,0,0
BRDA:20,0,1,26
BRDA:33,1,0,0
BRDA:33,1,1,0
BRDA:47,2,0,0
BRDA:47,2,1,8
BRDA:48,3,0,0
BRDA:48,3,1,8
BRDA:49,4,0,0
BRDA:49,4,1,8
BRDA:55,5,0,0
BRDA:55,5,1,8
BRDA:66,6,0,0
BRDA:66,6,1,7
BRDA:76,7,0,0
BRDA:76,7,1,7
BRDA:89,8,0,0
BRDA:89,8,1,8
BRDA:90,9,0,1
BRDA:90,9,1,7
BRDA:93,10,0,7
BRDA:93,10,1,7
BRF:22
BRH:12
end_of_record
TN:
SF:src/utils/formatDuration.ts
FN:11,(anonymous_0)
FNF:1
FNH:1
FNDA:3,(anonymous_0)
DA:11,2
DA:12,3
DA:13,3
DA:14,3
DA:15,3
LF:5
LH:5
BRF:0
BRH:0
end_of_record
TN:
SF:src/utils/logger.ts
FN:16,(anonymous_0)
FN:17,(anonymous_1)
FN:38,(anonymous_2)
FN:39,(anonymous_3)
FN:40,(anonymous_4)
FN:41,(anonymous_5)
FNF:6
FNH:1
FNDA:1,(anonymous_0)
FNDA:0,(anonymous_1)
FNDA:0,(anonymous_2)
FNDA:0,(anonymous_3)
FNDA:0,(anonymous_4)
FNDA:0,(anonymous_5)
DA:16,1
DA:17,1
DA:18,0
DA:20,0
DA:21,0
DA:23,0
DA:24,0
DA:26,0
DA:27,0
DA:29,0
DA:30,0
DA:32,0
DA:33,0
DA:37,1
DA:38,0
DA:39,0
DA:40,0
DA:41,0
DA:45,1
LF:19
LH:4
BRDA:18,0,0,0
BRDA:18,0,1,0
BRDA:18,1,0,0
BRDA:18,1,1,0
BRDA:21,2,0,0
BRDA:21,2,1,0
BRDA:21,2,2,0
BRDA:21,2,3,0
BRDA:23,3,0,0
BRDA:23,3,1,0
BRDA:26,4,0,0
BRDA:26,4,1,0
BRDA:29,5,0,0
BRDA:29,5,1,0
BRDA:32,6,0,0
BRDA:32,6,1,0
BRF:16
BRH:0
end_of_record
